#
# There is insufficient memory for the Java Runtime Environment to continue.
# Native memory allocation (malloc) failed to allocate 1553392 bytes. Error detail: Chunk::new
# Possible reasons:
#   The system is out of physical RAM or swap space
#   This process is running with CompressedOops enabled, and the Java Heap may be blocking the growth of the native heap
# Possible solutions:
#   Reduce memory load on the system
#   Increase physical memory or swap space
#   Check if swap backing store is full
#   Decrease Java heap size (-Xmx/-Xms)
#   Decrease number of Java threads
#   Decrease Java thread stack sizes (-Xss)
#   Set larger code cache with -XX:ReservedCodeCacheSize=
#   JVM is running with Unscaled Compressed Oops mode in which the Java heap is
#     placed in the first 4GB address space. The Java Heap base address is the
#     maximum limit for the native heap growth. Please use -XX:HeapBaseMinAddress
#     to set the Java Heap base and to place the Java Heap above 4GB virtual address.
# This output file may be truncated or incomplete.
#
#  Out of Memory Error (arena.cpp:168), pid=13404, tid=19388
#
# JRE version: OpenJDK Runtime Environment Temurin-21.0.10+7 (21.0.10+7) (build 21.0.10+7-LTS)
# Java VM: OpenJDK 64-Bit Server VM Temurin-21.0.10+7 (21.0.10+7-LTS, mixed mode, sharing, tiered, compressed oops, compressed class ptrs, parallel gc, windows-amd64)
# No core dump will be written. Minidumps are not enabled by default on client versions of Windows
#

---------------  S U M M A R Y ------------

Command Line: --add-modules=ALL-SYSTEM --add-opens=java.base/java.util=ALL-UNNAMED --add-opens=java.base/java.lang=ALL-UNNAMED --add-opens=java.base/sun.nio.fs=ALL-UNNAMED -Declipse.application=org.eclipse.jdt.ls.core.id1 -Dosgi.bundles.defaultStartLevel=4 -Declipse.product=org.eclipse.jdt.ls.core.product -Djava.import.generatesMetadataFilesAtProjectRoot=false -DDetectVMInstallationsJob.disabled=true -Dfile.encoding=utf8 -XX:+UseParallelGC -XX:GCTimeRatio=4 -XX:AdaptiveSizePolicyWeight=90 -Dsun.zip.disableMemoryMapping=true -Xmx2G -Xms100m -Xlog:disable -javaagent:c:\Users\prith\.vscode\extensions\redhat.java-1.53.0-win32-x64\lombok\lombok-1.18.39-4050.jar -XX:+HeapDumpOnOutOfMemoryError -XX:HeapDumpPath=c:\Users\prith\AppData\Roaming\Code\User\workspaceStorage\f6ae1ae6b6b1b25ef70508220a47b730\redhat.java -Daether.dependencyCollector.impl=bf c:\Users\prith\.vscode\extensions\redhat.java-1.53.0-win32-x64\server\plugins\org.eclipse.equinox.launcher_1.7.100.v20251111-0406.jar -configuration c:\Users\prith\AppData\Roaming\Code\User\globalStorage\redhat.java\1.53.0\config_win -data c:\Users\prith\AppData\Roaming\Code\User\workspaceStorage\f6ae1ae6b6b1b25ef70508220a47b730\redhat.java\jdt_ws --pipe=\\.\pipe\lsp-1c2f27dafdf804d813a89bbbbe71b3c3-sock

Host: 13th Gen Intel(R) Core(TM) i5-13420H, 12 cores, 15G,  Windows 11 , 64 bit Build 26100 (10.0.26100.6725)
Time: Fri Mar 13 22:56:51 2026 India Standard Time elapsed time: 20.293235 seconds (0d 0h 0m 20s)

---------------  T H R E A D  ---------------

Current thread (0x000001dbd80010e0):  JavaThread "C2 CompilerThread1" daemon [_thread_in_native, id=19388, stack(0x0000006db2600000,0x0000006db2700000) (1024K)]


Current CompileTask:
C2:20293 7342       4       java.io.ObjectInputStream::readClassDesc (121 bytes)

Stack: [0x0000006db2600000,0x0000006db2700000]
Native frames: (J=compiled Java code, j=interpreted, Vv=VM code, C=native code)
V  [jvm.dll+0x6d7a39]
V  [jvm.dll+0x8b4b26]
V  [jvm.dll+0x8b70de]
V  [jvm.dll+0x8b77c3]
V  [jvm.dll+0x284346]
V  [jvm.dll+0xc66ed]
V  [jvm.dll+0xc6c31]
V  [jvm.dll+0x3bec3b]
V  [jvm.dll+0x38b162]
V  [jvm.dll+0x38a5aa]
V  [jvm.dll+0x24c560]
V  [jvm.dll+0x24bb40]
V  [jvm.dll+0x1cb34e]
V  [jvm.dll+0x25b85d]
V  [jvm.dll+0x259dea]
V  [jvm.dll+0x3f857e]
V  [jvm.dll+0x85f59d]
V  [jvm.dll+0x6d626d]
C  [ucrtbase.dll+0x37b0]
C  [KERNEL32.DLL+0x2e8d7]
C  [ntdll.dll+0x8c53c]


---------------  P R O C E S S  ---------------

Threads class SMR info:
_java_thread_list=0x000001dbd6ac31c0, length=53, elements={
0x000001dbf4e7d080, 0x000001dbf735c9f0, 0x000001dbf7452fb0, 0x000001dbf7456f20,
0x000001dbf7457b80, 0x000001dbf74587e0, 0x000001dbf745b250, 0x000001dbf745c090,
0x000001dbf7468a50, 0x000001dbd030fc60, 0x000001dbd0455050, 0x000001dbd14eada0,
0x000001dbd18bf160, 0x000001dbd6080750, 0x000001dbd6080dc0, 0x000001dbd66ece00,
0x000001dbd64e68e0, 0x000001dbd65e11b0, 0x000001dbd64d0a00, 0x000001dbd64d1db0,
0x000001dbd64d37f0, 0x000001dbd64d1090, 0x000001dbd64d2ad0, 0x000001dbd64d3160,
0x000001dbd64d3e80, 0x000001dbd858e980, 0x000001dbd858f010, 0x000001dbd858f6a0,
0x000001dbd858d5d0, 0x000001dbd858fd30, 0x000001dbd858c8b0, 0x000001dbd858e2f0,
0x000001dbd858cf40, 0x000001dbd858dc60, 0x000001dbd7e80370, 0x000001dbd7e7fce0,
0x000001dbd7e7cef0, 0x000001dbd7e80a00, 0x000001dbd7e7d580, 0x000001dbd7e7efc0,
0x000001dbd7e7dc10, 0x000001dbd7e81090, 0x000001dbd7e7e2a0, 0x000001dbd7e7f650,
0x000001dbd7e837f0, 0x000001dbd16786e0, 0x000001dbd1676610, 0x000001dbd1676ca0,
0x000001dbd1677330, 0x000001dbd1675f80, 0x000001dbd1678d70, 0x000001dbd9e0b350,
0x000001dbd80010e0
}

Java Threads: ( => current thread )
  0x000001dbf4e7d080 JavaThread "main"                              [_thread_blocked, id=18116, stack(0x0000006db0500000,0x0000006db0600000) (1024K)]
  0x000001dbf735c9f0 JavaThread "Reference Handler"          daemon [_thread_blocked, id=11572, stack(0x0000006db0900000,0x0000006db0a00000) (1024K)]
  0x000001dbf7452fb0 JavaThread "Finalizer"                  daemon [_thread_blocked, id=19528, stack(0x0000006db0a00000,0x0000006db0b00000) (1024K)]
  0x000001dbf7456f20 JavaThread "Signal Dispatcher"          daemon [_thread_blocked, id=2796, stack(0x0000006db0b00000,0x0000006db0c00000) (1024K)]
  0x000001dbf7457b80 JavaThread "Attach Listener"            daemon [_thread_blocked, id=12832, stack(0x0000006db0c00000,0x0000006db0d00000) (1024K)]
  0x000001dbf74587e0 JavaThread "Service Thread"             daemon [_thread_blocked, id=19856, stack(0x0000006db0d00000,0x0000006db0e00000) (1024K)]
  0x000001dbf745b250 JavaThread "Monitor Deflation Thread"   daemon [_thread_blocked, id=19532, stack(0x0000006db0e00000,0x0000006db0f00000) (1024K)]
  0x000001dbf745c090 JavaThread "C2 CompilerThread0"         daemon [_thread_blocked, id=21460, stack(0x0000006db0f00000,0x0000006db1000000) (1024K)]
  0x000001dbf7468a50 JavaThread "C1 CompilerThread0"         daemon [_thread_blocked, id=4996, stack(0x0000006db1000000,0x0000006db1100000) (1024K)]
  0x000001dbd030fc60 JavaThread "Common-Cleaner"             daemon [_thread_blocked, id=12428, stack(0x0000006db1100000,0x0000006db1200000) (1024K)]
  0x000001dbd0455050 JavaThread "Notification Thread"        daemon [_thread_blocked, id=19268, stack(0x0000006db1200000,0x0000006db1300000) (1024K)]
  0x000001dbd14eada0 JavaThread "Active Thread: Equinox Container: 3aef03bd-c41a-4f7c-bf95-66fe4966f06a"        [_thread_blocked, id=14036, stack(0x0000006db1a00000,0x0000006db1b00000) (1024K)]
  0x000001dbd18bf160 JavaThread "Refresh Thread: Equinox Container: 3aef03bd-c41a-4f7c-bf95-66fe4966f06a" daemon [_thread_blocked, id=18096, stack(0x0000006db1c00000,0x0000006db1d00000) (1024K)]
  0x000001dbd6080750 JavaThread "Framework Event Dispatcher: Equinox Container: 3aef03bd-c41a-4f7c-bf95-66fe4966f06a" daemon [_thread_blocked, id=6796, stack(0x0000006db1d00000,0x0000006db1e00000) (1024K)]
  0x000001dbd6080dc0 JavaThread "Start Level: Equinox Container: 3aef03bd-c41a-4f7c-bf95-66fe4966f06a" daemon [_thread_blocked, id=15260, stack(0x0000006db1e00000,0x0000006db1f00000) (1024K)]
  0x000001dbd66ece00 JavaThread "Bundle File Closer"         daemon [_thread_blocked, id=18896, stack(0x0000006db2200000,0x0000006db2300000) (1024K)]
  0x000001dbd64e68e0 JavaThread "SCR Component Actor"        daemon [_thread_blocked, id=7972, stack(0x0000006db2300000,0x0000006db2400000) (1024K)]
  0x000001dbd65e11b0 JavaThread "Worker-JM"                         [_thread_blocked, id=2312, stack(0x0000006db1f00000,0x0000006db2000000) (1024K)]
  0x000001dbd64d0a00 JavaThread "JNA Cleaner"                daemon [_thread_blocked, id=2392, stack(0x0000006db1900000,0x0000006db1a00000) (1024K)]
  0x000001dbd64d1db0 JavaThread "Worker-0"                          [_thread_blocked, id=15520, stack(0x0000006db2400000,0x0000006db2500000) (1024K)]
  0x000001dbd64d37f0 JavaThread "Worker-1"                          [_thread_blocked, id=15828, stack(0x0000006db2500000,0x0000006db2600000) (1024K)]
  0x000001dbd64d1090 JavaThread "Java indexing"              daemon [_thread_blocked, id=16248, stack(0x0000006db2800000,0x0000006db2900000) (1024K)]
  0x000001dbd64d2ad0 JavaThread "Worker-2"                          [_thread_blocked, id=20356, stack(0x0000006db2900000,0x0000006db2a00000) (1024K)]
  0x000001dbd64d3160 JavaThread "Worker-3: Initialize Workspace"        [_thread_blocked, id=17616, stack(0x0000006db2c00000,0x0000006db2d00000) (1024K)]
  0x000001dbd64d3e80 JavaThread "Worker-4"                          [_thread_blocked, id=7708, stack(0x0000006db2d00000,0x0000006db2e00000) (1024K)]
  0x000001dbd858e980 JavaThread "Worker-5: Synchronize Gradle projects with workspace"        [_thread_blocked, id=18392, stack(0x0000006db2e00000,0x0000006db2f00000) (1024K)]
  0x000001dbd858f010 JavaThread "Thread-1"                   daemon [_thread_in_native, id=20716, stack(0x0000006db2f00000,0x0000006db3000000) (1024K)]
  0x000001dbd858f6a0 JavaThread "Thread-2"                   daemon [_thread_in_native, id=17840, stack(0x0000006db3000000,0x0000006db3100000) (1024K)]
  0x000001dbd858d5d0 JavaThread "Thread-3"                   daemon [_thread_in_native, id=20872, stack(0x0000006db3100000,0x0000006db3200000) (1024K)]
  0x000001dbd858fd30 JavaThread "Thread-4"                   daemon [_thread_in_native, id=12392, stack(0x0000006db3200000,0x0000006db3300000) (1024K)]
  0x000001dbd858c8b0 JavaThread "Thread-5"                   daemon [_thread_in_native, id=19400, stack(0x0000006db3300000,0x0000006db3400000) (1024K)]
  0x000001dbd858e2f0 JavaThread "Thread-6"                   daemon [_thread_in_native, id=15416, stack(0x0000006db3400000,0x0000006db3500000) (1024K)]
  0x000001dbd858cf40 JavaThread "Thread-7"                   daemon [_thread_in_native, id=18660, stack(0x0000006db3500000,0x0000006db3600000) (1024K)]
  0x000001dbd858dc60 JavaThread "Thread-8"                   daemon [_thread_in_native, id=4484, stack(0x0000006db3600000,0x0000006db3700000) (1024K)]
  0x000001dbd7e80370 JavaThread "Thread-9"                   daemon [_thread_in_native, id=21304, stack(0x0000006db3700000,0x0000006db3800000) (1024K)]
  0x000001dbd7e7fce0 JavaThread "Thread-10"                  daemon [_thread_in_native, id=13864, stack(0x0000006db3800000,0x0000006db3900000) (1024K)]
  0x000001dbd7e7cef0 JavaThread "Thread-11"                  daemon [_thread_in_native, id=20008, stack(0x0000006db3900000,0x0000006db3a00000) (1024K)]
  0x000001dbd7e80a00 JavaThread "Thread-12"                  daemon [_thread_in_native, id=16004, stack(0x0000006db3a00000,0x0000006db3b00000) (1024K)]
  0x000001dbd7e7d580 JavaThread "Thread-13"                  daemon [_thread_in_native, id=15556, stack(0x0000006db3b00000,0x0000006db3c00000) (1024K)]
  0x000001dbd7e7efc0 JavaThread "pool-2-thread-1"                   [_thread_blocked, id=10652, stack(0x0000006db3c00000,0x0000006db3d00000) (1024K)]
  0x000001dbd7e7dc10 JavaThread "Timer-0"                           [_thread_blocked, id=19504, stack(0x0000006db3d00000,0x0000006db3e00000) (1024K)]
  0x000001dbd7e81090 JavaThread "Timer-1"                           [_thread_blocked, id=19352, stack(0x0000006db3e00000,0x0000006db3f00000) (1024K)]
  0x000001dbd7e7e2a0 JavaThread "WorkspaceEventsHandler"            [_thread_blocked, id=12528, stack(0x0000006db4000000,0x0000006db4100000) (1024K)]
  0x000001dbd7e7f650 JavaThread "pool-1-thread-1"                   [_thread_blocked, id=16232, stack(0x0000006db4100000,0x0000006db4200000) (1024K)]
  0x000001dbd7e837f0 JavaThread "Timer-2"                           [_thread_blocked, id=3500, stack(0x0000006db4200000,0x0000006db4300000) (1024K)]
  0x000001dbd16786e0 JavaThread "Timer-3"                           [_thread_blocked, id=2524, stack(0x0000006db3f00000,0x0000006db4000000) (1024K)]
  0x000001dbd1676610 JavaThread "Timer-4"                           [_thread_blocked, id=12944, stack(0x0000006db4300000,0x0000006db4400000) (1024K)]
  0x000001dbd1676ca0 JavaThread "Timer-5"                           [_thread_blocked, id=20144, stack(0x0000006db4400000,0x0000006db4500000) (1024K)]
  0x000001dbd1677330 JavaThread "Timer-6"                           [_thread_blocked, id=17404, stack(0x0000006db4500000,0x0000006db4600000) (1024K)]
  0x000001dbd1675f80 JavaThread "Timer-7"                           [_thread_blocked, id=13656, stack(0x0000006db4600000,0x0000006db4700000) (1024K)]
  0x000001dbd1678d70 JavaThread "Connection worker"                 [_thread_in_native, id=3292, stack(0x0000006db4700000,0x0000006db4800000) (1024K)]
  0x000001dbd9e0b350 JavaThread "pool-3-thread-1"                   [_thread_blocked, id=17516, stack(0x0000006db2700000,0x0000006db2800000) (1024K)]
=>0x000001dbd80010e0 JavaThread "C2 CompilerThread1"         daemon [_thread_in_native, id=19388, stack(0x0000006db2600000,0x0000006db2700000) (1024K)]
Total: 53

Other Threads:
  0x000001dbd0130d70 VMThread "VM Thread"                           [id=21452, stack(0x0000006db0800000,0x0000006db0900000) (1024K)]
  0x000001dbf723ca00 WatcherThread "VM Periodic Task Thread"        [id=11812, stack(0x0000006db0700000,0x0000006db0800000) (1024K)]
  0x000001dbf73cd830 WorkerThread "GC Thread#0"                     [id=15792, stack(0x0000006db0600000,0x0000006db0700000) (1024K)]
  0x000001dbd11d8870 WorkerThread "GC Thread#1"                     [id=12492, stack(0x0000006db1300000,0x0000006db1400000) (1024K)]
  0x000001dbd11d7f10 WorkerThread "GC Thread#2"                     [id=20156, stack(0x0000006db1400000,0x0000006db1500000) (1024K)]
  0x000001dbd146c0e0 WorkerThread "GC Thread#3"                     [id=8848, stack(0x0000006db1500000,0x0000006db1600000) (1024K)]
  0x000001dbd146c490 WorkerThread "GC Thread#4"                     [id=16036, stack(0x0000006db1600000,0x0000006db1700000) (1024K)]
  0x000001dbd16b12f0 WorkerThread "GC Thread#5"                     [id=1432, stack(0x0000006db1700000,0x0000006db1800000) (1024K)]
  0x000001dbd16b16a0 WorkerThread "GC Thread#6"                     [id=9316, stack(0x0000006db1800000,0x0000006db1900000) (1024K)]
  0x000001dbd18c0cb0 WorkerThread "GC Thread#7"                     [id=4844, stack(0x0000006db1b00000,0x0000006db1c00000) (1024K)]
  0x000001dbd6722c10 WorkerThread "GC Thread#8"                     [id=5704, stack(0x0000006db2000000,0x0000006db2100000) (1024K)]
  0x000001dbd617bc60 WorkerThread "GC Thread#9"                     [id=16812, stack(0x0000006db2100000,0x0000006db2200000) (1024K)]
Total: 12

Threads with active compile tasks:
C2 CompilerThread1  20333 7342       4       java.io.ObjectInputStream::readClassDesc (121 bytes)
Total: 1

VM state: not at safepoint (normal execution)

VM Mutex/Monitor currently owned by a thread: None

Heap address: 0x0000000080000000, size: 2048 MB, Compressed Oops mode: 32-bit

CDS archive(s) mapped at: [0x000001db8f000000-0x000001db8fba0000-0x000001db8fba0000), size 12189696, SharedBaseAddress: 0x000001db8f000000, ArchiveRelocationMode: 1.
Compressed class space mapped at: 0x000001db90000000-0x000001dbd0000000, reserved size: 1073741824
Narrow klass base: 0x000001db8f000000, Narrow klass shift: 0, Narrow klass range: 0x100000000

GC Precious Log:
 CardTable entry size: 512
 CPUs: 12 total, 12 available
 Memory: 16024M
 Large Page Support: Disabled
 NUMA Support: Disabled
 Compressed Oops: Enabled (32-bit)
 Alignments: Space 512K, Generation 512K, Heap 2M
 Heap Min Capacity: 100M
 Heap Initial Capacity: 100M
 Heap Max Capacity: 2G
 Pre-touch: Disabled
 Parallel Workers: 10

Heap:
 PSYoungGen      total 20992K, used 13117K [0x00000000d5580000, 0x00000000d6d00000, 0x0000000100000000)
  eden space 19968K, 60% used [0x00000000d5580000,0x00000000d61535d0,0x00000000d6900000)
  from space 1024K, 98% used [0x00000000d6900000,0x00000000d69fc020,0x00000000d6a00000)
  to   space 2048K, 0% used [0x00000000d6b00000,0x00000000d6b00000,0x00000000d6d00000)
 ParOldGen       total 68608K, used 40795K [0x0000000080000000, 0x0000000084300000, 0x00000000d5580000)
  object space 68608K, 59% used [0x0000000080000000,0x00000000827d6fc8,0x0000000084300000)
 Metaspace       used 63338K, committed 64768K, reserved 1114112K
  class space    used 8073K, committed 8704K, reserved 1048576K

Card table byte_map: [0x000001dbf6d50000,0x000001dbf7160000] _byte_map_base: 0x000001dbf6950000

Marking Bits: (ParMarkBitMap*) 0x00007ffc1c243450
 Begin Bits: [0x000001dbfa860000, 0x000001dbfc860000)
 End Bits:   [0x000001dbfc860000, 0x000001dbfe860000)

Polling page: 0x000001dbf5100000

Metaspace:

Usage:
  Non-class:     53.97 MB used.
      Class:      7.88 MB used.
       Both:     61.85 MB used.

Virtual space:
  Non-class space:       64.00 MB reserved,      54.75 MB ( 86%) committed,  1 nodes.
      Class space:        1.00 GB reserved,       8.50 MB ( <1%) committed,  1 nodes.
             Both:        1.06 GB reserved,      63.25 MB (  6%) committed. 

Chunk freelists:
   Non-Class:  9.00 MB
       Class:  7.51 MB
        Both:  16.51 MB

MaxMetaspaceSize: unlimited
CompressedClassSpaceSize: 1.00 GB
Initial GC threshold: 21.00 MB
Current GC threshold: 97.31 MB
CDS: on
 - commit_granule_bytes: 65536.
 - commit_granule_words: 8192.
 - virtual_space_node_default_size: 8388608.
 - enlarge_chunks_in_place: 1.
 - use_allocation_guard: 0.


Internal statistics:

num_allocs_failed_limit: 9.
num_arena_births: 1242.
num_arena_deaths: 22.
num_vsnodes_births: 2.
num_vsnodes_deaths: 0.
num_space_committed: 1012.
num_space_uncommitted: 0.
num_chunks_returned_to_freelist: 32.
num_chunks_taken_from_freelist: 4119.
num_chunk_merges: 12.
num_chunk_splits: 2580.
num_chunks_enlarged: 1512.
num_inconsistent_stats: 0.

CodeHeap 'non-profiled nmethods': size=120000Kb used=4578Kb max_used=4578Kb free=115421Kb
 bounds [0x000001db87ad0000, 0x000001db87f50000, 0x000001db8f000000]
CodeHeap 'profiled nmethods': size=120000Kb used=13352Kb max_used=13352Kb free=106647Kb
 bounds [0x000001db80000000, 0x000001db80d10000, 0x000001db87530000]
CodeHeap 'non-nmethods': size=5760Kb used=1390Kb max_used=1446Kb free=4369Kb
 bounds [0x000001db87530000, 0x000001db877a0000, 0x000001db87ad0000]
CodeCache: size=245760Kb, used=19320Kb, max_used=19376Kb, free=226437Kb
 total_blobs=7374, nmethods=6681, adapters=599, full_count=0
Compilation: enabled, stopped_count=0, restarted_count=0

Compilation events (20 events):
Event: 18.115 Thread 0x000001dbf7468a50 7392       3       java.nio.MappedByteBuffer::flip (7 bytes)
Event: 18.116 Thread 0x000001dbf7468a50 nmethod 7392 0x000001db80d05590 code [0x000001db80d05740, 0x000001db80d05920]
Event: 18.118 Thread 0x000001dbf7468a50 7393   !   3       sun.nio.ch.SelectorImpl::lockAndDoSelect (87 bytes)
Event: 18.119 Thread 0x000001dbf7468a50 nmethod 7393 0x000001db80d05a10 code [0x000001db80d05c40, 0x000001db80d06330]
Event: 18.119 Thread 0x000001dbf7468a50 7394   !   3       sun.nio.ch.SocketChannelImpl::read (318 bytes)
Event: 18.122 Thread 0x000001dbf7468a50 nmethod 7394 0x000001db80d06810 code [0x000001db80d06ce0, 0x000001db80d091d8]
Event: 18.123 Thread 0x000001dbd8001e80 7374       4       java.io.ObjectStreamField::<init> (231 bytes)
Event: 18.136 Thread 0x000001dbd8001e80 nmethod 7374 0x000001db87f3b610 code [0x000001db87f3b7c0, 0x000001db87f3ba00]
Event: 18.136 Thread 0x000001dbd8001e80 7388       4       java.io.ObjectInputStream$BlockDataInputStream::readShort (73 bytes)
Event: 18.164 Thread 0x000001dbd8001e80 nmethod 7388 0x000001db87f3bc10 code [0x000001db87f3be20, 0x000001db87f3c778]
Event: 18.164 Thread 0x000001dbd8001e80 7395   !   4       java.io.ObjectInputStream::readObject0 (681 bytes)
Event: 18.195 Thread 0x000001dbd8001e80 nmethod 7395 0x000001db87f3cf10 code [0x000001db87f3d1a0, 0x000001db87f3df80]
Event: 18.195 Thread 0x000001dbd8001e80 7396       4       java.io.ObjectInputStream$HandleTable::markDependency (175 bytes)
Event: 18.197 Thread 0x000001dbd8001e80 nmethod 7396 0x000001db87f3e990 code [0x000001db87f3eb20, 0x000001db87f3ecc8]
Event: 18.198 Thread 0x000001dbd8001e80 7373       4       java.lang.reflect.Constructor::newInstanceWithCaller (51 bytes)
Event: 18.200 Thread 0x000001dbd8001e80 nmethod 7373 0x000001db87f3ee10 code [0x000001db87f3efc0, 0x000001db87f3f0f0]
Event: 18.200 Thread 0x000001dbd8001e80 7360       4       org.gradle.internal.operations.OperationIdentifier::hashCode (14 bytes)
Event: 18.201 Thread 0x000001dbd8001e80 nmethod 7360 0x000001db87f3f210 code [0x000001db87f3f3a0, 0x000001db87f3f438]
Event: 18.392 Thread 0x000001dbd8001e80 7397       4       java.lang.AbstractStringBuilder::append (67 bytes)
Event: 18.525 Thread 0x000001dbf7468a50 7399       3       java.util.concurrent.ScheduledThreadPoolExecutor::canRunInCurrentRunState (61 bytes)

GC Heap History (20 events):
Event: 15.035 GC heap before
{Heap before GC invocations=35 (full 3):
 PSYoungGen      total 20992K, used 20581K [0x00000000d5580000, 0x00000000d6b00000, 0x0000000100000000)
  eden space 19968K, 100% used [0x00000000d5580000,0x00000000d6900000,0x00000000d6900000)
  from space 1024K, 59% used [0x00000000d6980000,0x00000000d6a194d0,0x00000000d6a80000)
  to   space 512K, 0% used [0x00000000d6a80000,0x00000000d6a80000,0x00000000d6b00000)
 ParOldGen       total 68608K, used 39151K [0x0000000080000000, 0x0000000084300000, 0x00000000d5580000)
  object space 68608K, 57% used [0x0000000080000000,0x000000008263bd30,0x0000000084300000)
 Metaspace       used 60143K, committed 61504K, reserved 1114112K
  class space    used 7618K, committed 8192K, reserved 1048576K
}
Event: 15.037 GC heap after
{Heap after GC invocations=35 (full 3):
 PSYoungGen      total 20480K, used 490K [0x00000000d5580000, 0x00000000d6c00000, 0x0000000100000000)
  eden space 19968K, 0% used [0x00000000d5580000,0x00000000d5580000,0x00000000d6900000)
  from space 512K, 95% used [0x00000000d6a80000,0x00000000d6afa800,0x00000000d6b00000)
  to   space 1536K, 0% used [0x00000000d6900000,0x00000000d6900000,0x00000000d6a80000)
 ParOldGen       total 68608K, used 39828K [0x0000000080000000, 0x0000000084300000, 0x00000000d5580000)
  object space 68608K, 58% used [0x0000000080000000,0x00000000826e5160,0x0000000084300000)
 Metaspace       used 60143K, committed 61504K, reserved 1114112K
  class space    used 7618K, committed 8192K, reserved 1048576K
}
Event: 15.256 GC heap before
{Heap before GC invocations=36 (full 3):
 PSYoungGen      total 20480K, used 20458K [0x00000000d5580000, 0x00000000d6c00000, 0x0000000100000000)
  eden space 19968K, 100% used [0x00000000d5580000,0x00000000d6900000,0x00000000d6900000)
  from space 512K, 95% used [0x00000000d6a80000,0x00000000d6afa800,0x00000000d6b00000)
  to   space 1536K, 0% used [0x00000000d6900000,0x00000000d6900000,0x00000000d6a80000)
 ParOldGen       total 68608K, used 39828K [0x0000000080000000, 0x0000000084300000, 0x00000000d5580000)
  object space 68608K, 58% used [0x0000000080000000,0x00000000826e5160,0x0000000084300000)
 Metaspace       used 60145K, committed 61504K, reserved 1114112K
  class space    used 7618K, committed 8192K, reserved 1048576K
}
Event: 15.257 GC heap after
{Heap after GC invocations=36 (full 3):
 PSYoungGen      total 20992K, used 887K [0x00000000d5580000, 0x00000000d6b00000, 0x0000000100000000)
  eden space 19968K, 0% used [0x00000000d5580000,0x00000000d5580000,0x00000000d6900000)
  from space 1024K, 86% used [0x00000000d6900000,0x00000000d69ddcf8,0x00000000d6a00000)
  to   space 1024K, 0% used [0x00000000d6a00000,0x00000000d6a00000,0x00000000d6b00000)
 ParOldGen       total 68608K, used 40012K [0x0000000080000000, 0x0000000084300000, 0x00000000d5580000)
  object space 68608K, 58% used [0x0000000080000000,0x0000000082713160,0x0000000084300000)
 Metaspace       used 60145K, committed 61504K, reserved 1114112K
  class space    used 7618K, committed 8192K, reserved 1048576K
}
Event: 15.490 GC heap before
{Heap before GC invocations=37 (full 3):
 PSYoungGen      total 20992K, used 20855K [0x00000000d5580000, 0x00000000d6b00000, 0x0000000100000000)
  eden space 19968K, 100% used [0x00000000d5580000,0x00000000d6900000,0x00000000d6900000)
  from space 1024K, 86% used [0x00000000d6900000,0x00000000d69ddcf8,0x00000000d6a00000)
  to   space 1024K, 0% used [0x00000000d6a00000,0x00000000d6a00000,0x00000000d6b00000)
 ParOldGen       total 68608K, used 40012K [0x0000000080000000, 0x0000000084300000, 0x00000000d5580000)
  object space 68608K, 58% used [0x0000000080000000,0x0000000082713160,0x0000000084300000)
 Metaspace       used 60145K, committed 61504K, reserved 1114112K
  class space    used 7618K, committed 8192K, reserved 1048576K
}
Event: 15.491 GC heap after
{Heap after GC invocations=37 (full 3):
 PSYoungGen      total 20992K, used 503K [0x00000000d5580000, 0x00000000d6b00000, 0x0000000100000000)
  eden space 19968K, 0% used [0x00000000d5580000,0x00000000d5580000,0x00000000d6900000)
  from space 1024K, 49% used [0x00000000d6a00000,0x00000000d6a7dd70,0x00000000d6b00000)
  to   space 1024K, 0% used [0x00000000d6900000,0x00000000d6900000,0x00000000d6a00000)
 ParOldGen       total 68608K, used 40076K [0x0000000080000000, 0x0000000084300000, 0x00000000d5580000)
  object space 68608K, 58% used [0x0000000080000000,0x0000000082723160,0x0000000084300000)
 Metaspace       used 60145K, committed 61504K, reserved 1114112K
  class space    used 7618K, committed 8192K, reserved 1048576K
}
Event: 15.727 GC heap before
{Heap before GC invocations=38 (full 3):
 PSYoungGen      total 20992K, used 20471K [0x00000000d5580000, 0x00000000d6b00000, 0x0000000100000000)
  eden space 19968K, 100% used [0x00000000d5580000,0x00000000d6900000,0x00000000d6900000)
  from space 1024K, 49% used [0x00000000d6a00000,0x00000000d6a7dd70,0x00000000d6b00000)
  to   space 1024K, 0% used [0x00000000d6900000,0x00000000d6900000,0x00000000d6a00000)
 ParOldGen       total 68608K, used 40076K [0x0000000080000000, 0x0000000084300000, 0x00000000d5580000)
  object space 68608K, 58% used [0x0000000080000000,0x0000000082723160,0x0000000084300000)
 Metaspace       used 60145K, committed 61504K, reserved 1114112K
  class space    used 7618K, committed 8192K, reserved 1048576K
}
Event: 15.728 GC heap after
{Heap after GC invocations=38 (full 3):
 PSYoungGen      total 20992K, used 352K [0x00000000d5580000, 0x00000000d6a80000, 0x0000000100000000)
  eden space 19968K, 0% used [0x00000000d5580000,0x00000000d5580000,0x00000000d6900000)
  from space 1024K, 34% used [0x00000000d6900000,0x00000000d6958000,0x00000000d6a00000)
  to   space 512K, 0% used [0x00000000d6a00000,0x00000000d6a00000,0x00000000d6a80000)
 ParOldGen       total 68608K, used 40168K [0x0000000080000000, 0x0000000084300000, 0x00000000d5580000)
  object space 68608K, 58% used [0x0000000080000000,0x000000008273a230,0x0000000084300000)
 Metaspace       used 60145K, committed 61504K, reserved 1114112K
  class space    used 7618K, committed 8192K, reserved 1048576K
}
Event: 15.922 GC heap before
{Heap before GC invocations=39 (full 3):
 PSYoungGen      total 20992K, used 20320K [0x00000000d5580000, 0x00000000d6a80000, 0x0000000100000000)
  eden space 19968K, 100% used [0x00000000d5580000,0x00000000d6900000,0x00000000d6900000)
  from space 1024K, 34% used [0x00000000d6900000,0x00000000d6958000,0x00000000d6a00000)
  to   space 512K, 0% used [0x00000000d6a00000,0x00000000d6a00000,0x00000000d6a80000)
 ParOldGen       total 68608K, used 40168K [0x0000000080000000, 0x0000000084300000, 0x00000000d5580000)
  object space 68608K, 58% used [0x0000000080000000,0x000000008273a230,0x0000000084300000)
 Metaspace       used 60145K, committed 61504K, reserved 1114112K
  class space    used 7618K, committed 8192K, reserved 1048576K
}
Event: 15.923 GC heap after
{Heap after GC invocations=39 (full 3):
 PSYoungGen      total 20480K, used 492K [0x00000000d5580000, 0x00000000d6b00000, 0x0000000100000000)
  eden space 19968K, 0% used [0x00000000d5580000,0x00000000d5580000,0x00000000d6900000)
  from space 512K, 96% used [0x00000000d6a00000,0x00000000d6a7b160,0x00000000d6a80000)
  to   space 1024K, 0% used [0x00000000d6900000,0x00000000d6900000,0x00000000d6a00000)
 ParOldGen       total 68608K, used 40291K [0x0000000080000000, 0x0000000084300000, 0x00000000d5580000)
  object space 68608K, 58% used [0x0000000080000000,0x0000000082758fa8,0x0000000084300000)
 Metaspace       used 60145K, committed 61504K, reserved 1114112K
  class space    used 7618K, committed 8192K, reserved 1048576K
}
Event: 16.165 GC heap before
{Heap before GC invocations=40 (full 3):
 PSYoungGen      total 20480K, used 20460K [0x00000000d5580000, 0x00000000d6b00000, 0x0000000100000000)
  eden space 19968K, 100% used [0x00000000d5580000,0x00000000d6900000,0x00000000d6900000)
  from space 512K, 96% used [0x00000000d6a00000,0x00000000d6a7b160,0x00000000d6a80000)
  to   space 1024K, 0% used [0x00000000d6900000,0x00000000d6900000,0x00000000d6a00000)
 ParOldGen       total 68608K, used 40291K [0x0000000080000000, 0x0000000084300000, 0x00000000d5580000)
  object space 68608K, 58% used [0x0000000080000000,0x0000000082758fa8,0x0000000084300000)
 Metaspace       used 60145K, committed 61504K, reserved 1114112K
  class space    used 7618K, committed 8192K, reserved 1048576K
}
Event: 16.166 GC heap after
{Heap after GC invocations=40 (full 3):
 PSYoungGen      total 20992K, used 1022K [0x00000000d5580000, 0x00000000d6c00000, 0x0000000100000000)
  eden space 19968K, 0% used [0x00000000d5580000,0x00000000d5580000,0x00000000d6900000)
  from space 1024K, 99% used [0x00000000d6900000,0x00000000d69ff858,0x00000000d6a00000)
  to   space 1536K, 0% used [0x00000000d6a80000,0x00000000d6a80000,0x00000000d6c00000)
 ParOldGen       total 68608K, used 40315K [0x0000000080000000, 0x0000000084300000, 0x00000000d5580000)
  object space 68608K, 58% used [0x0000000080000000,0x000000008275efa8,0x0000000084300000)
 Metaspace       used 60145K, committed 61504K, reserved 1114112K
  class space    used 7618K, committed 8192K, reserved 1048576K
}
Event: 16.394 GC heap before
{Heap before GC invocations=41 (full 3):
 PSYoungGen      total 20992K, used 20990K [0x00000000d5580000, 0x00000000d6c00000, 0x0000000100000000)
  eden space 19968K, 100% used [0x00000000d5580000,0x00000000d6900000,0x00000000d6900000)
  from space 1024K, 99% used [0x00000000d6900000,0x00000000d69ff858,0x00000000d6a00000)
  to   space 1536K, 0% used [0x00000000d6a80000,0x00000000d6a80000,0x00000000d6c00000)
 ParOldGen       total 68608K, used 40315K [0x0000000080000000, 0x0000000084300000, 0x00000000d5580000)
  object space 68608K, 58% used [0x0000000080000000,0x000000008275efa8,0x0000000084300000)
 Metaspace       used 60145K, committed 61504K, reserved 1114112K
  class space    used 7618K, committed 8192K, reserved 1048576K
}
Event: 16.395 GC heap after
{Heap after GC invocations=41 (full 3):
 PSYoungGen      total 21504K, used 1183K [0x00000000d5580000, 0x00000000d6c00000, 0x0000000100000000)
  eden space 19968K, 0% used [0x00000000d5580000,0x00000000d5580000,0x00000000d6900000)
  from space 1536K, 77% used [0x00000000d6a80000,0x00000000d6ba7f20,0x00000000d6c00000)
  to   space 1536K, 0% used [0x00000000d6900000,0x00000000d6900000,0x00000000d6a80000)
 ParOldGen       total 68608K, used 40347K [0x0000000080000000, 0x0000000084300000, 0x00000000d5580000)
  object space 68608K, 58% used [0x0000000080000000,0x0000000082766fa8,0x0000000084300000)
 Metaspace       used 60145K, committed 61504K, reserved 1114112K
  class space    used 7618K, committed 8192K, reserved 1048576K
}
Event: 16.570 GC heap before
{Heap before GC invocations=42 (full 3):
 PSYoungGen      total 21504K, used 21151K [0x00000000d5580000, 0x00000000d6c00000, 0x0000000100000000)
  eden space 19968K, 100% used [0x00000000d5580000,0x00000000d6900000,0x00000000d6900000)
  from space 1536K, 77% used [0x00000000d6a80000,0x00000000d6ba7f20,0x00000000d6c00000)
  to   space 1536K, 0% used [0x00000000d6900000,0x00000000d6900000,0x00000000d6a80000)
 ParOldGen       total 68608K, used 40347K [0x0000000080000000, 0x0000000084300000, 0x00000000d5580000)
  object space 68608K, 58% used [0x0000000080000000,0x0000000082766fa8,0x0000000084300000)
 Metaspace       used 60145K, committed 61504K, reserved 1114112K
  class space    used 7618K, committed 8192K, reserved 1048576K
}
Event: 16.571 GC heap after
{Heap after GC invocations=42 (full 3):
 PSYoungGen      total 21504K, used 982K [0x00000000d5580000, 0x00000000d6c00000, 0x0000000100000000)
  eden space 19968K, 0% used [0x00000000d5580000,0x00000000d5580000,0x00000000d6900000)
  from space 1536K, 63% used [0x00000000d6900000,0x00000000d69f5ae8,0x00000000d6a80000)
  to   space 1536K, 0% used [0x00000000d6a80000,0x00000000d6a80000,0x00000000d6c00000)
 ParOldGen       total 68608K, used 40403K [0x0000000080000000, 0x0000000084300000, 0x00000000d5580000)
  object space 68608K, 58% used [0x0000000080000000,0x0000000082774fa8,0x0000000084300000)
 Metaspace       used 60145K, committed 61504K, reserved 1114112K
  class space    used 7618K, committed 8192K, reserved 1048576K
}
Event: 16.843 GC heap before
{Heap before GC invocations=43 (full 3):
 PSYoungGen      total 21504K, used 20950K [0x00000000d5580000, 0x00000000d6c00000, 0x0000000100000000)
  eden space 19968K, 100% used [0x00000000d5580000,0x00000000d6900000,0x00000000d6900000)
  from space 1536K, 63% used [0x00000000d6900000,0x00000000d69f5ae8,0x00000000d6a80000)
  to   space 1536K, 0% used [0x00000000d6a80000,0x00000000d6a80000,0x00000000d6c00000)
 ParOldGen       total 68608K, used 40403K [0x0000000080000000, 0x0000000084300000, 0x00000000d5580000)
  object space 68608K, 58% used [0x0000000080000000,0x0000000082774fa8,0x0000000084300000)
 Metaspace       used 61001K, committed 62400K, reserved 1114112K
  class space    used 7745K, committed 8320K, reserved 1048576K
}
Event: 16.845 GC heap after
{Heap after GC invocations=43 (full 3):
 PSYoungGen      total 20480K, used 499K [0x00000000d5580000, 0x00000000d6b00000, 0x0000000100000000)
  eden space 19968K, 0% used [0x00000000d5580000,0x00000000d5580000,0x00000000d6900000)
  from space 512K, 97% used [0x00000000d6a80000,0x00000000d6afcdc8,0x00000000d6b00000)
  to   space 1024K, 0% used [0x00000000d6900000,0x00000000d6900000,0x00000000d6a00000)
 ParOldGen       total 68608K, used 40419K [0x0000000080000000, 0x0000000084300000, 0x00000000d5580000)
  object space 68608K, 58% used [0x0000000080000000,0x0000000082778fa8,0x0000000084300000)
 Metaspace       used 61001K, committed 62400K, reserved 1114112K
  class space    used 7745K, committed 8320K, reserved 1048576K
}
Event: 17.684 GC heap before
{Heap before GC invocations=44 (full 3):
 PSYoungGen      total 20480K, used 20467K [0x00000000d5580000, 0x00000000d6b00000, 0x0000000100000000)
  eden space 19968K, 100% used [0x00000000d5580000,0x00000000d6900000,0x00000000d6900000)
  from space 512K, 97% used [0x00000000d6a80000,0x00000000d6afcdc8,0x00000000d6b00000)
  to   space 1024K, 0% used [0x00000000d6900000,0x00000000d6900000,0x00000000d6a00000)
 ParOldGen       total 68608K, used 40419K [0x0000000080000000, 0x0000000084300000, 0x00000000d5580000)
  object space 68608K, 58% used [0x0000000080000000,0x0000000082778fa8,0x0000000084300000)
 Metaspace       used 63198K, committed 64704K, reserved 1114112K
  class space    used 8073K, committed 8704K, reserved 1048576K
}
Event: 17.689 GC heap after
{Heap after GC invocations=44 (full 3):
 PSYoungGen      total 20992K, used 1008K [0x00000000d5580000, 0x00000000d6d00000, 0x0000000100000000)
  eden space 19968K, 0% used [0x00000000d5580000,0x00000000d5580000,0x00000000d6900000)
  from space 1024K, 98% used [0x00000000d6900000,0x00000000d69fc020,0x00000000d6a00000)
  to   space 2048K, 0% used [0x00000000d6b00000,0x00000000d6b00000,0x00000000d6d00000)
 ParOldGen       total 68608K, used 40795K [0x0000000080000000, 0x0000000084300000, 0x00000000d5580000)
  object space 68608K, 59% used [0x0000000080000000,0x00000000827d6fc8,0x0000000084300000)
 Metaspace       used 63198K, committed 64704K, reserved 1114112K
  class space    used 8073K, committed 8704K, reserved 1048576K
}

Dll operation events (15 events):
Event: 0.036 Loaded shared library c:\Users\prith\.vscode\extensions\redhat.java-1.53.0-win32-x64\jre\21.0.10-win32-x86_64\bin\java.dll
Event: 0.336 Loaded shared library c:\Users\prith\.vscode\extensions\redhat.java-1.53.0-win32-x64\jre\21.0.10-win32-x86_64\bin\zip.dll
Event: 0.390 Loaded shared library C:\Users\prith\.vscode\extensions\redhat.java-1.53.0-win32-x64\jre\21.0.10-win32-x86_64\bin\instrument.dll
Event: 0.402 Loaded shared library C:\Users\prith\.vscode\extensions\redhat.java-1.53.0-win32-x64\jre\21.0.10-win32-x86_64\bin\net.dll
Event: 0.407 Loaded shared library C:\Users\prith\.vscode\extensions\redhat.java-1.53.0-win32-x64\jre\21.0.10-win32-x86_64\bin\nio.dll
Event: 0.414 Loaded shared library C:\Users\prith\.vscode\extensions\redhat.java-1.53.0-win32-x64\jre\21.0.10-win32-x86_64\bin\zip.dll
Event: 0.462 Loaded shared library C:\Users\prith\.vscode\extensions\redhat.java-1.53.0-win32-x64\jre\21.0.10-win32-x86_64\bin\jimage.dll
Event: 0.689 Loaded shared library c:\Users\prith\.vscode\extensions\redhat.java-1.53.0-win32-x64\jre\21.0.10-win32-x86_64\bin\verify.dll
Event: 3.831 Loaded shared library C:\Users\prith\AppData\Roaming\Code\User\globalStorage\redhat.java\1.53.0\config_win\org.eclipse.equinox.launcher\org.eclipse.equinox.launcher.win32.win32.x86_64_1.3.0.v20260203-2149\eclipse_11919.dll
Event: 6.689 Loaded shared library C:\Users\prith\AppData\Local\Temp\jna-106935131\jna14500929450829600698.dll
Event: 10.257 Loaded shared library C:\Users\prith\.gradle\native\1def1411415f61bf3af743bc5b6707747c0891f09f0c88961ee8f79bc544acac\windows-amd64\native-platform.dll
Event: 12.997 Loaded shared library C:\Users\prith\.vscode\extensions\redhat.java-1.53.0-win32-x64\jre\21.0.10-win32-x86_64\bin\management.dll
Event: 13.005 Loaded shared library C:\Users\prith\.vscode\extensions\redhat.java-1.53.0-win32-x64\jre\21.0.10-win32-x86_64\bin\management_ext.dll
Event: 16.777 Loaded shared library C:\Users\prith\.vscode\extensions\redhat.java-1.53.0-win32-x64\jre\21.0.10-win32-x86_64\bin\extnet.dll
Event: 17.096 Loaded shared library C:\Users\prith\.vscode\extensions\redhat.java-1.53.0-win32-x64\jre\21.0.10-win32-x86_64\bin\sunmscapi.dll

Deoptimization events (20 events):
Event: 17.501 Thread 0x000001dbd1678d70 Uncommon trap: trap_request=0xffffffde fr.pc=0x000001db87d1a920 relative=0x0000000000000660
Event: 17.501 Thread 0x000001dbd1678d70 Uncommon trap: reason=class_check action=maybe_recompile pc=0x000001db87d1a920 method=java.util.Collections$SetFromMap.remove(Ljava/lang/Object;)Z @ 5 c2
Event: 17.501 Thread 0x000001dbd1678d70 DEOPT PACKING pc=0x000001db87d1a920 sp=0x0000006db47fe3e0
Event: 17.501 Thread 0x000001dbd1678d70 DEOPT UNPACKING pc=0x000001db87583aa2 sp=0x0000006db47fe3d8 mode 2
Event: 17.564 Thread 0x000001dbd1678d70 Uncommon trap: trap_request=0xffffffcc fr.pc=0x000001db87f24e00 relative=0x0000000000000140
Event: 17.564 Thread 0x000001dbd1678d70 Uncommon trap: reason=intrinsic_or_type_checked_inlining action=make_not_entrant pc=0x000001db87f24e00 method=java.util.ArrayList.toArray([Ljava/lang/Object;)[Ljava/lang/Object; @ 36 c2
Event: 17.564 Thread 0x000001dbd1678d70 DEOPT PACKING pc=0x000001db87f24e00 sp=0x0000006db47fdbf0
Event: 17.564 Thread 0x000001dbd1678d70 DEOPT UNPACKING pc=0x000001db87583aa2 sp=0x0000006db47fdba0 mode 2
Event: 17.579 Thread 0x000001dbd1678d70 Uncommon trap: trap_request=0xffffffde fr.pc=0x000001db87d1a920 relative=0x0000000000000660
Event: 17.579 Thread 0x000001dbd1678d70 Uncommon trap: reason=class_check action=maybe_recompile pc=0x000001db87d1a920 method=java.util.Collections$SetFromMap.remove(Ljava/lang/Object;)Z @ 5 c2
Event: 17.579 Thread 0x000001dbd1678d70 DEOPT PACKING pc=0x000001db87d1a920 sp=0x0000006db47fe3e0
Event: 17.579 Thread 0x000001dbd1678d70 DEOPT UNPACKING pc=0x000001db87583aa2 sp=0x0000006db47fe3d8 mode 2
Event: 17.648 Thread 0x000001dbd1678d70 Uncommon trap: trap_request=0xffffffdc fr.pc=0x000001db87f27a74 relative=0x00000000000002b4
Event: 17.648 Thread 0x000001dbd1678d70 Uncommon trap: reason=class_check action=make_not_entrant pc=0x000001db87f27a74 method=java.util.ArrayList.toArray([Ljava/lang/Object;)[Ljava/lang/Object; @ 21 c2
Event: 17.648 Thread 0x000001dbd1678d70 DEOPT PACKING pc=0x000001db87f27a74 sp=0x0000006db47fe030
Event: 17.648 Thread 0x000001dbd1678d70 DEOPT UNPACKING pc=0x000001db87583aa2 sp=0x0000006db47fe000 mode 2
Event: 17.694 Thread 0x000001dbd1678d70 Uncommon trap: trap_request=0xffffffde fr.pc=0x000001db87d1a920 relative=0x0000000000000660
Event: 17.694 Thread 0x000001dbd1678d70 Uncommon trap: reason=class_check action=maybe_recompile pc=0x000001db87d1a920 method=java.util.Collections$SetFromMap.remove(Ljava/lang/Object;)Z @ 5 c2
Event: 17.694 Thread 0x000001dbd1678d70 DEOPT PACKING pc=0x000001db87d1a920 sp=0x0000006db47fe3e0
Event: 17.694 Thread 0x000001dbd1678d70 DEOPT UNPACKING pc=0x000001db87583aa2 sp=0x0000006db47fe3d8 mode 2

Classes loaded (20 events):
Event: 17.145 Loading class java/nio/channels/spi/AbstractSelectionKey done
Event: 17.145 Loading class sun/nio/ch/SelectionKeyImpl done
Event: 17.145 Loading class java/lang/invoke/ConstantBootstraps
Event: 17.145 Loading class java/lang/invoke/ConstantBootstraps done
Event: 17.181 Loading class java/io/ObjectStreamClass$1
Event: 17.182 Loading class java/io/ObjectStreamClass$1 done
Event: 17.182 Loading class java/io/ObjectStreamClass$MemberSignature
Event: 17.182 Loading class java/io/ObjectStreamClass$MemberSignature done
Event: 17.183 Loading class java/io/ObjectStreamClass$3
Event: 17.183 Loading class java/io/ObjectStreamClass$3 done
Event: 17.183 Loading class java/io/ObjectStreamClass$4
Event: 17.184 Loading class java/io/ObjectStreamClass$4 done
Event: 17.184 Loading class java/io/ObjectStreamClass$5
Event: 17.184 Loading class java/io/ObjectStreamClass$5 done
Event: 17.207 Loading class java/nio/channels/spi/AbstractSelector$1
Event: 17.207 Loading class java/nio/channels/spi/AbstractSelector$1 done
Event: 17.227 Loading class java/util/concurrent/Executors$AutoShutdownDelegatedExecutorService
Event: 17.228 Loading class java/util/concurrent/Executors$AutoShutdownDelegatedExecutorService done
Event: 17.248 Loading class java/lang/UnsupportedClassVersionError
Event: 17.248 Loading class java/lang/UnsupportedClassVersionError done

Classes unloaded (11 events):
Event: 7.807 Thread 0x000001dbd0130d70 Unloading class 0x000001db901acc00 'java/lang/invoke/LambdaForm$MH+0x000001db901acc00'
Event: 7.807 Thread 0x000001dbd0130d70 Unloading class 0x000001db901ac800 'java/lang/invoke/LambdaForm$MH+0x000001db901ac800'
Event: 7.807 Thread 0x000001dbd0130d70 Unloading class 0x000001db901ac400 'java/lang/invoke/LambdaForm$MH+0x000001db901ac400'
Event: 7.807 Thread 0x000001dbd0130d70 Unloading class 0x000001db901ac000 'java/lang/invoke/LambdaForm$MH+0x000001db901ac000'
Event: 7.807 Thread 0x000001dbd0130d70 Unloading class 0x000001db901abc00 'java/lang/invoke/LambdaForm$BMH+0x000001db901abc00'
Event: 7.807 Thread 0x000001dbd0130d70 Unloading class 0x000001db901ab800 'java/lang/invoke/LambdaForm$DMH+0x000001db901ab800'
Event: 7.807 Thread 0x000001dbd0130d70 Unloading class 0x000001db901aa400 'java/lang/invoke/LambdaForm$DMH+0x000001db901aa400'
Event: 9.299 Thread 0x000001dbd0130d70 Unloading class 0x000001db9032f800 'java/lang/invoke/LambdaForm$MH+0x000001db9032f800'
Event: 9.299 Thread 0x000001dbd0130d70 Unloading class 0x000001db9032a000 'java/lang/invoke/LambdaForm$MH+0x000001db9032a000'
Event: 9.299 Thread 0x000001dbd0130d70 Unloading class 0x000001db90329800 'java/lang/invoke/LambdaForm$MH+0x000001db90329800'
Event: 9.299 Thread 0x000001dbd0130d70 Unloading class 0x000001db90329000 'java/lang/invoke/LambdaForm$MH+0x000001db90329000'

Classes redefined (0 events):
No events

Internal exceptions (20 events):
Event: 16.933 Thread 0x000001dbd1678d70 Exception <a 'java/lang/NoSuchMethodError'{0x00000000d5a566c0}: 'java.lang.Object java.lang.invoke.DirectMethodHandle$Holder.invokeVirtual(java.lang.Object, java.lang.Object, java.lang.Object, java.lang.Object, java.lang.Object, java.lang.Object, java.lang.Object, java.lang.Object, java.lang.Object, java.lang.Object)'> (0x00000000d5a566c0) 
thrown [s\src\hotspot\share\interpreter\linkResolver.cpp, line 773]
Event: 16.958 Thread 0x000001dbd1678d70 Exception <a 'java/lang/NoSuchMethodError'{0x00000000d5bb6248}: 'java.lang.Object java.lang.invoke.DirectMethodHandle$Holder.invokeVirtual(java.lang.Object, java.lang.Object, java.lang.Object, java.lang.Object, java.lang.Object, java.lang.Object, java.lang.Object, java.lang.Object, java.lang.Object)'> (0x00000000d5bb6248) 
thrown [s\src\hotspot\share\interpreter\linkResolver.cpp, line 773]
Event: 17.006 Thread 0x000001dbd1678d70 Exception <a 'java/lang/NoSuchMethodError'{0x00000000d5e646e0}: 'long java.lang.invoke.DirectMethodHandle$Holder.invokeVirtual(java.lang.Object, java.lang.Object)'> (0x00000000d5e646e0) 
thrown [s\src\hotspot\share\interpreter\linkResolver.cpp, line 773]
Event: 17.006 Thread 0x000001dbd1678d70 Exception <a 'java/lang/NoSuchMethodError'{0x00000000d5e67ae0}: 'long java.lang.invoke.DelegatingMethodHandle$Holder.reinvoke_L(java.lang.Object, java.lang.Object)'> (0x00000000d5e67ae0) 
thrown [s\src\hotspot\share\interpreter\linkResolver.cpp, line 773]
Event: 17.183 Thread 0x000001dbd1678d70 Exception <a 'java/lang/NoSuchMethodError'{0x00000000d6580280}: static Lorg/gradle/tooling/internal/provider/serialization/ClassLoaderDetails;.<clinit>()V> (0x00000000d6580280) 
thrown [s\src\hotspot\share\prims\jni.cpp, line 1111]
Event: 17.185 Thread 0x000001dbd1678d70 Implicit null exception at 0x000001db87c2bda4 to 0x000001db87c2c7d4
Event: 17.189 Thread 0x000001dbd1678d70 Exception <a 'java/lang/NoSuchMethodError'{0x00000000d65a3b00}: static Lorg/gradle/tooling/internal/provider/serialization/WellKnownClassLoaderRegistry$KnownClassLoaderSpec;.<clinit>()V> (0x00000000d65a3b00) 
thrown [s\src\hotspot\share\prims\jni.cpp, line 1111]
Event: 17.190 Thread 0x000001dbd1678d70 Exception <a 'java/lang/NoSuchMethodError'{0x00000000d65a53a8}: static Lorg/gradle/internal/classloader/ClassLoaderSpec;.<clinit>()V> (0x00000000d65a53a8) 
thrown [s\src\hotspot\share\prims\jni.cpp, line 1111]
Event: 17.192 Thread 0x000001dbd1678d70 Exception <a 'java/lang/NoSuchMethodError'{0x00000000d65c20f0}: static Lorg/gradle/tooling/internal/provider/serialization/ClientOwnedClassLoaderSpec;.<clinit>()V> (0x00000000d65c20f0) 
thrown [s\src\hotspot\share\prims\jni.cpp, line 1111]
Event: 17.200 Thread 0x000001dbd1678d70 Exception <a 'java/lang/NoSuchMethodError'{0x00000000d66092a0}: static [Ljava/lang/Object;.<clinit>()V> (0x00000000d66092a0) 
thrown [s\src\hotspot\share\prims\jni.cpp, line 1111]
Event: 17.253 Thread 0x000001dbd1678d70 Exception <a 'java/lang/NoSuchMethodError'{0x00000000d6686cd0}: static Lorg/gradle/internal/build/event/types/AbstractProgressEvent;.<clinit>()V> (0x00000000d6686cd0) 
thrown [s\src\hotspot\share\prims\jni.cpp, line 1111]
Event: 17.255 Thread 0x000001dbd1678d70 Exception <a 'java/lang/NoSuchMethodError'{0x00000000d6694998}: static Lorg/gradle/internal/build/event/types/DefaultOperationStartedProgressEvent;.<clinit>()V> (0x00000000d6694998) 
thrown [s\src\hotspot\share\prims\jni.cpp, line 1111]
Event: 17.257 Thread 0x000001dbd1678d70 Exception <a 'java/lang/NoSuchMethodError'{0x00000000d66aa9c0}: static Lorg/gradle/internal/build/event/types/DefaultOperationDescriptor;.<clinit>()V> (0x00000000d66aa9c0) 
thrown [s\src\hotspot\share\prims\jni.cpp, line 1111]
Event: 17.259 Thread 0x000001dbd1678d70 Exception <a 'java/lang/NoSuchMethodError'{0x00000000d66b9230}: static Lorg/gradle/internal/operations/OperationIdentifier;.<clinit>()V> (0x00000000d66b9230) 
thrown [s\src\hotspot\share\prims\jni.cpp, line 1111]
Event: 17.288 Thread 0x000001dbd1678d70 Exception <a 'java/lang/NoSuchMethodError'{0x00000000d6704998}: static Lorg/gradle/internal/build/event/types/DefaultOperationFinishedProgressEvent;.<clinit>()V> (0x00000000d6704998) 
thrown [s\src\hotspot\share\prims\jni.cpp, line 1111]
Event: 17.291 Thread 0x000001dbd1678d70 Exception <a 'java/lang/NoSuchMethodError'{0x00000000d671b370}: static Lorg/gradle/internal/build/event/types/AbstractResult;.<clinit>()V> (0x00000000d671b370) 
thrown [s\src\hotspot\share\prims\jni.cpp, line 1111]
Event: 17.293 Thread 0x000001dbd1678d70 Exception <a 'java/lang/NoSuchMethodError'{0x00000000d6728dd8}: static Lorg/gradle/internal/build/event/types/AbstractOperationResult;.<clinit>()V> (0x00000000d6728dd8) 
thrown [s\src\hotspot\share\prims\jni.cpp, line 1111]
Event: 17.294 Thread 0x000001dbd1678d70 Exception <a 'java/lang/NoSuchMethodError'{0x00000000d67699d8}: static Lorg/gradle/internal/build/event/types/DefaultSuccessResult;.<clinit>()V> (0x00000000d67699d8) 
thrown [s\src\hotspot\share\prims\jni.cpp, line 1111]
Event: 17.603 Thread 0x000001dbd1678d70 Exception <a 'java/lang/NoSuchMethodError'{0x00000000d67fa450}: static Lorg/gradle/internal/build/event/types/DefaultBuildPhaseDescriptor;.<clinit>()V> (0x00000000d67fa450) 
thrown [s\src\hotspot\share\prims\jni.cpp, line 1111]
Event: 17.645 Thread 0x000001dbd1678d70 Exception <a 'java/lang/NoSuchMethodError'{0x00000000d688a1c8}: static Lorg/gradle/internal/build/event/types/DefaultProjectConfigurationDescriptor;.<clinit>()V> (0x00000000d688a1c8) 
thrown [s\src\hotspot\share\prims\jni.cpp, line 1111]

ZGC Phase Switch (0 events):
No events

VM Operations (20 events):
Event: 15.490 Executing safepoint VM operation: ParallelGCFailedAllocation (Allocation Failure)
Event: 15.491 Executing safepoint VM operation: ParallelGCFailedAllocation (Allocation Failure) done
Event: 15.727 Executing safepoint VM operation: ParallelGCFailedAllocation (Allocation Failure)
Event: 15.728 Executing safepoint VM operation: ParallelGCFailedAllocation (Allocation Failure) done
Event: 15.922 Executing safepoint VM operation: ParallelGCFailedAllocation (Allocation Failure)
Event: 15.923 Executing safepoint VM operation: ParallelGCFailedAllocation (Allocation Failure) done
Event: 16.165 Executing safepoint VM operation: ParallelGCFailedAllocation (Allocation Failure)
Event: 16.166 Executing safepoint VM operation: ParallelGCFailedAllocation (Allocation Failure) done
Event: 16.394 Executing safepoint VM operation: ParallelGCFailedAllocation (Allocation Failure)
Event: 16.395 Executing safepoint VM operation: ParallelGCFailedAllocation (Allocation Failure) done
Event: 16.570 Executing safepoint VM operation: ParallelGCFailedAllocation (Allocation Failure)
Event: 16.571 Executing safepoint VM operation: ParallelGCFailedAllocation (Allocation Failure) done
Event: 16.843 Executing safepoint VM operation: ParallelGCFailedAllocation (Allocation Failure)
Event: 16.845 Executing safepoint VM operation: ParallelGCFailedAllocation (Allocation Failure) done
Event: 16.967 Executing non-safepoint VM operation: HandshakeAllThreads (Deoptimize)
Event: 16.967 Executing non-safepoint VM operation: HandshakeAllThreads (Deoptimize) done
Event: 17.099 Executing non-safepoint VM operation: HandshakeAllThreads (Deoptimize)
Event: 17.099 Executing non-safepoint VM operation: HandshakeAllThreads (Deoptimize) done
Event: 17.684 Executing safepoint VM operation: ParallelGCFailedAllocation (Allocation Failure)
Event: 17.689 Executing safepoint VM operation: ParallelGCFailedAllocation (Allocation Failure) done

Memory protections (0 events):
No events

Nmethod flushes (20 events):
Event: 14.575 Thread 0x000001dbd0130d70 flushing  nmethod 0x000001db80826490
Event: 14.575 Thread 0x000001dbd0130d70 flushing  nmethod 0x000001db80829990
Event: 14.575 Thread 0x000001dbd0130d70 flushing  nmethod 0x000001db8082a310
Event: 14.575 Thread 0x000001dbd0130d70 flushing  nmethod 0x000001db80851a10
Event: 14.575 Thread 0x000001dbd0130d70 flushing  nmethod 0x000001db80853210
Event: 14.575 Thread 0x000001dbd0130d70 flushing  nmethod 0x000001db80853810
Event: 14.575 Thread 0x000001dbd0130d70 flushing  nmethod 0x000001db80854090
Event: 14.575 Thread 0x000001dbd0130d70 flushing  nmethod 0x000001db80855b10
Event: 14.575 Thread 0x000001dbd0130d70 flushing  nmethod 0x000001db80858390
Event: 14.575 Thread 0x000001dbd0130d70 flushing  nmethod 0x000001db80862e90
Event: 14.575 Thread 0x000001dbd0130d70 flushing  nmethod 0x000001db80863190
Event: 14.575 Thread 0x000001dbd0130d70 flushing  nmethod 0x000001db80872b90
Event: 14.575 Thread 0x000001dbd0130d70 flushing  nmethod 0x000001db80878310
Event: 14.575 Thread 0x000001dbd0130d70 flushing  nmethod 0x000001db8087ef10
Event: 14.575 Thread 0x000001dbd0130d70 flushing  nmethod 0x000001db808a9290
Event: 14.575 Thread 0x000001dbd0130d70 flushing  nmethod 0x000001db808bad90
Event: 14.575 Thread 0x000001dbd0130d70 flushing  nmethod 0x000001db808be790
Event: 14.575 Thread 0x000001dbd0130d70 flushing  nmethod 0x000001db808d1d90
Event: 14.575 Thread 0x000001dbd0130d70 flushing osr nmethod 0x000001db808d3810
Event: 14.575 Thread 0x000001dbd0130d70 flushing  nmethod 0x000001db808f8410

Events (20 events):
Event: 13.314 Thread 0x000001dbd7e83e80 Thread exited: 0x000001dbd7e83e80
Event: 13.321 Thread 0x000001dbd858e980 Thread added: 0x000001dbd16786e0
Event: 13.335 Thread 0x000001dbd64d3160 Thread added: 0x000001dbd1676610
Event: 13.342 Thread 0x000001dbd64d3160 Thread added: 0x000001dbd16779c0
Event: 13.388 Thread 0x000001dbd16779c0 Thread exited: 0x000001dbd16779c0
Event: 13.390 Thread 0x000001dbd64d3160 Thread added: 0x000001dbd1676ca0
Event: 13.608 Thread 0x000001dbd64d3160 Thread added: 0x000001dbd1677330
Event: 13.611 Thread 0x000001dbd64d3160 Thread added: 0x000001dbd16779c0
Event: 13.633 Thread 0x000001dbd16779c0 Thread exited: 0x000001dbd16779c0
Event: 13.634 Thread 0x000001dbd64d3160 Thread added: 0x000001dbd1675f80
Event: 13.640 Thread 0x000001dbd64d3160 Thread added: 0x000001dbd1678d70
Event: 13.863 Thread 0x000001dbd66961b0 Thread exited: 0x000001dbd66961b0
Event: 14.488 Thread 0x000001dbd041f320 Thread exited: 0x000001dbd041f320
Event: 14.826 Thread 0x000001dbf7468a50 Thread added: 0x000001dbd80010e0
Event: 16.674 Thread 0x000001dbd80010e0 Thread exited: 0x000001dbd80010e0
Event: 16.728 Thread 0x000001dbf745c090 Thread added: 0x000001dbd7fffc70
Event: 17.023 Thread 0x000001dbd1678d70 Thread added: 0x000001dbd9e0b350
Event: 17.109 Thread 0x000001dbd7fffc70 Thread exited: 0x000001dbd7fffc70
Event: 17.959 Thread 0x000001dbf7468a50 Thread added: 0x000001dbd80010e0
Event: 18.123 Thread 0x000001dbf7468a50 Thread added: 0x000001dbd8001e80


Dynamic libraries:
0x00007ff6ebde0000 - 0x00007ff6ebdee000 	c:\Users\prith\.vscode\extensions\redhat.java-1.53.0-win32-x64\jre\21.0.10-win32-x86_64\bin\java.exe
0x00007ffd10c00000 - 0x00007ffd10e68000 	C:\WINDOWS\SYSTEM32\ntdll.dll
0x00007ffd0e9d0000 - 0x00007ffd0ea99000 	C:\WINDOWS\System32\KERNEL32.DLL
0x00007ffd0e5d0000 - 0x00007ffd0e9c2000 	C:\WINDOWS\System32\KERNELBASE.dll
0x00007ffd0e480000 - 0x00007ffd0e5cb000 	C:\WINDOWS\System32\ucrtbase.dll
0x00007ffc59f00000 - 0x00007ffc59f18000 	c:\Users\prith\.vscode\extensions\redhat.java-1.53.0-win32-x64\jre\21.0.10-win32-x86_64\bin\jli.dll
0x00007ffd10080000 - 0x00007ffd10245000 	C:\WINDOWS\System32\USER32.dll
0x00007ffd0e0e0000 - 0x00007ffd0e107000 	C:\WINDOWS\System32\win32u.dll
0x00007ffd10050000 - 0x00007ffd1007b000 	C:\WINDOWS\System32\GDI32.dll
0x00007ffd0de30000 - 0x00007ffd0df5d000 	C:\WINDOWS\System32\gdi32full.dll
0x00007ffd0e310000 - 0x00007ffd0e3b3000 	C:\WINDOWS\System32\msvcp_win.dll
0x00007ffc59ee0000 - 0x00007ffc59efe000 	c:\Users\prith\.vscode\extensions\redhat.java-1.53.0-win32-x64\jre\21.0.10-win32-x86_64\bin\VCRUNTIME140.dll
0x00007ffce7a20000 - 0x00007ffce7cb3000 	C:\WINDOWS\WinSxS\amd64_microsoft.windows.common-controls_6595b64144ccf1df_6.0.26100.6725_none_3e085828e334708b\COMCTL32.dll
0x00007ffd0fa00000 - 0x00007ffd0faa9000 	C:\WINDOWS\System32\msvcrt.dll
0x00007ffd0ebe0000 - 0x00007ffd0ec0f000 	C:\WINDOWS\System32\IMM32.DLL
0x00007ffc8de60000 - 0x00007ffc8de6c000 	c:\Users\prith\.vscode\extensions\redhat.java-1.53.0-win32-x64\jre\21.0.10-win32-x86_64\bin\vcruntime140_1.dll
0x00007ffc1c330000 - 0x00007ffc1c3bd000 	c:\Users\prith\.vscode\extensions\redhat.java-1.53.0-win32-x64\jre\21.0.10-win32-x86_64\bin\msvcp140.dll
0x00007ffc1b580000 - 0x00007ffc1c321000 	c:\Users\prith\.vscode\extensions\redhat.java-1.53.0-win32-x64\jre\21.0.10-win32-x86_64\bin\server\jvm.dll
0x00007ffd0f020000 - 0x00007ffd0f0d4000 	C:\WINDOWS\System32\ADVAPI32.dll
0x00007ffd0eb30000 - 0x00007ffd0ebd6000 	C:\WINDOWS\System32\sechost.dll
0x00007ffd0f8b0000 - 0x00007ffd0f9c8000 	C:\WINDOWS\System32\RPCRT4.dll
0x00007ffd0f830000 - 0x00007ffd0f8a4000 	C:\WINDOWS\System32\WS2_32.dll
0x00007ffd0ce40000 - 0x00007ffd0ce9e000 	C:\WINDOWS\SYSTEM32\POWRPROF.dll
0x00007ffd01ee0000 - 0x00007ffd01f15000 	C:\WINDOWS\SYSTEM32\WINMM.dll
0x00007ffd02b90000 - 0x00007ffd02b9b000 	C:\WINDOWS\SYSTEM32\VERSION.dll
0x00007ffd0cd10000 - 0x00007ffd0cd24000 	C:\WINDOWS\SYSTEM32\UMPDC.dll
0x00007ffd0cbd0000 - 0x00007ffd0cbeb000 	C:\WINDOWS\SYSTEM32\kernel.appcore.dll
0x00007ffc78810000 - 0x00007ffc7881a000 	c:\Users\prith\.vscode\extensions\redhat.java-1.53.0-win32-x64\jre\21.0.10-win32-x86_64\bin\jimage.dll
0x00007ffd0b510000 - 0x00007ffd0b752000 	C:\WINDOWS\SYSTEM32\DBGHELP.DLL
0x00007ffd0ec20000 - 0x00007ffd0ef9b000 	C:\WINDOWS\System32\combase.dll
0x00007ffd0fd50000 - 0x00007ffd0fe27000 	C:\WINDOWS\System32\OLEAUT32.dll
0x00007ffcd3460000 - 0x00007ffcd349c000 	C:\WINDOWS\SYSTEM32\dbgcore.DLL
0x00007ffd0dd90000 - 0x00007ffd0de28000 	C:\WINDOWS\System32\bcryptPrimitives.dll
0x00007ffd06070000 - 0x00007ffd0607f000 	c:\Users\prith\.vscode\extensions\redhat.java-1.53.0-win32-x64\jre\21.0.10-win32-x86_64\bin\instrument.dll
0x00007ffc1b560000 - 0x00007ffc1b580000 	c:\Users\prith\.vscode\extensions\redhat.java-1.53.0-win32-x64\jre\21.0.10-win32-x86_64\bin\java.dll
0x00007ffd0f0e0000 - 0x00007ffd0f82c000 	C:\WINDOWS\System32\SHELL32.dll
0x00007ffd0e1a0000 - 0x00007ffd0e30b000 	C:\WINDOWS\System32\wintypes.dll
0x00007ffd0ba00000 - 0x00007ffd0c25d000 	C:\WINDOWS\SYSTEM32\windows.storage.dll
0x00007ffd10970000 - 0x00007ffd10a62000 	C:\WINDOWS\System32\SHCORE.dll
0x00007ffd10260000 - 0x00007ffd102c2000 	C:\WINDOWS\System32\shlwapi.dll
0x00007ffd0dcb0000 - 0x00007ffd0dcd9000 	C:\WINDOWS\SYSTEM32\profapi.dll
0x00007ffc1b2e0000 - 0x00007ffc1b2f8000 	c:\Users\prith\.vscode\extensions\redhat.java-1.53.0-win32-x64\jre\21.0.10-win32-x86_64\bin\zip.dll
0x00007ffc78580000 - 0x00007ffc78590000 	C:\Users\prith\.vscode\extensions\redhat.java-1.53.0-win32-x64\jre\21.0.10-win32-x86_64\bin\net.dll
0x00007ffd047d0000 - 0x00007ffd048ef000 	C:\WINDOWS\SYSTEM32\WINHTTP.dll
0x00007ffd0d1f0000 - 0x00007ffd0d25b000 	C:\WINDOWS\system32\mswsock.dll
0x00007ffc1b2c0000 - 0x00007ffc1b2d6000 	C:\Users\prith\.vscode\extensions\redhat.java-1.53.0-win32-x64\jre\21.0.10-win32-x86_64\bin\nio.dll
0x00007ffd05ff0000 - 0x00007ffd06000000 	c:\Users\prith\.vscode\extensions\redhat.java-1.53.0-win32-x64\jre\21.0.10-win32-x86_64\bin\verify.dll
0x00007ffce56a0000 - 0x00007ffce56e5000 	C:\Users\prith\AppData\Roaming\Code\User\globalStorage\redhat.java\1.53.0\config_win\org.eclipse.equinox.launcher\org.eclipse.equinox.launcher.win32.win32.x86_64_1.3.0.v20260203-2149\eclipse_11919.dll
0x00007ffd0fab0000 - 0x00007ffd0fc48000 	C:\WINDOWS\System32\ole32.dll
0x00007ffd0d4b0000 - 0x00007ffd0d4cb000 	C:\WINDOWS\SYSTEM32\CRYPTSP.dll
0x00007ffd0cb30000 - 0x00007ffd0cb6b000 	C:\WINDOWS\system32\rsaenh.dll
0x00007ffd0d290000 - 0x00007ffd0d2bb000 	C:\WINDOWS\SYSTEM32\USERENV.dll
0x00007ffd0dc80000 - 0x00007ffd0dca6000 	C:\WINDOWS\SYSTEM32\bcrypt.dll
0x00007ffd0d4a0000 - 0x00007ffd0d4ac000 	C:\WINDOWS\SYSTEM32\CRYPTBASE.dll
0x00007ffd0c6d0000 - 0x00007ffd0c704000 	C:\WINDOWS\SYSTEM32\IPHLPAPI.DLL
0x00007ffd10b60000 - 0x00007ffd10b6a000 	C:\WINDOWS\System32\NSI.dll
0x00007ffc50460000 - 0x00007ffc504a9000 	C:\Users\prith\AppData\Local\Temp\jna-106935131\jna14500929450829600698.dll
0x00007ffd10960000 - 0x00007ffd10968000 	C:\WINDOWS\System32\PSAPI.DLL
0x00007ffd04b30000 - 0x00007ffd04b4e000 	C:\WINDOWS\SYSTEM32\dhcpcsvc6.DLL
0x00007ffd04b00000 - 0x00007ffd04b23000 	C:\WINDOWS\SYSTEM32\dhcpcsvc.DLL
0x00007ffc1b1a0000 - 0x00007ffc1b1c7000 	C:\Users\prith\.gradle\native\1def1411415f61bf3af743bc5b6707747c0891f09f0c88961ee8f79bc544acac\windows-amd64\native-platform.dll
0x00007ffc59ed0000 - 0x00007ffc59eda000 	C:\Users\prith\.vscode\extensions\redhat.java-1.53.0-win32-x64\jre\21.0.10-win32-x86_64\bin\management.dll
0x00007ffc1b330000 - 0x00007ffc1b33c000 	C:\Users\prith\.vscode\extensions\redhat.java-1.53.0-win32-x64\jre\21.0.10-win32-x86_64\bin\management_ext.dll
0x00007ffc1b310000 - 0x00007ffc1b319000 	C:\Users\prith\.vscode\extensions\redhat.java-1.53.0-win32-x64\jre\21.0.10-win32-x86_64\bin\extnet.dll
0x00007ffc1b320000 - 0x00007ffc1b32e000 	C:\Users\prith\.vscode\extensions\redhat.java-1.53.0-win32-x64\jre\21.0.10-win32-x86_64\bin\sunmscapi.dll
0x00007ffd0df60000 - 0x00007ffd0e0d7000 	C:\WINDOWS\System32\CRYPT32.dll
0x00007ffd0d6c0000 - 0x00007ffd0d6f0000 	C:\WINDOWS\SYSTEM32\ncrypt.dll
0x00007ffd0d670000 - 0x00007ffd0d6af000 	C:\WINDOWS\SYSTEM32\NTASN1.dll
0x00007ffcf5870000 - 0x00007ffcf5878000 	C:\WINDOWS\system32\wshunix.dll

JVMTI agents:
c:\Users\prith\.vscode\extensions\redhat.java-1.53.0-win32-x64\lombok\lombok-1.18.39-4050.jar path:c:\Users\prith\.vscode\extensions\redhat.java-1.53.0-win32-x64\jre\21.0.10-win32-x86_64\bin\instrument.dll, loaded, initialized, instrumentlib options:none

dbghelp: loaded successfully - version: 4.0.5 - missing functions: none
symbol engine: initialized successfully - sym options: 0x614 - pdb path: .;c:\Users\prith\.vscode\extensions\redhat.java-1.53.0-win32-x64\jre\21.0.10-win32-x86_64\bin;C:\WINDOWS\SYSTEM32;C:\WINDOWS\WinSxS\amd64_microsoft.windows.common-controls_6595b64144ccf1df_6.0.26100.6725_none_3e085828e334708b;c:\Users\prith\.vscode\extensions\redhat.java-1.53.0-win32-x64\jre\21.0.10-win32-x86_64\bin\server;C:\Users\prith\AppData\Roaming\Code\User\globalStorage\redhat.java\1.53.0\config_win\org.eclipse.equinox.launcher\org.eclipse.equinox.launcher.win32.win32.x86_64_1.3.0.v20260203-2149;C:\Users\prith\AppData\Local\Temp\jna-106935131;C:\Users\prith\.gradle\native\1def1411415f61bf3af743bc5b6707747c0891f09f0c88961ee8f79bc544acac\windows-amd64

VM Arguments:
jvm_args: --add-modules=ALL-SYSTEM --add-opens=java.base/java.util=ALL-UNNAMED --add-opens=java.base/java.lang=ALL-UNNAMED --add-opens=java.base/sun.nio.fs=ALL-UNNAMED -Declipse.application=org.eclipse.jdt.ls.core.id1 -Dosgi.bundles.defaultStartLevel=4 -Declipse.product=org.eclipse.jdt.ls.core.product -Djava.import.generatesMetadataFilesAtProjectRoot=false -DDetectVMInstallationsJob.disabled=true -Dfile.encoding=utf8 -XX:+UseParallelGC -XX:GCTimeRatio=4 -XX:AdaptiveSizePolicyWeight=90 -Dsun.zip.disableMemoryMapping=true -Xmx2G -Xms100m -Xlog:disable -javaagent:c:\Users\prith\.vscode\extensions\redhat.java-1.53.0-win32-x64\lombok\lombok-1.18.39-4050.jar -XX:+HeapDumpOnOutOfMemoryError -XX:HeapDumpPath=c:\Users\prith\AppData\Roaming\Code\User\workspaceStorage\f6ae1ae6b6b1b25ef70508220a47b730\redhat.java -Daether.dependencyCollector.impl=bf 
java_command: c:\Users\prith\.vscode\extensions\redhat.java-1.53.0-win32-x64\server\plugins\org.eclipse.equinox.launcher_1.7.100.v20251111-0406.jar -configuration c:\Users\prith\AppData\Roaming\Code\User\globalStorage\redhat.java\1.53.0\config_win -data c:\Users\prith\AppData\Roaming\Code\User\workspaceStorage\f6ae1ae6b6b1b25ef70508220a47b730\redhat.java\jdt_ws --pipe=\\.\pipe\lsp-1c2f27dafdf804d813a89bbbbe71b3c3-sock
java_class_path (initial): c:\Users\prith\.vscode\extensions\redhat.java-1.53.0-win32-x64\server\plugins\org.eclipse.equinox.launcher_1.7.100.v20251111-0406.jar
Launcher Type: SUN_STANDARD

[Global flags]
    uintx AdaptiveSizePolicyWeight                 = 90                                        {product} {command line}
     intx CICompilerCount                          = 4                                         {product} {ergonomic}
    uintx GCTimeRatio                              = 4                                         {product} {command line}
     bool HeapDumpOnOutOfMemoryError               = true                                   {manageable} {command line}
    ccstr HeapDumpPath                             = c:\Users\prith\AppData\Roaming\Code\User\workspaceStorage\f6ae1ae6b6b1b25ef70508220a47b730\redhat.java         {manageable} {command line}
   size_t InitialHeapSize                          = 104857600                                 {product} {command line}
   size_t MaxHeapSize                              = 2147483648                                {product} {command line}
   size_t MaxNewSize                               = 715653120                                 {product} {ergonomic}
   size_t MinHeapDeltaBytes                        = 524288                                    {product} {ergonomic}
   size_t MinHeapSize                              = 104857600                                 {product} {command line}
   size_t NewSize                                  = 34603008                                  {product} {ergonomic}
    uintx NonNMethodCodeHeapSize                   = 5839372                                {pd product} {ergonomic}
    uintx NonProfiledCodeHeapSize                  = 122909434                              {pd product} {ergonomic}
   size_t OldSize                                  = 70254592                                  {product} {ergonomic}
    uintx ProfiledCodeHeapSize                     = 122909434                              {pd product} {ergonomic}
    uintx ReservedCodeCacheSize                    = 251658240                              {pd product} {ergonomic}
     bool SegmentedCodeCache                       = true                                      {product} {ergonomic}
   size_t SoftMaxHeapSize                          = 2147483648                             {manageable} {ergonomic}
     bool UseCompressedOops                        = true                           {product lp64_product} {ergonomic}
     bool UseLargePagesIndividualAllocation        = false                                  {pd product} {ergonomic}
     bool UseParallelGC                            = true                                      {product} {command line}

Logging:
Log output configuration:
 #0: stdout all=off uptime,level,tags foldmultilines=false
 #1: stderr all=off uptime,level,tags foldmultilines=false

Release file:
JAVA_VERSION="21.0.10" 
MODULES="java.base java.compiler java.datatransfer java.xml java.prefs java.desktop java.instrument java.logging java.management java.security.sasl java.naming java.rmi java.management.rmi java.net.http java.scripting java.security.jgss java.transaction.xa java.sql java.sql.rowset java.xml.crypto java.se java.smartcardio jdk.accessibility jdk.internal.jvmstat jdk.attach jdk.charsets jdk.internal.opt jdk.zipfs jdk.compiler jdk.crypto.ec jdk.crypto.cryptoki jdk.crypto.mscapi jdk.dynalink jdk.internal.ed jdk.editpad jdk.hotspot.agent jdk.httpserver jdk.internal.le jdk.internal.vm.ci jdk.internal.vm.compiler jdk.internal.vm.compiler.management jdk.jartool jdk.javadoc jdk.jcmd jdk.management jdk.management.agent jdk.jconsole jdk.jdeps jdk.jdwp.agent jdk.jdi jdk.jfr jdk.jshell jdk.jsobject jdk.jstatd jdk.localedata jdk.management.jfr jdk.naming.dns jdk.naming.rmi jdk.net jdk.nio.mapmode jdk.random jdk.sctp jdk.security.auth jdk.security.jgss jdk.unsupported jdk.unsupported.desktop jdk.xml.dom" 

Environment Variables:
PATH=C:\Users\prith\AppData\Local\Programs\Microsoft VS Code;C:\Program Files\Common Files\Oracle\Java\javapath;C:\windows\system32;C:\windows;C:\windows\System32\Wbem;C:\windows\System32\WindowsPowerShell\v1.0\;C:\windows\System32\OpenSSH\;C:\Program Files (x86)\NVIDIA Corporation\PhysX\Common;C:\Program Files\NVIDIA Corporation\NVIDIA NvDLISR;C:\Users\Administrator\AppData\Local\Microsoft\WindowsApps;C:\Program Files\HP\OMEN-Broadcast\Common;C:\WINDOWS\system32;C:\WINDOWS;C:\WINDOWS\System32\Wbem;C:\WINDOWS\System32\WindowsPowerShell\v1.0\;C:\WINDOWS\System32\OpenSSH\;C:\Program Files\HP\HP One Agent;C:\Program Files\dotnet\;C:\Program Files\Git\cmd;C:\Program Files\nodejs\;C:\Program Files\Microsoft SQL Server\170\Tools\Binn\;C:\Program Files\Microsoft SQL Server\Client SDK\ODBC\170\Tools\Binn\;C:\Users\prith\AppData\Local\Programs\Python\Python313\Scripts\;C:\Users\prith\AppData\Local\Programs\Python\Python313\;C:\Users\prith\AppData\Local\Programs\Python\Launcher\;C:\Users\prith\AppData\Local\Programs\Python\Python312\Scripts\;C:\Users\prith\AppData\Local\Programs\Python\Python312\;C:\Users\prith\AppData\Local\Programs\Python\Python310\Scripts\;C:\Users\prith\AppData\Local\Programs\Python\Python310\;C:\Users\prith\AppData\Local\Microsoft\WindowsApps;C:\Program Files\JetBrains\PyCharm Community Edition 2025.1.2\bin;;C:\Users\prith\AppData\Local\Microsoft\WinGet\Packages\yt-dlp.yt-dlp_Microsoft.Winget.Source_8wekyb3d8bbwe;C:\Users\prith\AppData\Local\Microsoft\WinGet\Packages\Gyan.FFmpeg_Microsoft.Winget.Source_8wekyb3d8bbwe\ffmpeg-7.1.1-full_build\bin;C:\Users\prith\AppData\Local\Programs\Antigravity\bin;C:\Users\prith\AppData\Roaming\npm;C:\Users\prith\Documents\prithvi\hackathon\flutter\bin;C:\Users\prith\.dotnet\tools;C:\Users\prith\AppData\Local\Programs\Microsoft VS Code\bin
USERNAME=prith
OS=Windows_NT
PROCESSOR_IDENTIFIER=Intel64 Family 6 Model 186 Stepping 2, GenuineIntel
TMP=C:\Users\prith\AppData\Local\Temp
TEMP=C:\Users\prith\AppData\Local\Temp




Periodic native trim disabled

---------------  S Y S T E M  ---------------

OS:
 Windows 11 , 64 bit Build 26100 (10.0.26100.6725)
OS uptime: 0 days 0:36 hours

CPU: total 12 (initial active 12) (6 cores per cpu, 2 threads per core) family 6 model 186 stepping 2 microcode 0x4128, cx8, cmov, fxsr, ht, mmx, 3dnowpref, sse, sse2, sse3, ssse3, sse4.1, sse4.2, popcnt, lzcnt, tsc, tscinvbit, avx, avx2, aes, erms, clmul, bmi1, bmi2, adx, sha, fma, vzeroupper, clflush, clflushopt, clwb, serialize, rdtscp, rdpid, fsrm, f16c, pku, cet_ibt, cet_ss
Processor Information for processor 0
  Max Mhz: 2100, Current Mhz: 2100, Mhz Limit: 2100
Processor Information for processor 1
  Max Mhz: 2100, Current Mhz: 2100, Mhz Limit: 2100
Processor Information for processor 2
  Max Mhz: 2100, Current Mhz: 2100, Mhz Limit: 2100
Processor Information for processor 3
  Max Mhz: 2100, Current Mhz: 2100, Mhz Limit: 2100
Processor Information for processor 4
  Max Mhz: 2100, Current Mhz: 2100, Mhz Limit: 2100
Processor Information for processor 5
  Max Mhz: 2100, Current Mhz: 2100, Mhz Limit: 2100
Processor Information for processor 6
  Max Mhz: 2100, Current Mhz: 2100, Mhz Limit: 2100
Processor Information for processor 7
  Max Mhz: 2100, Current Mhz: 2100, Mhz Limit: 2100
Processor Information for processor 8
  Max Mhz: 2100, Current Mhz: 1540, Mhz Limit: 2100
Processor Information for processor 9
  Max Mhz: 2100, Current Mhz: 1540, Mhz Limit: 2100
Processor Information for processor 10
  Max Mhz: 2100, Current Mhz: 1540, Mhz Limit: 2100
Processor Information for processor 11
  Max Mhz: 2100, Current Mhz: 1540, Mhz Limit: 2100

Memory: 4k page, system-wide physical 16024M (4971M free)
TotalPageFile size 16024M (AvailPageFile size 4M)
current process WorkingSet (physical memory assigned to process): 285M, peak: 294M
current process commit charge ("private bytes"): 394M, peak: 400M

vm_info: OpenJDK 64-Bit Server VM (21.0.10+7-LTS) for windows-amd64 JRE (21.0.10+7-LTS), built on 2026-01-20T00:00:00Z by "admin" with MS VC++ 17.12 (VS2022)

END.
