#
# There is insufficient memory for the Java Runtime Environment to continue.
# Native memory allocation (mmap) failed to map 65536 bytes. Error detail: Failed to commit metaspace.
# Possible reasons:
#   The system is out of physical RAM or swap space
#   This process is running with CompressedOops enabled, and the Java Heap may be blocking the growth of the native heap
# Possible solutions:
#   Reduce memory load on the system
#   Increase physical memory or swap space
#   Check if swap backing store is full
#   Decrease Java heap size (-Xmx/-Xms)
#   Decrease number of Java threads
#   Decrease Java thread stack sizes (-Xss)
#   Set larger code cache with -XX:ReservedCodeCacheSize=
#   JVM is running with Unscaled Compressed Oops mode in which the Java heap is
#     placed in the first 4GB address space. The Java Heap base address is the
#     maximum limit for the native heap growth. Please use -XX:HeapBaseMinAddress
#     to set the Java Heap base and to place the Java Heap above 4GB virtual address.
# This output file may be truncated or incomplete.
#
#  Out of Memory Error (virtualSpaceNode.cpp:113), pid=17748, tid=15920
#
# JRE version: OpenJDK Runtime Environment Temurin-21.0.10+7 (21.0.10+7) (build 21.0.10+7-LTS)
# Java VM: OpenJDK 64-Bit Server VM Temurin-21.0.10+7 (21.0.10+7-LTS, mixed mode, sharing, tiered, compressed oops, compressed class ptrs, parallel gc, windows-amd64)
# No core dump will be written. Minidumps are not enabled by default on client versions of Windows
#

---------------  S U M M A R Y ------------

Command Line: --add-modules=ALL-SYSTEM --add-opens=java.base/java.util=ALL-UNNAMED --add-opens=java.base/java.lang=ALL-UNNAMED --add-opens=java.base/sun.nio.fs=ALL-UNNAMED -Declipse.application=org.eclipse.jdt.ls.core.id1 -Dosgi.bundles.defaultStartLevel=4 -Declipse.product=org.eclipse.jdt.ls.core.product -Djava.import.generatesMetadataFilesAtProjectRoot=false -DDetectVMInstallationsJob.disabled=true -Dfile.encoding=utf8 -XX:+UseParallelGC -XX:GCTimeRatio=4 -XX:AdaptiveSizePolicyWeight=90 -Dsun.zip.disableMemoryMapping=true -Xmx2G -Xms100m -Xlog:disable -javaagent:c:\Users\prith\.vscode\extensions\redhat.java-1.53.0-win32-x64\lombok\lombok-1.18.39-4050.jar -XX:+HeapDumpOnOutOfMemoryError -XX:HeapDumpPath=c:\Users\prith\AppData\Roaming\Code\User\workspaceStorage\f6ae1ae6b6b1b25ef70508220a47b730\redhat.java -Daether.dependencyCollector.impl=bf c:\Users\prith\.vscode\extensions\redhat.java-1.53.0-win32-x64\server\plugins\org.eclipse.equinox.launcher_1.7.100.v20251111-0406.jar -configuration c:\Users\prith\AppData\Roaming\Code\User\globalStorage\redhat.java\1.53.0\config_win -data c:\Users\prith\AppData\Roaming\Code\User\workspaceStorage\f6ae1ae6b6b1b25ef70508220a47b730\redhat.java\jdt_ws --pipe=\\.\pipe\lsp-6cf6e37778070dd45954a60de370170a-sock

Host: 13th Gen Intel(R) Core(TM) i5-13420H, 12 cores, 15G,  Windows 11 , 64 bit Build 26100 (10.0.26100.6725)
Time: Fri Mar 13 22:59:08 2026 India Standard Time elapsed time: 3.860260 seconds (0d 0h 0m 3s)

---------------  T H R E A D  ---------------

Current thread (0x0000028981c9a290):  JavaThread "main"             [_thread_in_vm, id=15920, stack(0x0000008e3d500000,0x0000008e3d600000) (1024K)]

Stack: [0x0000008e3d500000,0x0000008e3d600000]
Native frames: (J=compiled Java code, j=interpreted, Vv=VM code, C=native code)
V  [jvm.dll+0x6d7a39]
V  [jvm.dll+0x8b4b26]
V  [jvm.dll+0x8b70de]
V  [jvm.dll+0x8b77c3]
V  [jvm.dll+0x284346]
V  [jvm.dll+0x8b086e]
V  [jvm.dll+0x679444]
V  [jvm.dll+0x1e82bb]
V  [jvm.dll+0x1e807e]
V  [jvm.dll+0x67bd42]
V  [jvm.dll+0x67bb72]
V  [jvm.dll+0x679e1e]
V  [jvm.dll+0x281217]
V  [jvm.dll+0x72dd4f]
V  [jvm.dll+0x72e88f]
V  [jvm.dll+0x3cc641]
V  [jvm.dll+0x3cb417]
V  [jvm.dll+0x3cb3b8]
V  [jvm.dll+0x4781be]
V  [jvm.dll+0x47ff0b]
C  [java.dll+0x13e9]

Java frames: (J=compiled Java code, j=interpreted, Vv=VM code)
j  java.lang.Class.forName0(Ljava/lang/String;ZLjava/lang/ClassLoader;Ljava/lang/Class;)Ljava/lang/Class;+0 java.base@21.0.10
j  java.lang.Class.forName(Ljava/lang/String;Ljava/lang/Class;)Ljava/lang/Class;+19 java.base@21.0.10
j  java.lang.Class.forName(Ljava/lang/String;)Ljava/lang/Class;+6 java.base@21.0.10
j  lombok.core.AgentLauncher.runAgents(Ljava/lang/String;Ljava/lang/instrument/Instrumentation;ZLjava/lang/Class;)V+30
j  java.lang.invoke.LambdaForm$DMH+0x000002899c004800.invokeStatic(Ljava/lang/Object;Ljava/lang/Object;Ljava/lang/Object;ILjava/lang/Object;)V+16 java.base@21.0.10
j  java.lang.invoke.LambdaForm$MH+0x000002899c008c00.invoke(Ljava/lang/Object;Ljava/lang/Object;Ljava/lang/Object;)Ljava/lang/Object;+124 java.base@21.0.10
j  java.lang.invoke.Invokers$Holder.invokeExact_MT(Ljava/lang/Object;Ljava/lang/Object;Ljava/lang/Object;Ljava/lang/Object;)Ljava/lang/Object;+20 java.base@21.0.10
j  jdk.internal.reflect.DirectMethodHandleAccessor.invokeImpl(Ljava/lang/Object;[Ljava/lang/Object;)Ljava/lang/Object;+104 java.base@21.0.10
j  jdk.internal.reflect.DirectMethodHandleAccessor.invoke(Ljava/lang/Object;[Ljava/lang/Object;)Ljava/lang/Object;+23 java.base@21.0.10
j  java.lang.reflect.Method.invoke(Ljava/lang/Object;[Ljava/lang/Object;)Ljava/lang/Object;+102 java.base@21.0.10
j  lombok.launch.Agent.runLauncher(Ljava/lang/String;Ljava/lang/instrument/Instrumentation;Z)V+73
j  lombok.launch.Agent.premain(Ljava/lang/String;Ljava/lang/instrument/Instrumentation;)V+3
j  java.lang.invoke.LambdaForm$DMH+0x000002899c000c00.invokeStatic(Ljava/lang/Object;Ljava/lang/Object;Ljava/lang/Object;)V+11 java.base@21.0.10
j  java.lang.invoke.LambdaForm$MH+0x000002899c002800.invoke(Ljava/lang/Object;Ljava/lang/Object;Ljava/lang/Object;Ljava/lang/Object;)Ljava/lang/Object;+54 java.base@21.0.10
j  java.lang.invoke.LambdaForm$MH+0x000002899c002c00.invokeExact_MT(Ljava/lang/Object;Ljava/lang/Object;Ljava/lang/Object;Ljava/lang/Object;Ljava/lang/Object;)Ljava/lang/Object;+22 java.base@21.0.10
j  jdk.internal.reflect.DirectMethodHandleAccessor.invokeImpl(Ljava/lang/Object;[Ljava/lang/Object;)Ljava/lang/Object;+72 java.base@21.0.10
j  jdk.internal.reflect.DirectMethodHandleAccessor.invoke(Ljava/lang/Object;[Ljava/lang/Object;)Ljava/lang/Object;+23 java.base@21.0.10
j  java.lang.reflect.Method.invoke(Ljava/lang/Object;[Ljava/lang/Object;)Ljava/lang/Object;+102 java.base@21.0.10
j  sun.instrument.InstrumentationImpl.loadClassAndStartAgent(Ljava/lang/String;Ljava/lang/String;Ljava/lang/String;)V+165 java.instrument@21.0.10
j  sun.instrument.InstrumentationImpl.loadClassAndCallPremain(Ljava/lang/String;Ljava/lang/String;)V+6 java.instrument@21.0.10
v  ~StubRoutines::call_stub 0x000002898e8b100d

---------------  P R O C E S S  ---------------

Threads class SMR info:
_java_thread_list=0x000002898412e520, length=11, elements={
0x0000028981c9a290, 0x000002898412e7a0, 0x0000028984221740, 0x000002898422f5d0,
0x0000028984232160, 0x0000028984233060, 0x00000289842356e0, 0x0000028984236130,
0x000002898423dc80, 0x00000289dd147de0, 0x00000289dd1e7a00
}

Java Threads: ( => current thread )
=>0x0000028981c9a290 JavaThread "main"                              [_thread_in_vm, id=15920, stack(0x0000008e3d500000,0x0000008e3d600000) (1024K)]
  0x000002898412e7a0 JavaThread "Reference Handler"          daemon [_thread_blocked, id=10416, stack(0x0000008e3d900000,0x0000008e3da00000) (1024K)]
  0x0000028984221740 JavaThread "Finalizer"                  daemon [_thread_blocked, id=18336, stack(0x0000008e3da00000,0x0000008e3db00000) (1024K)]
  0x000002898422f5d0 JavaThread "Signal Dispatcher"          daemon [_thread_blocked, id=16260, stack(0x0000008e3db00000,0x0000008e3dc00000) (1024K)]
  0x0000028984232160 JavaThread "Attach Listener"            daemon [_thread_blocked, id=12520, stack(0x0000008e3dc00000,0x0000008e3dd00000) (1024K)]
  0x0000028984233060 JavaThread "Service Thread"             daemon [_thread_blocked, id=8340, stack(0x0000008e3dd00000,0x0000008e3de00000) (1024K)]
  0x00000289842356e0 JavaThread "Monitor Deflation Thread"   daemon [_thread_blocked, id=13288, stack(0x0000008e3de00000,0x0000008e3df00000) (1024K)]
  0x0000028984236130 JavaThread "C2 CompilerThread0"         daemon [_thread_blocked, id=20432, stack(0x0000008e3df00000,0x0000008e3e000000) (1024K)]
  0x000002898423dc80 JavaThread "C1 CompilerThread0"         daemon [_thread_blocked, id=15408, stack(0x0000008e3e000000,0x0000008e3e100000) (1024K)]
  0x00000289dd147de0 JavaThread "Common-Cleaner"             daemon [_thread_blocked, id=17184, stack(0x0000008e3e200000,0x0000008e3e300000) (1024K)]
  0x00000289dd1e7a00 JavaThread "C2 CompilerThread1"         daemon [_thread_blocked, id=7364, stack(0x0000008e3e100000,0x0000008e3e200000) (1024K)]
Total: 11

Other Threads:
  0x0000028984114480 VMThread "VM Thread"                           [id=12676, stack(0x0000008e3d800000,0x0000008e3d900000) (1024K)] _threads_hazard_ptr=0x000002898412e520
  0x000002898400ca00 WatcherThread "VM Periodic Task Thread"        [id=8296, stack(0x0000008e3d700000,0x0000008e3d800000) (1024K)]
  0x000002898419abf0 WorkerThread "GC Thread#0"                     [id=13232, stack(0x0000008e3d600000,0x0000008e3d700000) (1024K)]
Total: 3

Threads with active compile tasks:
Total: 0

VM state: synchronizing (normal execution)

VM Mutex/Monitor currently owned by a thread:  ([mutex/lock_event])
[0x00007ffc1c23c4e0] Metaspace_lock - owner thread: 0x0000028981c9a290
[0x00007ffc1c23e560] Threads_lock - owner thread: 0x0000028984114480

Heap address: 0x0000000080000000, size: 2048 MB, Compressed Oops mode: 32-bit

CDS archive(s) mapped at: [0x000002899b000000-0x000002899bba0000-0x000002899bba0000), size 12189696, SharedBaseAddress: 0x000002899b000000, ArchiveRelocationMode: 1.
Compressed class space mapped at: 0x000002899c000000-0x00000289dc000000, reserved size: 1073741824
Narrow klass base: 0x000002899b000000, Narrow klass shift: 0, Narrow klass range: 0x100000000

GC Precious Log:
 CardTable entry size: 512
 CPUs: 12 total, 12 available
 Memory: 16024M
 Large Page Support: Disabled
 NUMA Support: Disabled
 Compressed Oops: Enabled (32-bit)
 Alignments: Space 512K, Generation 512K, Heap 2M
 Heap Min Capacity: 100M
 Heap Initial Capacity: 100M
 Heap Max Capacity: 2G
 Pre-touch: Disabled
 Parallel Workers: 10

Heap:
 PSYoungGen      total 29696K, used 6343K [0x00000000d5580000, 0x00000000d7680000, 0x0000000100000000)
  eden space 25600K, 24% used [0x00000000d5580000,0x00000000d5bb1f48,0x00000000d6e80000)
  from space 4096K, 0% used [0x00000000d7280000,0x00000000d7280000,0x00000000d7680000)
  to   space 4096K, 0% used [0x00000000d6e80000,0x00000000d6e80000,0x00000000d7280000)
 ParOldGen       total 68608K, used 0K [0x0000000080000000, 0x0000000084300000, 0x00000000d5580000)
  object space 68608K, 0% used [0x0000000080000000,0x0000000080000000,0x0000000084300000)
 Metaspace       used 835K, committed 960K, reserved 1114112K
  class space    used 70K, committed 128K, reserved 1048576K

Card table byte_map: [0x0000028983b20000,0x0000028983f30000] _byte_map_base: 0x0000028983720000

Marking Bits: (ParMarkBitMap*) 0x00007ffc1c243450
 Begin Bits: [0x0000028996630000, 0x0000028998630000)
 End Bits:   [0x0000028998630000, 0x000002899a630000)

Polling page: 0x0000028981fa0000

Metaspace:

Usage:
  Non-class:    765.30 KB used.
      Class:     70.26 KB used.
       Both:    835.55 KB used.

Virtual space:
  Non-class space:       64.00 MB reserved,     832.00 KB (  1%) committed,  1 nodes.
      Class space:        1.00 GB reserved,     128.00 KB ( <1%) committed,  1 nodes.
             Both:        1.06 GB reserved,     960.00 KB ( <1%) committed. 

Chunk freelists:
   Non-Class:  11.80 MB
       Class:  15.70 MB
        Both:  27.50 MB

MaxMetaspaceSize: unlimited
CompressedClassSpaceSize: 1.00 GB
Initial GC threshold: 21.00 MB
Current GC threshold: 21.00 MB
CDS: on
 - commit_granule_bytes: 65536.
 - commit_granule_words: 8192.
 - virtual_space_node_default_size: 8388608.
 - enlarge_chunks_in_place: 1.
 - use_allocation_guard: 0.


Internal statistics:

num_allocs_failed_limit: 0.
num_arena_births: 60.
num_arena_deaths: 0.
num_vsnodes_births: 2.
num_vsnodes_deaths: 0.
num_space_committed: 15.
num_space_uncommitted: 0.
num_chunks_returned_to_freelist: 0.
num_chunks_taken_from_freelist: 73.
num_chunk_merges: 0.
num_chunk_splits: 52.
num_chunks_enlarged: 32.
num_inconsistent_stats: 0.

CodeHeap 'non-profiled nmethods': size=120000Kb used=141Kb max_used=141Kb free=119858Kb
 bounds [0x000002898ee50000, 0x000002898f0c0000, 0x0000028996380000]
CodeHeap 'profiled nmethods': size=120000Kb used=568Kb max_used=568Kb free=119431Kb
 bounds [0x0000028987380000, 0x00000289875f0000, 0x000002898e8b0000]
CodeHeap 'non-nmethods': size=5760Kb used=1147Kb max_used=1175Kb free=4612Kb
 bounds [0x000002898e8b0000, 0x000002898eb20000, 0x000002898ee50000]
CodeCache: size=245760Kb, used=1856Kb, max_used=1884Kb, free=243901Kb
 total_blobs=827, nmethods=433, adapters=301, full_count=0
Compilation: enabled, stopped_count=0, restarted_count=0

Compilation events (20 events):
Event: 1.811 Thread 0x000002898423dc80 nmethod 423 0x000002898ee70f90 code [0x000002898ee71120, 0x000002898ee711e8]
Event: 1.812 Thread 0x000002898423dc80  427   !   3       jdk.internal.misc.Blocker::begin (97 bytes)
Event: 1.813 Thread 0x000002898423dc80 nmethod 427 0x000002898740bf90 code [0x000002898740c1c0, 0x000002898740ca98]
Event: 1.813 Thread 0x000002898423dc80  428       3       jdk.internal.misc.Blocker::end (71 bytes)
Event: 1.814 Thread 0x000002898423dc80 nmethod 428 0x000002898740cd10 code [0x000002898740cf00, 0x000002898740d3c0]
Event: 1.814 Thread 0x000002898423dc80  429       3       java.lang.System$2::currentCarrierThread (4 bytes)
Event: 1.814 Thread 0x000002898423dc80 nmethod 429 0x000002898740d590 code [0x000002898740d720, 0x000002898740d848]
Event: 1.827 Thread 0x000002898423dc80  433       3       java.lang.String::lastIndexOf (12 bytes)
Event: 1.829 Thread 0x000002898423dc80 nmethod 433 0x000002898740d910 code [0x000002898740db00, 0x000002898740def0]
Event: 1.829 Thread 0x00000289dd1e7a00  432       4       lombok.launch.PackageShader::readValue (21 bytes)
Event: 1.831 Thread 0x00000289dd1e7a00 nmethod 432 0x000002898ee71290 code [0x000002898ee71420, 0x000002898ee71500]
Event: 1.831 Thread 0x00000289dd1e7a00  431       4       lombok.launch.ClassFileMetaData::readValue (27 bytes)
Event: 1.833 Thread 0x00000289dd1e7a00 nmethod 431 0x000002898ee71610 code [0x000002898ee717a0, 0x000002898ee718a8]
Event: 1.833 Thread 0x00000289dd1e7a00  430       4       java.net.URI::match (56 bytes)
Event: 1.835 Thread 0x00000289dd1e7a00 nmethod 430 0x000002898ee71990 code [0x000002898ee71b20, 0x000002898ee71c38]
Event: 1.835 Thread 0x00000289dd1e7a00  425       4       java.lang.String::indexOf (37 bytes)
Event: 1.836 Thread 0x0000028984236130 nmethod 415 0x000002898ee71d10 code [0x000002898ee71ee0, 0x000002898ee727a8]
Event: 1.837 Thread 0x0000028984236130  426       4       java.lang.StringLatin1::indexOf (37 bytes)
Event: 1.840 Thread 0x00000289dd1e7a00 nmethod 425 0x000002898ee72b90 code [0x000002898ee72d20, 0x000002898ee72f90]
Event: 1.840 Thread 0x0000028984236130 nmethod 426 0x000002898ee73110 code [0x000002898ee732a0, 0x000002898ee734c0]

GC Heap History (0 events):
No events

Dll operation events (7 events):
Event: 0.032 Loaded shared library c:\Users\prith\.vscode\extensions\redhat.java-1.53.0-win32-x64\jre\21.0.10-win32-x86_64\bin\java.dll
Event: 0.244 Loaded shared library c:\Users\prith\.vscode\extensions\redhat.java-1.53.0-win32-x64\jre\21.0.10-win32-x86_64\bin\zip.dll
Event: 1.346 Loaded shared library C:\Users\prith\.vscode\extensions\redhat.java-1.53.0-win32-x64\jre\21.0.10-win32-x86_64\bin\instrument.dll
Event: 1.362 Loaded shared library C:\Users\prith\.vscode\extensions\redhat.java-1.53.0-win32-x64\jre\21.0.10-win32-x86_64\bin\net.dll
Event: 1.368 Loaded shared library C:\Users\prith\.vscode\extensions\redhat.java-1.53.0-win32-x64\jre\21.0.10-win32-x86_64\bin\nio.dll
Event: 1.401 Loaded shared library C:\Users\prith\.vscode\extensions\redhat.java-1.53.0-win32-x64\jre\21.0.10-win32-x86_64\bin\zip.dll
Event: 1.482 Loaded shared library C:\Users\prith\.vscode\extensions\redhat.java-1.53.0-win32-x64\jre\21.0.10-win32-x86_64\bin\jimage.dll

Deoptimization events (18 events):
Event: 1.414 Thread 0x0000028981c9a290 Uncommon trap: trap_request=0xffffffde fr.pc=0x000002898ee60760 relative=0x0000000000000720
Event: 1.414 Thread 0x0000028981c9a290 Uncommon trap: reason=class_check action=maybe_recompile pc=0x000002898ee60760 method=java.util.HashMap.putVal(ILjava/lang/Object;Ljava/lang/Object;ZZ)Ljava/lang/Object; @ 152 c2
Event: 1.414 Thread 0x0000028981c9a290 DEOPT PACKING pc=0x000002898ee60760 sp=0x0000008e3d5fe840
Event: 1.414 Thread 0x0000028981c9a290 DEOPT UNPACKING pc=0x000002898e903aa2 sp=0x0000008e3d5fe7a0 mode 2
Event: 1.414 Thread 0x0000028981c9a290 Uncommon trap: trap_request=0xffffffde fr.pc=0x000002898ee60760 relative=0x0000000000000720
Event: 1.414 Thread 0x0000028981c9a290 Uncommon trap: reason=class_check action=maybe_recompile pc=0x000002898ee60760 method=java.util.HashMap.putVal(ILjava/lang/Object;Ljava/lang/Object;ZZ)Ljava/lang/Object; @ 152 c2
Event: 1.415 Thread 0x0000028981c9a290 DEOPT PACKING pc=0x000002898ee60760 sp=0x0000008e3d5fe840
Event: 1.415 Thread 0x0000028981c9a290 DEOPT UNPACKING pc=0x000002898e903aa2 sp=0x0000008e3d5fe7a0 mode 2
Event: 1.526 Thread 0x0000028981c9a290 DEOPT PACKING pc=0x00000289873b4b49 sp=0x0000008e3d5fe620
Event: 1.526 Thread 0x0000028981c9a290 DEOPT UNPACKING pc=0x000002898e904242 sp=0x0000008e3d5fdaa8 mode 0
Event: 1.529 Thread 0x0000028981c9a290 DEOPT PACKING pc=0x00000289873b4b49 sp=0x0000008e3d5fe620
Event: 1.529 Thread 0x0000028981c9a290 DEOPT UNPACKING pc=0x000002898e904242 sp=0x0000008e3d5fdaa8 mode 0
Event: 1.530 Thread 0x0000028981c9a290 DEOPT PACKING pc=0x00000289873b4b49 sp=0x0000008e3d5fe620
Event: 1.530 Thread 0x0000028981c9a290 DEOPT UNPACKING pc=0x000002898e904242 sp=0x0000008e3d5fdaa8 mode 0
Event: 1.533 Thread 0x0000028981c9a290 DEOPT PACKING pc=0x00000289873b4b49 sp=0x0000008e3d5fe620
Event: 1.533 Thread 0x0000028981c9a290 DEOPT UNPACKING pc=0x000002898e904242 sp=0x0000008e3d5fdaa8 mode 0
Event: 1.816 Thread 0x0000028981c9a290 DEOPT PACKING pc=0x00000289873b04fc sp=0x0000008e3d5f9e30
Event: 1.817 Thread 0x0000028981c9a290 DEOPT UNPACKING pc=0x000002898e904242 sp=0x0000008e3d5f9250 mode 0

Classes loaded (20 events):
Event: 1.606 Loading class sun/net/www/MessageHeader
Event: 1.606 Loading class sun/net/www/MessageHeader done
Event: 1.607 Loading class sun/net/www/protocol/jar/URLJarFile
Event: 1.608 Loading class sun/net/www/protocol/jar/URLJarFile done
Event: 1.611 Loading class sun/net/www/protocol/jar/URLJarFile$URLJarFileEntry
Event: 1.611 Loading class sun/net/www/protocol/jar/URLJarFile$URLJarFileEntry done
Event: 1.612 Loading class sun/net/www/protocol/jar/JarURLConnection$JarURLInputStream
Event: 1.612 Loading class sun/net/www/protocol/jar/JarURLConnection$JarURLInputStream done
Event: 1.616 Loading class java/lang/AssertionError
Event: 1.616 Loading class java/lang/AssertionError done
Event: 1.624 Loading class sun/net/www/protocol/jrt/Handler
Event: 1.624 Loading class sun/net/www/protocol/jrt/Handler done
Event: 1.684 Loading class jdk/internal/foreign/MemorySessionImpl
Event: 1.684 Loading class java/lang/foreign/MemorySegment$Scope
Event: 1.684 Loading class java/lang/foreign/MemorySegment$Scope done
Event: 1.684 Loading class jdk/internal/foreign/MemorySessionImpl done
Event: 1.697 Loading class sun/invoke/util/ValueConversions$1
Event: 1.697 Loading class sun/invoke/util/ValueConversions$1 done
Event: 1.700 Loading class java/lang/invoke/BoundMethodHandle$Species_LI
Event: 1.700 Loading class java/lang/invoke/BoundMethodHandle$Species_LI done

Classes unloaded (0 events):
No events

Classes redefined (0 events):
No events

Internal exceptions (10 events):
Event: 0.234 Thread 0x0000028981c9a290 Exception <a 'java/lang/NoSuchMethodError'{0x00000000d57a9570}: 'void java.lang.invoke.DirectMethodHandle$Holder.invokeStatic(java.lang.Object, java.lang.Object, java.lang.Object)'> (0x00000000d57a9570) 
thrown [s\src\hotspot\share\interpreter\linkResolver.cpp, line 773]
Event: 1.451 Thread 0x0000028981c9a290 Exception <a 'java/lang/NoSuchMethodError'{0x00000000d5912b30}: 'java.lang.Object java.lang.invoke.Invokers$Holder.invokeExact_MT(java.lang.Object, java.lang.Object, java.lang.Object, java.lang.Object, java.lang.Object)'> (0x00000000d5912b30) 
thrown [s\src\hotspot\share\interpreter\linkResolver.cpp, line 773]
Event: 1.698 Thread 0x0000028981c9a290 Exception <a 'java/lang/NoSuchMethodError'{0x00000000d59cbe60}: 'int java.lang.invoke.DirectMethodHandle$Holder.invokeSpecial(java.lang.Object, java.lang.Object, java.lang.Object, int)'> (0x00000000d59cbe60) 
thrown [s\src\hotspot\share\interpreter\linkResolver.cpp, line 773]
Event: 1.712 Thread 0x0000028981c9a290 Exception <a 'java/lang/NoSuchMethodError'{0x00000000d59de848}: 'java.lang.Object java.lang.invoke.DirectMethodHandle$Holder.invokeStatic(java.lang.Object, java.lang.Object, java.lang.Object, java.lang.Object, int)'> (0x00000000d59de848) 
thrown [s\src\hotspot\share\interpreter\linkResolver.cpp, line 773]
Event: 1.718 Thread 0x0000028981c9a290 Exception <a 'java/lang/NoSuchMethodError'{0x00000000d59e9c88}: 'void java.lang.invoke.DelegatingMethodHandle$Holder.reinvoke_L(java.lang.Object, java.lang.Object, java.lang.Object, int, java.lang.Object)'> (0x00000000d59e9c88) 
thrown [s\src\hotspot\share\interpreter\linkResolver.cpp, line 773]
Event: 1.731 Thread 0x0000028981c9a290 Exception <a 'java/lang/NoSuchMethodError'{0x00000000d59fa5d8}: 'int java.lang.invoke.DirectMethodHandle$Holder.invokeSpecial(java.lang.Object, java.lang.Object, java.lang.Object)'> (0x00000000d59fa5d8) 
thrown [s\src\hotspot\share\interpreter\linkResolver.cpp, line 773]
Event: 1.737 Thread 0x0000028981c9a290 Exception <a 'java/lang/NoSuchMethodError'{0x00000000d5a06298}: 'java.lang.Object java.lang.invoke.DirectMethodHandle$Holder.invokeStatic(java.lang.Object, java.lang.Object, int)'> (0x00000000d5a06298) 
thrown [s\src\hotspot\share\interpreter\linkResolver.cpp, line 773]
Event: 1.740 Thread 0x0000028981c9a290 Exception <a 'java/lang/NoSuchMethodError'{0x00000000d5a0abe8}: 'void java.lang.invoke.DirectMethodHandle$Holder.invokeStatic(java.lang.Object, java.lang.Object, int, java.lang.Object)'> (0x00000000d5a0abe8) 
thrown [s\src\hotspot\share\interpreter\linkResolver.cpp, line 773]
Event: 1.742 Thread 0x0000028981c9a290 Exception <a 'java/lang/NoSuchMethodError'{0x00000000d5a0e778}: 'void java.lang.invoke.DirectMethodHandle$Holder.invokeSpecial(java.lang.Object, java.lang.Object, java.lang.Object, int, java.lang.Object)'> (0x00000000d5a0e778) 
thrown [s\src\hotspot\share\interpreter\linkResolver.cpp, line 773]
Event: 1.744 Thread 0x0000028981c9a290 Exception <a 'java/lang/NoSuchMethodError'{0x00000000d5a11be8}: 'void java.lang.invoke.DelegatingMethodHandle$Holder.delegate(java.lang.Object, java.lang.Object, int, java.lang.Object)'> (0x00000000d5a11be8) 
thrown [s\src\hotspot\share\interpreter\linkResolver.cpp, line 773]

ZGC Phase Switch (0 events):
No events

VM Operations (7 events):
Event: 0.241 Executing non-safepoint VM operation: HandshakeAllThreads (Deoptimize)
Event: 0.241 Executing non-safepoint VM operation: HandshakeAllThreads (Deoptimize) done
Event: 1.251 Executing safepoint VM operation: Cleanup
Event: 1.283 Executing safepoint VM operation: Cleanup done
Event: 1.608 Executing non-safepoint VM operation: HandshakeAllThreads (Deoptimize)
Event: 1.608 Executing non-safepoint VM operation: HandshakeAllThreads (Deoptimize) done
Event: 2.621 Executing safepoint VM operation: Cleanup

Memory protections (0 events):
No events

Nmethod flushes (0 events):
No events

Events (13 events):
Event: 0.092 Thread 0x0000028981c9a290 Thread added: 0x0000028981c9a290
Event: 0.132 Thread 0x0000028981c9a290 Thread added: 0x000002898412e7a0
Event: 0.132 Thread 0x0000028981c9a290 Thread added: 0x0000028984221740
Event: 0.133 Thread 0x0000028981c9a290 Thread added: 0x000002898422f5d0
Event: 0.133 Thread 0x0000028981c9a290 Thread added: 0x0000028984232160
Event: 0.133 Thread 0x0000028981c9a290 Thread added: 0x0000028984233060
Event: 0.133 Thread 0x0000028981c9a290 Thread added: 0x00000289842356e0
Event: 0.133 Thread 0x0000028981c9a290 Thread added: 0x0000028984236130
Event: 0.134 Thread 0x0000028981c9a290 Thread added: 0x000002898423dc80
Event: 1.284 Thread 0x000002898423dc80 Thread added: 0x00000289dd0ac3a0
Event: 1.352 Thread 0x0000028981c9a290 Thread added: 0x00000289dd147de0
Event: 1.404 Thread 0x00000289dd0ac3a0 Thread exited: 0x00000289dd0ac3a0
Event: 1.829 Thread 0x000002898423dc80 Thread added: 0x00000289dd1e7a00


Dynamic libraries:
0x00007ff6ebde0000 - 0x00007ff6ebdee000 	c:\Users\prith\.vscode\extensions\redhat.java-1.53.0-win32-x64\jre\21.0.10-win32-x86_64\bin\java.exe
0x00007ffd10c00000 - 0x00007ffd10e68000 	C:\WINDOWS\SYSTEM32\ntdll.dll
0x00007ffd0e9d0000 - 0x00007ffd0ea99000 	C:\WINDOWS\System32\KERNEL32.DLL
0x00007ffd0e5d0000 - 0x00007ffd0e9c2000 	C:\WINDOWS\System32\KERNELBASE.dll
0x00007ffd0e480000 - 0x00007ffd0e5cb000 	C:\WINDOWS\System32\ucrtbase.dll
0x00007ffc59ee0000 - 0x00007ffc59efe000 	c:\Users\prith\.vscode\extensions\redhat.java-1.53.0-win32-x64\jre\21.0.10-win32-x86_64\bin\VCRUNTIME140.dll
0x00007ffc59f00000 - 0x00007ffc59f18000 	c:\Users\prith\.vscode\extensions\redhat.java-1.53.0-win32-x64\jre\21.0.10-win32-x86_64\bin\jli.dll
0x00007ffd10080000 - 0x00007ffd10245000 	C:\WINDOWS\System32\USER32.dll
0x00007ffd0e0e0000 - 0x00007ffd0e107000 	C:\WINDOWS\System32\win32u.dll
0x00007ffce7a20000 - 0x00007ffce7cb3000 	C:\WINDOWS\WinSxS\amd64_microsoft.windows.common-controls_6595b64144ccf1df_6.0.26100.6725_none_3e085828e334708b\COMCTL32.dll
0x00007ffd10050000 - 0x00007ffd1007b000 	C:\WINDOWS\System32\GDI32.dll
0x00007ffd0fa00000 - 0x00007ffd0faa9000 	C:\WINDOWS\System32\msvcrt.dll
0x00007ffd0de30000 - 0x00007ffd0df5d000 	C:\WINDOWS\System32\gdi32full.dll
0x00007ffd0e310000 - 0x00007ffd0e3b3000 	C:\WINDOWS\System32\msvcp_win.dll
0x00007ffd0ebe0000 - 0x00007ffd0ec0f000 	C:\WINDOWS\System32\IMM32.DLL
0x00007ffc8de60000 - 0x00007ffc8de6c000 	c:\Users\prith\.vscode\extensions\redhat.java-1.53.0-win32-x64\jre\21.0.10-win32-x86_64\bin\vcruntime140_1.dll
0x00007ffc1c330000 - 0x00007ffc1c3bd000 	c:\Users\prith\.vscode\extensions\redhat.java-1.53.0-win32-x64\jre\21.0.10-win32-x86_64\bin\msvcp140.dll
0x00007ffc1b580000 - 0x00007ffc1c321000 	c:\Users\prith\.vscode\extensions\redhat.java-1.53.0-win32-x64\jre\21.0.10-win32-x86_64\bin\server\jvm.dll
0x00007ffd0f020000 - 0x00007ffd0f0d4000 	C:\WINDOWS\System32\ADVAPI32.dll
0x00007ffd0eb30000 - 0x00007ffd0ebd6000 	C:\WINDOWS\System32\sechost.dll
0x00007ffd0f8b0000 - 0x00007ffd0f9c8000 	C:\WINDOWS\System32\RPCRT4.dll
0x00007ffd0f830000 - 0x00007ffd0f8a4000 	C:\WINDOWS\System32\WS2_32.dll
0x00007ffd0ce40000 - 0x00007ffd0ce9e000 	C:\WINDOWS\SYSTEM32\POWRPROF.dll
0x00007ffd01ee0000 - 0x00007ffd01f15000 	C:\WINDOWS\SYSTEM32\WINMM.dll
0x00007ffd02b90000 - 0x00007ffd02b9b000 	C:\WINDOWS\SYSTEM32\VERSION.dll
0x00007ffd0cd10000 - 0x00007ffd0cd24000 	C:\WINDOWS\SYSTEM32\UMPDC.dll
0x00007ffd0cbd0000 - 0x00007ffd0cbeb000 	C:\WINDOWS\SYSTEM32\kernel.appcore.dll
0x00007ffc78810000 - 0x00007ffc7881a000 	c:\Users\prith\.vscode\extensions\redhat.java-1.53.0-win32-x64\jre\21.0.10-win32-x86_64\bin\jimage.dll
0x00007ffd0b510000 - 0x00007ffd0b752000 	C:\WINDOWS\SYSTEM32\DBGHELP.DLL
0x00007ffd0ec20000 - 0x00007ffd0ef9b000 	C:\WINDOWS\System32\combase.dll
0x00007ffd0fd50000 - 0x00007ffd0fe27000 	C:\WINDOWS\System32\OLEAUT32.dll
0x00007ffcd3460000 - 0x00007ffcd349c000 	C:\WINDOWS\SYSTEM32\dbgcore.DLL
0x00007ffd0dd90000 - 0x00007ffd0de28000 	C:\WINDOWS\System32\bcryptPrimitives.dll
0x00007ffd06070000 - 0x00007ffd0607f000 	c:\Users\prith\.vscode\extensions\redhat.java-1.53.0-win32-x64\jre\21.0.10-win32-x86_64\bin\instrument.dll
0x00007ffc1b560000 - 0x00007ffc1b580000 	c:\Users\prith\.vscode\extensions\redhat.java-1.53.0-win32-x64\jre\21.0.10-win32-x86_64\bin\java.dll
0x00007ffd0f0e0000 - 0x00007ffd0f82c000 	C:\WINDOWS\System32\SHELL32.dll
0x00007ffd0e1a0000 - 0x00007ffd0e30b000 	C:\WINDOWS\System32\wintypes.dll
0x00007ffd0ba00000 - 0x00007ffd0c25d000 	C:\WINDOWS\SYSTEM32\windows.storage.dll
0x00007ffd10970000 - 0x00007ffd10a62000 	C:\WINDOWS\System32\SHCORE.dll
0x00007ffd10260000 - 0x00007ffd102c2000 	C:\WINDOWS\System32\shlwapi.dll
0x00007ffd0dcb0000 - 0x00007ffd0dcd9000 	C:\WINDOWS\SYSTEM32\profapi.dll
0x00007ffc1b2e0000 - 0x00007ffc1b2f8000 	c:\Users\prith\.vscode\extensions\redhat.java-1.53.0-win32-x64\jre\21.0.10-win32-x86_64\bin\zip.dll
0x00007ffc78580000 - 0x00007ffc78590000 	C:\Users\prith\.vscode\extensions\redhat.java-1.53.0-win32-x64\jre\21.0.10-win32-x86_64\bin\net.dll
0x00007ffd047d0000 - 0x00007ffd048ef000 	C:\WINDOWS\SYSTEM32\WINHTTP.dll
0x00007ffd0d1f0000 - 0x00007ffd0d25b000 	C:\WINDOWS\system32\mswsock.dll
0x00007ffc1b2c0000 - 0x00007ffc1b2d6000 	C:\Users\prith\.vscode\extensions\redhat.java-1.53.0-win32-x64\jre\21.0.10-win32-x86_64\bin\nio.dll

JVMTI agents:
c:\Users\prith\.vscode\extensions\redhat.java-1.53.0-win32-x64\lombok\lombok-1.18.39-4050.jar path:c:\Users\prith\.vscode\extensions\redhat.java-1.53.0-win32-x64\jre\21.0.10-win32-x86_64\bin\instrument.dll, loaded, initialized, instrumentlib options:none

dbghelp: loaded successfully - version: 4.0.5 - missing functions: none
symbol engine: initialized successfully - sym options: 0x614 - pdb path: .;c:\Users\prith\.vscode\extensions\redhat.java-1.53.0-win32-x64\jre\21.0.10-win32-x86_64\bin;C:\WINDOWS\SYSTEM32;C:\WINDOWS\WinSxS\amd64_microsoft.windows.common-controls_6595b64144ccf1df_6.0.26100.6725_none_3e085828e334708b;c:\Users\prith\.vscode\extensions\redhat.java-1.53.0-win32-x64\jre\21.0.10-win32-x86_64\bin\server

VM Arguments:
jvm_args: --add-modules=ALL-SYSTEM --add-opens=java.base/java.util=ALL-UNNAMED --add-opens=java.base/java.lang=ALL-UNNAMED --add-opens=java.base/sun.nio.fs=ALL-UNNAMED -Declipse.application=org.eclipse.jdt.ls.core.id1 -Dosgi.bundles.defaultStartLevel=4 -Declipse.product=org.eclipse.jdt.ls.core.product -Djava.import.generatesMetadataFilesAtProjectRoot=false -DDetectVMInstallationsJob.disabled=true -Dfile.encoding=utf8 -XX:+UseParallelGC -XX:GCTimeRatio=4 -XX:AdaptiveSizePolicyWeight=90 -Dsun.zip.disableMemoryMapping=true -Xmx2G -Xms100m -Xlog:disable -javaagent:c:\Users\prith\.vscode\extensions\redhat.java-1.53.0-win32-x64\lombok\lombok-1.18.39-4050.jar -XX:+HeapDumpOnOutOfMemoryError -XX:HeapDumpPath=c:\Users\prith\AppData\Roaming\Code\User\workspaceStorage\f6ae1ae6b6b1b25ef70508220a47b730\redhat.java -Daether.dependencyCollector.impl=bf 
java_command: c:\Users\prith\.vscode\extensions\redhat.java-1.53.0-win32-x64\server\plugins\org.eclipse.equinox.launcher_1.7.100.v20251111-0406.jar -configuration c:\Users\prith\AppData\Roaming\Code\User\globalStorage\redhat.java\1.53.0\config_win -data c:\Users\prith\AppData\Roaming\Code\User\workspaceStorage\f6ae1ae6b6b1b25ef70508220a47b730\redhat.java\jdt_ws --pipe=\\.\pipe\lsp-6cf6e37778070dd45954a60de370170a-sock
java_class_path (initial): c:\Users\prith\.vscode\extensions\redhat.java-1.53.0-win32-x64\server\plugins\org.eclipse.equinox.launcher_1.7.100.v20251111-0406.jar
Launcher Type: SUN_STANDARD

[Global flags]
    uintx AdaptiveSizePolicyWeight                 = 90                                        {product} {command line}
     intx CICompilerCount                          = 4                                         {product} {ergonomic}
    uintx GCTimeRatio                              = 4                                         {product} {command line}
     bool HeapDumpOnOutOfMemoryError               = true                                   {manageable} {command line}
    ccstr HeapDumpPath                             = c:\Users\prith\AppData\Roaming\Code\User\workspaceStorage\f6ae1ae6b6b1b25ef70508220a47b730\redhat.java         {manageable} {command line}
   size_t InitialHeapSize                          = 104857600                                 {product} {command line}
   size_t MaxHeapSize                              = 2147483648                                {product} {command line}
   size_t MaxNewSize                               = 715653120                                 {product} {ergonomic}
   size_t MinHeapDeltaBytes                        = 524288                                    {product} {ergonomic}
   size_t MinHeapSize                              = 104857600                                 {product} {command line}
   size_t NewSize                                  = 34603008                                  {product} {ergonomic}
    uintx NonNMethodCodeHeapSize                   = 5839372                                {pd product} {ergonomic}
    uintx NonProfiledCodeHeapSize                  = 122909434                              {pd product} {ergonomic}
   size_t OldSize                                  = 70254592                                  {product} {ergonomic}
    uintx ProfiledCodeHeapSize                     = 122909434                              {pd product} {ergonomic}
    uintx ReservedCodeCacheSize                    = 251658240                              {pd product} {ergonomic}
     bool SegmentedCodeCache                       = true                                      {product} {ergonomic}
   size_t SoftMaxHeapSize                          = 2147483648                             {manageable} {ergonomic}
     bool UseCompressedOops                        = true                           {product lp64_product} {ergonomic}
     bool UseLargePagesIndividualAllocation        = false                                  {pd product} {ergonomic}
     bool UseParallelGC                            = true                                      {product} {command line}

Logging:
Log output configuration:
 #0: stdout all=off uptime,level,tags foldmultilines=false
 #1: stderr all=off uptime,level,tags foldmultilines=false

Release file:
<release file has not been read>
Environment Variables:
PATH=C:\Users\prith\AppData\Local\Programs\Microsoft VS Code;C:\Program Files\Common Files\Oracle\Java\javapath;C:\windows\system32;C:\windows;C:\windows\System32\Wbem;C:\windows\System32\WindowsPowerShell\v1.0\;C:\windows\System32\OpenSSH\;C:\Program Files (x86)\NVIDIA Corporation\PhysX\Common;C:\Program Files\NVIDIA Corporation\NVIDIA NvDLISR;C:\Users\Administrator\AppData\Local\Microsoft\WindowsApps;C:\Program Files\HP\OMEN-Broadcast\Common;C:\WINDOWS\system32;C:\WINDOWS;C:\WINDOWS\System32\Wbem;C:\WINDOWS\System32\WindowsPowerShell\v1.0\;C:\WINDOWS\System32\OpenSSH\;C:\Program Files\HP\HP One Agent;C:\Program Files\dotnet\;C:\Program Files\Git\cmd;C:\Program Files\nodejs\;C:\Program Files\Microsoft SQL Server\170\Tools\Binn\;C:\Program Files\Microsoft SQL Server\Client SDK\ODBC\170\Tools\Binn\;C:\Users\prith\AppData\Local\Programs\Python\Python313\Scripts\;C:\Users\prith\AppData\Local\Programs\Python\Python313\;C:\Users\prith\AppData\Local\Programs\Python\Launcher\;C:\Users\prith\AppData\Local\Programs\Python\Python312\Scripts\;C:\Users\prith\AppData\Local\Programs\Python\Python312\;C:\Users\prith\AppData\Local\Programs\Python\Python310\Scripts\;C:\Users\prith\AppData\Local\Programs\Python\Python310\;C:\Users\prith\AppData\Local\Microsoft\WindowsApps;C:\Program Files\JetBrains\PyCharm Community Edition 2025.1.2\bin;;C:\Users\prith\AppData\Local\Microsoft\WinGet\Packages\yt-dlp.yt-dlp_Microsoft.Winget.Source_8wekyb3d8bbwe;C:\Users\prith\AppData\Local\Microsoft\WinGet\Packages\Gyan.FFmpeg_Microsoft.Winget.Source_8wekyb3d8bbwe\ffmpeg-7.1.1-full_build\bin;C:\Users\prith\AppData\Local\Programs\Antigravity\bin;C:\Users\prith\AppData\Roaming\npm;C:\Users\prith\Documents\prithvi\hackathon\flutter\bin;C:\Users\prith\.dotnet\tools;C:\Users\prith\AppData\Local\Programs\Microsoft VS Code\bin
USERNAME=prith
OS=Windows_NT
PROCESSOR_IDENTIFIER=Intel64 Family 6 Model 186 Stepping 2, GenuineIntel
TMP=C:\Users\prith\AppData\Local\Temp
TEMP=C:\Users\prith\AppData\Local\Temp




Periodic native trim disabled

---------------  S Y S T E M  ---------------

OS:
 Windows 11 , 64 bit Build 26100 (10.0.26100.6725)
OS uptime: 0 days 0:38 hours

CPU: total 12 (initial active 12) (6 cores per cpu, 2 threads per core) family 6 model 186 stepping 2 microcode 0x4128, cx8, cmov, fxsr, ht, mmx, 3dnowpref, sse, sse2, sse3, ssse3, sse4.1, sse4.2, popcnt, lzcnt, tsc, tscinvbit, avx, avx2, aes, erms, clmul, bmi1, bmi2, adx, sha, fma, vzeroupper, clflush, clflushopt, clwb, serialize, rdtscp, rdpid, fsrm, f16c, pku, cet_ibt, cet_ss
Processor Information for processor 0
  Max Mhz: 2100, Current Mhz: 2100, Mhz Limit: 2100
Processor Information for processor 1
  Max Mhz: 2100, Current Mhz: 2100, Mhz Limit: 2100
Processor Information for processor 2
  Max Mhz: 2100, Current Mhz: 2100, Mhz Limit: 2100
Processor Information for processor 3
  Max Mhz: 2100, Current Mhz: 2100, Mhz Limit: 2100
Processor Information for processor 4
  Max Mhz: 2100, Current Mhz: 2100, Mhz Limit: 2100
Processor Information for processor 5
  Max Mhz: 2100, Current Mhz: 2100, Mhz Limit: 2100
Processor Information for processor 6
  Max Mhz: 2100, Current Mhz: 2100, Mhz Limit: 2100
Processor Information for processor 7
  Max Mhz: 2100, Current Mhz: 2100, Mhz Limit: 2100
Processor Information for processor 8
  Max Mhz: 2100, Current Mhz: 2100, Mhz Limit: 2100
Processor Information for processor 9
  Max Mhz: 2100, Current Mhz: 1540, Mhz Limit: 2100
Processor Information for processor 10
  Max Mhz: 2100, Current Mhz: 1540, Mhz Limit: 2100
Processor Information for processor 11
  Max Mhz: 2100, Current Mhz: 1540, Mhz Limit: 2100

Memory: 4k page, system-wide physical 16024M (5153M free)
TotalPageFile size 16024M (AvailPageFile size 0M)
current process WorkingSet (physical memory assigned to process): 43M, peak: 43M
current process commit charge ("private bytes"): 230M, peak: 230M

vm_info: OpenJDK 64-Bit Server VM (21.0.10+7-LTS) for windows-amd64 JRE (21.0.10+7-LTS), built on 2026-01-20T00:00:00Z by "admin" with MS VC++ 17.12 (VS2022)

END.
