#
# There is insufficient memory for the Java Runtime Environment to continue.
# Native memory allocation (malloc) failed to allocate 257856 bytes. Error detail: Chunk::new
# Possible reasons:
#   The system is out of physical RAM or swap space
#   This process is running with CompressedOops enabled, and the Java Heap may be blocking the growth of the native heap
# Possible solutions:
#   Reduce memory load on the system
#   Increase physical memory or swap space
#   Check if swap backing store is full
#   Decrease Java heap size (-Xmx/-Xms)
#   Decrease number of Java threads
#   Decrease Java thread stack sizes (-Xss)
#   Set larger code cache with -XX:ReservedCodeCacheSize=
#   JVM is running with Unscaled Compressed Oops mode in which the Java heap is
#     placed in the first 4GB address space. The Java Heap base address is the
#     maximum limit for the native heap growth. Please use -XX:HeapBaseMinAddress
#     to set the Java Heap base and to place the Java Heap above 4GB virtual address.
# This output file may be truncated or incomplete.
#
#  Out of Memory Error (arena.cpp:168), pid=16624, tid=19888
#
# JRE version: OpenJDK Runtime Environment Temurin-21.0.10+7 (21.0.10+7) (build 21.0.10+7-LTS)
# Java VM: OpenJDK 64-Bit Server VM Temurin-21.0.10+7 (21.0.10+7-LTS, mixed mode, sharing, tiered, compressed oops, compressed class ptrs, parallel gc, windows-amd64)
# No core dump will be written. Minidumps are not enabled by default on client versions of Windows
#

---------------  S U M M A R Y ------------

Command Line: --add-modules=ALL-SYSTEM --add-opens=java.base/java.util=ALL-UNNAMED --add-opens=java.base/java.lang=ALL-UNNAMED --add-opens=java.base/sun.nio.fs=ALL-UNNAMED -Declipse.application=org.eclipse.jdt.ls.core.id1 -Dosgi.bundles.defaultStartLevel=4 -Declipse.product=org.eclipse.jdt.ls.core.product -Djava.import.generatesMetadataFilesAtProjectRoot=false -DDetectVMInstallationsJob.disabled=true -Dfile.encoding=utf8 -XX:+UseParallelGC -XX:GCTimeRatio=4 -XX:AdaptiveSizePolicyWeight=90 -Dsun.zip.disableMemoryMapping=true -Xmx2G -Xms100m -Xlog:disable -javaagent:c:\Users\prith\.vscode\extensions\redhat.java-1.53.0-win32-x64\lombok\lombok-1.18.39-4050.jar -XX:+HeapDumpOnOutOfMemoryError -XX:HeapDumpPath=c:\Users\prith\AppData\Roaming\Code\User\workspaceStorage\f6ae1ae6b6b1b25ef70508220a47b730\redhat.java -Daether.dependencyCollector.impl=bf c:\Users\prith\.vscode\extensions\redhat.java-1.53.0-win32-x64\server\plugins\org.eclipse.equinox.launcher_1.7.100.v20251111-0406.jar -configuration c:\Users\prith\AppData\Roaming\Code\User\globalStorage\redhat.java\1.53.0\config_win -data c:\Users\prith\AppData\Roaming\Code\User\workspaceStorage\f6ae1ae6b6b1b25ef70508220a47b730\redhat.java\jdt_ws --pipe=\\.\pipe\lsp-eb473c354089a72b7fcb74e43800fbcb-sock

Host: 13th Gen Intel(R) Core(TM) i5-13420H, 12 cores, 15G,  Windows 11 , 64 bit Build 26100 (10.0.26100.6725)
Time: Sat Mar 14 21:14:51 2026 India Standard Time elapsed time: 6.096649 seconds (0d 0h 0m 6s)

---------------  T H R E A D  ---------------

Current thread (0x00000241fa7f4a10):  JavaThread "C2 CompilerThread2" daemon [_thread_in_native, id=19888, stack(0x0000006b8d400000,0x0000006b8d500000) (1024K)]


Current CompileTask:
C2:6096 1588   !   4       lombok.patcher.ScriptManager$OurClassFileTransformer::transform (473 bytes)

Stack: [0x0000006b8d400000,0x0000006b8d500000]
Native frames: (J=compiled Java code, j=interpreted, Vv=VM code, C=native code)
V  [jvm.dll+0x6d7a39]
V  [jvm.dll+0x8b4b26]
V  [jvm.dll+0x8b70de]
V  [jvm.dll+0x8b77c3]
V  [jvm.dll+0x284346]
V  [jvm.dll+0xc66ed]
V  [jvm.dll+0xc6c31]
V  [jvm.dll+0x2fb29e]
V  [jvm.dll+0x5fe884]
V  [jvm.dll+0x255b17]
V  [jvm.dll+0x24e12a]
V  [jvm.dll+0x24ba42]
V  [jvm.dll+0x1cb34e]
V  [jvm.dll+0x25b85d]
V  [jvm.dll+0x259dea]
V  [jvm.dll+0x3f857e]
V  [jvm.dll+0x85f59d]
V  [jvm.dll+0x6d626d]
C  [ucrtbase.dll+0x37b0]
C  [KERNEL32.DLL+0x2e8d7]
C  [ntdll.dll+0x8c53c]


---------------  P R O C E S S  ---------------

Threads class SMR info:
_java_thread_list=0x00000241fa84bf90, length=14, elements={
0x00000241ee2ab0a0, 0x00000241f05ad210, 0x00000241f05ae1e0, 0x00000241f06ae4a0,
0x00000241f06af100, 0x00000241f06b06b0, 0x00000241f06b3250, 0x00000241f06b8bb0,
0x00000241f932af80, 0x00000241f94cd1c0, 0x00000241f965cad0, 0x00000241fa3939d0,
0x00000241fa7f4a10, 0x00000241fa5dbb50
}

Java Threads: ( => current thread )
  0x00000241ee2ab0a0 JavaThread "main"                              [_thread_in_Java, id=4772, stack(0x0000006b8c600000,0x0000006b8c700000) (1024K)]
  0x00000241f05ad210 JavaThread "Reference Handler"          daemon [_thread_blocked, id=17396, stack(0x0000006b8ca00000,0x0000006b8cb00000) (1024K)]
  0x00000241f05ae1e0 JavaThread "Finalizer"                  daemon [_thread_blocked, id=3512, stack(0x0000006b8cb00000,0x0000006b8cc00000) (1024K)]
  0x00000241f06ae4a0 JavaThread "Signal Dispatcher"          daemon [_thread_blocked, id=16176, stack(0x0000006b8cc00000,0x0000006b8cd00000) (1024K)]
  0x00000241f06af100 JavaThread "Attach Listener"            daemon [_thread_blocked, id=3524, stack(0x0000006b8cd00000,0x0000006b8ce00000) (1024K)]
  0x00000241f06b06b0 JavaThread "Service Thread"             daemon [_thread_blocked, id=3324, stack(0x0000006b8ce00000,0x0000006b8cf00000) (1024K)]
  0x00000241f06b3250 JavaThread "Monitor Deflation Thread"   daemon [_thread_blocked, id=12048, stack(0x0000006b8cf00000,0x0000006b8d000000) (1024K)]
  0x00000241f06b8bb0 JavaThread "C2 CompilerThread0"         daemon [_thread_in_native, id=6304, stack(0x0000006b8d000000,0x0000006b8d100000) (1024K)]
  0x00000241f932af80 JavaThread "C1 CompilerThread0"         daemon [_thread_blocked, id=12900, stack(0x0000006b8d100000,0x0000006b8d200000) (1024K)]
  0x00000241f94cd1c0 JavaThread "Common-Cleaner"             daemon [_thread_blocked, id=1816, stack(0x0000006b8d200000,0x0000006b8d300000) (1024K)]
  0x00000241f965cad0 JavaThread "Notification Thread"        daemon [_thread_blocked, id=2944, stack(0x0000006b8d500000,0x0000006b8d600000) (1024K)]
  0x00000241fa3939d0 JavaThread "C2 CompilerThread1"         daemon [_thread_blocked, id=14672, stack(0x0000006b8d300000,0x0000006b8d400000) (1024K)]
=>0x00000241fa7f4a10 JavaThread "C2 CompilerThread2"         daemon [_thread_in_native, id=19888, stack(0x0000006b8d400000,0x0000006b8d500000) (1024K)]
  0x00000241fa5dbb50 JavaThread "Active Thread: Equinox Container: 110324dc-3f4e-4123-9440-92867217d454"        [_thread_blocked, id=20040, stack(0x0000006b8dc00000,0x0000006b8dd00000) (1024K)]
Total: 14

Other Threads:
  0x00000241f05940c0 VMThread "VM Thread"                           [id=16180, stack(0x0000006b8c900000,0x0000006b8ca00000) (1024K)]
  0x00000241f048ca00 WatcherThread "VM Periodic Task Thread"        [id=15188, stack(0x0000006b8c800000,0x0000006b8c900000) (1024K)]
  0x00000241f061f8a0 WorkerThread "GC Thread#0"                     [id=12904, stack(0x0000006b8c700000,0x0000006b8c800000) (1024K)]
  0x00000241fa3af010 WorkerThread "GC Thread#1"                     [id=1724, stack(0x0000006b8d600000,0x0000006b8d700000) (1024K)]
  0x00000241fa3ae150 WorkerThread "GC Thread#2"                     [id=18856, stack(0x0000006b8d700000,0x0000006b8d800000) (1024K)]
  0x00000241fa3aec60 WorkerThread "GC Thread#3"                     [id=1224, stack(0x0000006b8d800000,0x0000006b8d900000) (1024K)]
  0x00000241fa3af3c0 WorkerThread "GC Thread#4"                     [id=4912, stack(0x0000006b8d900000,0x0000006b8da00000) (1024K)]
  0x00000241fa3ae8b0 WorkerThread "GC Thread#5"                     [id=3364, stack(0x0000006b8da00000,0x0000006b8db00000) (1024K)]
  0x00000241fa3af770 WorkerThread "GC Thread#6"                     [id=19608, stack(0x0000006b8db00000,0x0000006b8dc00000) (1024K)]
Total: 9

Threads with active compile tasks:
C2 CompilerThread0  8122 1604       4       lombok.patcher.scripts.AddFieldScript::patch (55 bytes)
C1 CompilerThread0  8122 1632   !   3       jdk.internal.reflect.DirectConstructorHandleAccessor::newInstance (130 bytes)
C2 CompilerThread2  8122 1588   !   4       lombok.patcher.ScriptManager$OurClassFileTransformer::transform (473 bytes)
Total: 3

VM state: not at safepoint (normal execution)

VM Mutex/Monitor currently owned by a thread: None

Heap address: 0x0000000080000000, size: 2048 MB, Compressed Oops mode: 32-bit

CDS archive(s) mapped at: [0x000002418f000000-0x000002418fba0000-0x000002418fba0000), size 12189696, SharedBaseAddress: 0x000002418f000000, ArchiveRelocationMode: 1.
Compressed class space mapped at: 0x0000024190000000-0x00000241d0000000, reserved size: 1073741824
Narrow klass base: 0x000002418f000000, Narrow klass shift: 0, Narrow klass range: 0x100000000

GC Precious Log:
 CardTable entry size: 512
 CPUs: 12 total, 12 available
 Memory: 16024M
 Large Page Support: Disabled
 NUMA Support: Disabled
 Compressed Oops: Enabled (32-bit)
 Alignments: Space 512K, Generation 512K, Heap 2M
 Heap Min Capacity: 100M
 Heap Initial Capacity: 100M
 Heap Max Capacity: 2G
 Pre-touch: Disabled
 Parallel Workers: 10

Heap:
 PSYoungGen      total 29696K, used 22521K [0x00000000d5580000, 0x00000000d7680000, 0x0000000100000000)
  eden space 25600K, 75% used [0x00000000d5580000,0x00000000d6840850,0x00000000d6e80000)
  from space 4096K, 81% used [0x00000000d6e80000,0x00000000d71bde88,0x00000000d7280000)
  to   space 4096K, 0% used [0x00000000d7280000,0x00000000d7280000,0x00000000d7680000)
 ParOldGen       total 68608K, used 16K [0x0000000080000000, 0x0000000084300000, 0x00000000d5580000)
  object space 68608K, 0% used [0x0000000080000000,0x0000000080004000,0x0000000084300000)
 Metaspace       used 7104K, committed 7360K, reserved 1114112K
  class space    used 727K, committed 832K, reserved 1048576K

Card table byte_map: [0x00000241effa0000,0x00000241f03b0000] _byte_map_base: 0x00000241efba0000

Marking Bits: (ParMarkBitMap*) 0x00007ff9dab63450
 Begin Bits: [0x00000241f3ab0000, 0x00000241f5ab0000)
 End Bits:   [0x00000241f5ab0000, 0x00000241f7ab0000)

Polling page: 0x00000241ee580000

Metaspace:

Usage:
  Non-class:      6.23 MB used.
      Class:    728.23 KB used.
       Both:      6.94 MB used.

Virtual space:
  Non-class space:       64.00 MB reserved,       6.38 MB ( 10%) committed,  1 nodes.
      Class space:        1.00 GB reserved,     832.00 KB ( <1%) committed,  1 nodes.
             Both:        1.06 GB reserved,       7.19 MB ( <1%) committed. 

Chunk freelists:
   Non-Class:  9.41 MB
       Class:  15.00 MB
        Both:  24.41 MB

MaxMetaspaceSize: unlimited
CompressedClassSpaceSize: 1.00 GB
Initial GC threshold: 21.00 MB
Current GC threshold: 21.00 MB
CDS: on
 - commit_granule_bytes: 65536.
 - commit_granule_words: 8192.
 - virtual_space_node_default_size: 8388608.
 - enlarge_chunks_in_place: 1.
 - use_allocation_guard: 0.


Internal statistics:

num_allocs_failed_limit: 0.
num_arena_births: 212.
num_arena_deaths: 0.
num_vsnodes_births: 2.
num_vsnodes_deaths: 0.
num_space_committed: 115.
num_space_uncommitted: 0.
num_chunks_returned_to_freelist: 0.
num_chunks_taken_from_freelist: 369.
num_chunk_merges: 0.
num_chunk_splits: 240.
num_chunks_enlarged: 154.
num_inconsistent_stats: 0.

CodeHeap 'non-profiled nmethods': size=120000Kb used=699Kb max_used=699Kb free=119300Kb
 bounds [0x0000024187ad0000, 0x0000024187d40000, 0x000002418f000000]
CodeHeap 'profiled nmethods': size=120000Kb used=2742Kb max_used=2742Kb free=117258Kb
 bounds [0x0000024180000000, 0x00000241802b0000, 0x0000024187530000]
CodeHeap 'non-nmethods': size=5760Kb used=1226Kb max_used=1243Kb free=4534Kb
 bounds [0x0000024187530000, 0x00000241877a0000, 0x0000024187ad0000]
CodeCache: size=245760Kb, used=4667Kb, max_used=4684Kb, free=241092Kb
 total_blobs=2104, nmethods=1626, adapters=385, full_count=0
Compilation: enabled, stopped_count=0, restarted_count=0

Compilation events (20 events):
Event: 4.055 Thread 0x00000241f932af80 nmethod 1595 0x000002418029c190 code [0x000002418029c320, 0x000002418029c428]
Event: 4.055 Thread 0x00000241f932af80 1596       3       java.util.AbstractCollection::addAll (42 bytes)
Event: 4.055 Thread 0x00000241f932af80 nmethod 1596 0x000002418029c490 code [0x000002418029c680, 0x000002418029cba0]
Event: 4.055 Thread 0x00000241f932af80 1597       3       java.util.HashMap::removeNode (291 bytes)
Event: 4.056 Thread 0x00000241f932af80 nmethod 1597 0x000002418029cd10 code [0x000002418029cfa0, 0x000002418029e148]
Event: 4.056 Thread 0x00000241fa3939d0 1603   !   4       java.util.concurrent.ConcurrentHashMap::putVal (432 bytes)
Event: 4.057 Thread 0x00000241f932af80 1598       3       java.lang.SecurityManager$$Lambda/0x00000241900c5578::accept (8 bytes)
Event: 4.057 Thread 0x00000241f932af80 nmethod 1598 0x000002418029e590 code [0x000002418029e760, 0x000002418029ea70]
Event: 4.057 Thread 0x00000241f932af80 1600       3       java.util.stream.StreamOpFlag::combineOpFlags (9 bytes)
Event: 4.057 Thread 0x00000241f932af80 nmethod 1600 0x000002418029eb90 code [0x000002418029ed40, 0x000002418029eef0]
Event: 4.057 Thread 0x00000241f932af80 1601       3       java.util.stream.StreamOpFlag::getMask (30 bytes)
Event: 4.057 Thread 0x00000241f932af80 nmethod 1601 0x000002418029ef90 code [0x000002418029f140, 0x000002418029f2b0]
Event: 4.057 Thread 0x00000241f932af80 1599       3       java.lang.SecurityManager$$Lambda/0x00000241900c57a8::test (8 bytes)
Event: 4.057 Thread 0x00000241f932af80 nmethod 1599 0x000002418029f310 code [0x000002418029f4e0, 0x000002418029f910]
Event: 4.057 Thread 0x00000241f932af80 1602       1       java.util.ImmutableCollections$SetN::size (5 bytes)
Event: 4.057 Thread 0x00000241f932af80 nmethod 1602 0x0000024187b7a890 code [0x0000024187b7aa20, 0x0000024187b7aae8]
Event: 4.062 Thread 0x00000241f932af80 1607   !   3       java.net.URLClassLoader::findClass (47 bytes)
Event: 4.063 Thread 0x00000241f932af80 nmethod 1607 0x000002418029fa90 code [0x000002418029fc80, 0x00000241802a02d0]
Event: 4.063 Thread 0x00000241f932af80 1608       3       java.net.URLClassLoader$1::<init> (15 bytes)
Event: 4.064 Thread 0x00000241f932af80 nmethod 1608 0x00000241802a0510 code [0x00000241802a06c0, 0x00000241802a0858]

GC Heap History (2 events):
Event: 1.476 GC heap before
{Heap before GC invocations=1 (full 0):
 PSYoungGen      total 29696K, used 25600K [0x00000000d5580000, 0x00000000d7680000, 0x0000000100000000)
  eden space 25600K, 100% used [0x00000000d5580000,0x00000000d6e80000,0x00000000d6e80000)
  from space 4096K, 0% used [0x00000000d7280000,0x00000000d7280000,0x00000000d7680000)
  to   space 4096K, 0% used [0x00000000d6e80000,0x00000000d6e80000,0x00000000d7280000)
 ParOldGen       total 68608K, used 0K [0x0000000080000000, 0x0000000084300000, 0x00000000d5580000)
  object space 68608K, 0% used [0x0000000080000000,0x0000000080000000,0x0000000084300000)
 Metaspace       used 4333K, committed 4608K, reserved 1114112K
  class space    used 473K, committed 576K, reserved 1048576K
}
Event: 1.486 GC heap after
{Heap after GC invocations=1 (full 0):
 PSYoungGen      total 29696K, used 3319K [0x00000000d5580000, 0x00000000d7680000, 0x0000000100000000)
  eden space 25600K, 0% used [0x00000000d5580000,0x00000000d5580000,0x00000000d6e80000)
  from space 4096K, 81% used [0x00000000d6e80000,0x00000000d71bde88,0x00000000d7280000)
  to   space 4096K, 0% used [0x00000000d7280000,0x00000000d7280000,0x00000000d7680000)
 ParOldGen       total 68608K, used 16K [0x0000000080000000, 0x0000000084300000, 0x00000000d5580000)
  object space 68608K, 0% used [0x0000000080000000,0x0000000080004000,0x0000000084300000)
 Metaspace       used 4333K, committed 4608K, reserved 1114112K
  class space    used 473K, committed 576K, reserved 1048576K
}

Dll operation events (8 events):
Event: 0.016 Loaded shared library c:\Users\prith\.vscode\extensions\redhat.java-1.53.0-win32-x64\jre\21.0.10-win32-x86_64\bin\java.dll
Event: 0.162 Loaded shared library c:\Users\prith\.vscode\extensions\redhat.java-1.53.0-win32-x64\jre\21.0.10-win32-x86_64\bin\zip.dll
Event: 0.206 Loaded shared library C:\Users\prith\.vscode\extensions\redhat.java-1.53.0-win32-x64\jre\21.0.10-win32-x86_64\bin\instrument.dll
Event: 0.217 Loaded shared library C:\Users\prith\.vscode\extensions\redhat.java-1.53.0-win32-x64\jre\21.0.10-win32-x86_64\bin\net.dll
Event: 0.222 Loaded shared library C:\Users\prith\.vscode\extensions\redhat.java-1.53.0-win32-x64\jre\21.0.10-win32-x86_64\bin\nio.dll
Event: 0.229 Loaded shared library C:\Users\prith\.vscode\extensions\redhat.java-1.53.0-win32-x64\jre\21.0.10-win32-x86_64\bin\zip.dll
Event: 0.269 Loaded shared library C:\Users\prith\.vscode\extensions\redhat.java-1.53.0-win32-x64\jre\21.0.10-win32-x86_64\bin\jimage.dll
Event: 0.474 Loaded shared library c:\Users\prith\.vscode\extensions\redhat.java-1.53.0-win32-x64\jre\21.0.10-win32-x86_64\bin\verify.dll

Deoptimization events (20 events):
Event: 3.941 Thread 0x00000241ee2ab0a0 Uncommon trap: trap_request=0xffffffc6 fr.pc=0x0000024187b0b550 relative=0x0000000000000290
Event: 3.941 Thread 0x00000241ee2ab0a0 Uncommon trap: reason=bimorphic_or_optimized_type_check action=maybe_recompile pc=0x0000024187b0b550 method=java.util.Collections$UnmodifiableCollection$1.next()Ljava/lang/Object; @ 4 c2
Event: 3.941 Thread 0x00000241ee2ab0a0 DEOPT PACKING pc=0x0000024187b0b550 sp=0x0000006b8c6f89e0
Event: 3.941 Thread 0x00000241ee2ab0a0 DEOPT UNPACKING pc=0x0000024187583aa2 sp=0x0000006b8c6f8990 mode 2
Event: 3.941 Thread 0x00000241ee2ab0a0 Uncommon trap: trap_request=0xffffffc6 fr.pc=0x0000024187b0b550 relative=0x0000000000000290
Event: 3.941 Thread 0x00000241ee2ab0a0 Uncommon trap: reason=bimorphic_or_optimized_type_check action=maybe_recompile pc=0x0000024187b0b550 method=java.util.Collections$UnmodifiableCollection$1.next()Ljava/lang/Object; @ 4 c2
Event: 3.941 Thread 0x00000241ee2ab0a0 DEOPT PACKING pc=0x0000024187b0b550 sp=0x0000006b8c6f89e0
Event: 3.941 Thread 0x00000241ee2ab0a0 DEOPT UNPACKING pc=0x0000024187583aa2 sp=0x0000006b8c6f8990 mode 2
Event: 4.033 Thread 0x00000241ee2ab0a0 Uncommon trap: trap_request=0xffffff45 fr.pc=0x0000024187b4f14c relative=0x00000000000000ac
Event: 4.033 Thread 0x00000241ee2ab0a0 Uncommon trap: reason=unstable_if action=reinterpret pc=0x0000024187b4f14c method=java.util.concurrent.locks.ReentrantLock$NonfairSync.initialTryLock()Z @ 10 c2
Event: 4.033 Thread 0x00000241ee2ab0a0 DEOPT PACKING pc=0x0000024187b4f14c sp=0x0000006b8c6fed50
Event: 4.033 Thread 0x00000241ee2ab0a0 DEOPT UNPACKING pc=0x0000024187583aa2 sp=0x0000006b8c6fece0 mode 2
Event: 4.033 Thread 0x00000241ee2ab0a0 Uncommon trap: trap_request=0xffffff45 fr.pc=0x0000024187b4edb4 relative=0x0000000000000094
Event: 4.033 Thread 0x00000241ee2ab0a0 Uncommon trap: reason=unstable_if action=reinterpret pc=0x0000024187b4edb4 method=java.util.concurrent.locks.ReentrantLock$Sync.tryRelease(I)Z @ 26 c2
Event: 4.033 Thread 0x00000241ee2ab0a0 DEOPT PACKING pc=0x0000024187b4edb4 sp=0x0000006b8c6fee20
Event: 4.033 Thread 0x00000241ee2ab0a0 DEOPT UNPACKING pc=0x0000024187583aa2 sp=0x0000006b8c6feda0 mode 2
Event: 4.064 Thread 0x00000241ee2ab0a0 Uncommon trap: trap_request=0xffffff45 fr.pc=0x0000024187b4d660 relative=0x0000000000000040
Event: 4.064 Thread 0x00000241ee2ab0a0 Uncommon trap: reason=unstable_if action=reinterpret pc=0x0000024187b4d660 method=java.util.concurrent.locks.AbstractQueuedSynchronizer.signalNext(Ljava/util/concurrent/locks/AbstractQueuedSynchronizer$Node;)V @ 1 c2
Event: 4.064 Thread 0x00000241ee2ab0a0 DEOPT PACKING pc=0x0000024187b4d660 sp=0x0000006b8c6feb50
Event: 4.064 Thread 0x00000241ee2ab0a0 DEOPT UNPACKING pc=0x0000024187583aa2 sp=0x0000006b8c6feae0 mode 2

Classes loaded (20 events):
Event: 4.058 Loading class java/util/concurrent/ScheduledThreadPoolExecutor$DelayedWorkQueue
Event: 4.059 Loading class java/util/concurrent/ScheduledThreadPoolExecutor$DelayedWorkQueue done
Event: 4.059 Loading class java/util/concurrent/RunnableScheduledFuture
Event: 4.059 Loading class java/util/concurrent/RunnableFuture
Event: 4.059 Loading class java/util/concurrent/RunnableFuture done
Event: 4.059 Loading class java/util/concurrent/ScheduledFuture
Event: 4.059 Loading class java/util/concurrent/Delayed
Event: 4.059 Loading class java/util/concurrent/Delayed done
Event: 4.059 Loading class java/util/concurrent/ScheduledFuture done
Event: 4.059 Loading class java/util/concurrent/RunnableScheduledFuture done
Event: 4.060 Loading class java/util/concurrent/ScheduledThreadPoolExecutor$ScheduledFutureTask
Event: 4.060 Loading class java/util/concurrent/FutureTask
Event: 4.060 Loading class java/util/concurrent/FutureTask done
Event: 4.060 Loading class java/util/concurrent/ScheduledThreadPoolExecutor$ScheduledFutureTask done
Event: 4.061 Loading class java/util/concurrent/FutureTask$WaitNode
Event: 4.061 Loading class java/util/concurrent/FutureTask$WaitNode done
Event: 4.061 Loading class java/util/concurrent/Executors$RunnableAdapter
Event: 4.061 Loading class java/util/concurrent/Executors$RunnableAdapter done
Event: 4.061 Loading class java/util/concurrent/ThreadPoolExecutor$Worker
Event: 4.061 Loading class java/util/concurrent/ThreadPoolExecutor$Worker done

Classes unloaded (0 events):
No events

Classes redefined (0 events):
No events

Internal exceptions (20 events):
Event: 1.080 Thread 0x00000241ee2ab0a0 Exception <a 'java/lang/NoSuchMethodError'{0x00000000d654dba0}: 'java.lang.Object java.lang.invoke.DirectMethodHandle$Holder.invokeInterface(java.lang.Object, java.lang.Object)'> (0x00000000d654dba0) 
thrown [s\src\hotspot\share\interpreter\linkResolver.cpp, line 773]
Event: 1.088 Thread 0x00000241ee2ab0a0 Exception <a 'java/lang/NoSuchMethodError'{0x00000000d6561610}: 'java.lang.Object java.lang.invoke.Invokers$Holder.invokeExact_MT(java.lang.Object, java.lang.Object, java.lang.Object, java.lang.Object, java.lang.Object, java.lang.Object)'> (0x00000000d6561610) 
thrown [s\src\hotspot\share\interpreter\linkResolver.cpp, line 773]
Event: 1.096 Thread 0x00000241ee2ab0a0 Exception <a 'java/lang/NoSuchMethodError'{0x00000000d65786e8}: 'int java.lang.invoke.DirectMethodHandle$Holder.invokeStatic(java.lang.Object, java.lang.Object, java.lang.Object, java.lang.Object, java.lang.Object)'> (0x00000000d65786e8) 
thrown [s\src\hotspot\share\interpreter\linkResolver.cpp, line 773]
Event: 1.143 Thread 0x00000241ee2ab0a0 Exception <a 'java/lang/NoSuchMethodError'{0x00000000d660e898}: 'java.lang.Object java.lang.invoke.DirectMethodHandle$Holder.invokeInterface(java.lang.Object, java.lang.Object, int)'> (0x00000000d660e898) 
thrown [s\src\hotspot\share\interpreter\linkResolver.cpp, line 773]
Event: 1.346 Thread 0x00000241ee2ab0a0 Exception <a 'java/lang/NoSuchMethodError'{0x00000000d6a78480}: 'java.lang.ClassLoader java.lang.ClassLoader.getPlatformClassLoader(java.lang.Class)'> (0x00000000d6a78480) 
thrown [s\src\hotspot\share\interpreter\linkResolver.cpp, line 773]
Event: 1.493 Thread 0x00000241ee2ab0a0 Exception <a 'java/lang/ClassNotFoundException'{0x00000000d55978b0}: sun/net/www/protocol/c/Handler> (0x00000000d55978b0) 
thrown [s\src\hotspot\share\classfile\systemDictionary.cpp, line 312]
Event: 1.493 Thread 0x00000241ee2ab0a0 Exception <a 'java/lang/ClassNotFoundException'{0x00000000d5598c28}: sun/net/www/protocol/c/Handler> (0x00000000d5598c28) 
thrown [s\src\hotspot\share\classfile\systemDictionary.cpp, line 312]
Event: 1.494 Thread 0x00000241ee2ab0a0 Exception <a 'java/lang/ClassNotFoundException'{0x00000000d5599de0}: sun/net/www/protocol/c/Handler> (0x00000000d5599de0) 
thrown [s\src\hotspot\share\classfile\systemDictionary.cpp, line 312]
Event: 1.507 Thread 0x00000241ee2ab0a0 Exception <a 'java/io/FileNotFoundException'{0x00000000d55cba98}> (0x00000000d55cba98) 
thrown [s\src\hotspot\share\prims\jni.cpp, line 520]
Event: 1.587 Thread 0x00000241ee2ab0a0 Implicit null exception at 0x0000024187b2b429 to 0x0000024187b2bc9c
Event: 1.587 Thread 0x00000241ee2ab0a0 Implicit null exception at 0x0000024187b3221a to 0x0000024187b32420
Event: 1.588 Thread 0x00000241ee2ab0a0 Exception <a 'java/lang/NoSuchMethodError'{0x00000000d573cb10}: 'void java.lang.invoke.DirectMethodHandle$Holder.invokeStatic(java.lang.Object, java.lang.Object, java.lang.Object, java.lang.Object)'> (0x00000000d573cb10) 
thrown [s\src\hotspot\share\interpreter\linkResolver.cpp, line 773]
Event: 1.591 Thread 0x00000241ee2ab0a0 Implicit null exception at 0x0000024187b36d9a to 0x0000024187b36fa4
Event: 1.591 Thread 0x00000241ee2ab0a0 Implicit null exception at 0x0000024187b2e1bd to 0x0000024187b2e241
Event: 1.758 Thread 0x00000241ee2ab0a0 Exception <a 'java/lang/NoSuchMethodError'{0x00000000d59e5990}: 'void java.lang.invoke.DirectMethodHandle$Holder.invokeSpecial(java.lang.Object, java.lang.Object, java.lang.Object)'> (0x00000000d59e5990) 
thrown [s\src\hotspot\share\interpreter\linkResolver.cpp, line 773]
Event: 3.988 Thread 0x00000241ee2ab0a0 Exception <a 'java/lang/NoSuchMethodError'{0x00000000d6455900}: 'int java.lang.invoke.DirectMethodHandle$Holder.invokeVirtual(java.lang.Object, java.lang.Object)'> (0x00000000d6455900) 
thrown [s\src\hotspot\share\interpreter\linkResolver.cpp, line 773]
Event: 4.048 Thread 0x00000241ee2ab0a0 Exception <a 'java/lang/NoSuchMethodError'{0x00000000d65cdb08}: 'int java.lang.invoke.DirectMethodHandle$Holder.invokeStaticInit(java.lang.Object, java.lang.Object, java.lang.Object, java.lang.Object)'> (0x00000000d65cdb08) 
thrown [s\src\hotspot\share\interpreter\linkResolver.cpp, line 773]
Event: 4.049 Thread 0x00000241ee2ab0a0 Exception <a 'java/lang/IncompatibleClassChangeError'{0x00000000d65d5f10}: Found class java.lang.Object, but interface was expected> (0x00000000d65d5f10) 
thrown [s\src\hotspot\share\interpreter\linkResolver.cpp, line 840]
Event: 4.049 Thread 0x00000241ee2ab0a0 Exception <a 'java/lang/NoSuchMethodError'{0x00000000d65dc4e0}: 'void java.lang.invoke.DirectMethodHandle$Holder.invokeStaticInit(java.lang.Object, java.lang.Object)'> (0x00000000d65dc4e0) 
thrown [s\src\hotspot\share\interpreter\linkResolver.cpp, line 773]
Event: 4.050 Thread 0x00000241ee2ab0a0 Exception <a 'java/lang/NoSuchMethodError'{0x00000000d65e5738}: 'int java.lang.invoke.DirectMethodHandle$Holder.invokeStaticInit(java.lang.Object, java.lang.Object)'> (0x00000000d65e5738) 
thrown [s\src\hotspot\share\interpreter\linkResolver.cpp, line 773]

ZGC Phase Switch (0 events):
No events

VM Operations (20 events):
Event: 0.160 Executing non-safepoint VM operation: HandshakeAllThreads (Deoptimize)
Event: 0.160 Executing non-safepoint VM operation: HandshakeAllThreads (Deoptimize) done
Event: 0.309 Executing non-safepoint VM operation: HandshakeAllThreads (Deoptimize)
Event: 0.309 Executing non-safepoint VM operation: HandshakeAllThreads (Deoptimize) done
Event: 0.972 Executing non-safepoint VM operation: HandshakeAllThreads (Deoptimize)
Event: 0.972 Executing non-safepoint VM operation: HandshakeAllThreads (Deoptimize) done
Event: 1.003 Executing non-safepoint VM operation: HandshakeAllThreads (Deoptimize)
Event: 1.003 Executing non-safepoint VM operation: HandshakeAllThreads (Deoptimize) done
Event: 1.423 Executing safepoint VM operation: ICBufferFull
Event: 1.424 Executing safepoint VM operation: ICBufferFull done
Event: 1.452 Executing non-safepoint VM operation: HandshakeAllThreads (Deoptimize)
Event: 1.452 Executing non-safepoint VM operation: HandshakeAllThreads (Deoptimize) done
Event: 1.476 Executing safepoint VM operation: ParallelGCFailedAllocation (Allocation Failure)
Event: 1.486 Executing safepoint VM operation: ParallelGCFailedAllocation (Allocation Failure) done
Event: 2.489 Executing safepoint VM operation: Cleanup
Event: 2.809 Executing safepoint VM operation: Cleanup done
Event: 3.823 Executing safepoint VM operation: Cleanup
Event: 3.919 Executing safepoint VM operation: Cleanup done
Event: 4.929 Executing safepoint VM operation: Cleanup
Event: 4.929 Executing safepoint VM operation: Cleanup done

Memory protections (0 events):
No events

Nmethod flushes (0 events):
No events

Events (20 events):
Event: 0.039 Thread 0x00000241ee2ab0a0 Thread added: 0x00000241ee2ab0a0
Event: 0.066 Thread 0x00000241ee2ab0a0 Thread added: 0x00000241f05ad210
Event: 0.066 Thread 0x00000241ee2ab0a0 Thread added: 0x00000241f05ae1e0
Event: 0.066 Thread 0x00000241ee2ab0a0 Thread added: 0x00000241f06ae4a0
Event: 0.066 Thread 0x00000241ee2ab0a0 Thread added: 0x00000241f06af100
Event: 0.067 Thread 0x00000241ee2ab0a0 Thread added: 0x00000241f06b06b0
Event: 0.067 Thread 0x00000241ee2ab0a0 Thread added: 0x00000241f06b3250
Event: 0.067 Thread 0x00000241ee2ab0a0 Thread added: 0x00000241f06b8bb0
Event: 0.067 Thread 0x00000241ee2ab0a0 Thread added: 0x00000241f932af80
Event: 0.210 Thread 0x00000241ee2ab0a0 Thread added: 0x00000241f94cd1c0
Event: 0.462 Thread 0x00000241f932af80 Thread added: 0x00000241f9648bd0
Event: 0.469 Thread 0x00000241f932af80 Thread added: 0x00000241f95dd8c0
Event: 0.656 Thread 0x00000241ee2ab0a0 Thread added: 0x00000241f965cad0
Event: 1.623 Thread 0x00000241f95dd8c0 Thread exited: 0x00000241f95dd8c0
Event: 1.714 Thread 0x00000241f9648bd0 Thread exited: 0x00000241f9648bd0
Event: 2.843 Thread 0x00000241f932af80 Thread added: 0x00000241fa3939d0
Event: 2.844 Thread 0x00000241fa3939d0 Thread added: 0x00000241fa6cf1b0
Event: 3.920 Thread 0x00000241fa6cf1b0 Thread exited: 0x00000241fa6cf1b0
Event: 3.975 Thread 0x00000241f932af80 Thread added: 0x00000241fa7f4a10
Event: 4.062 Thread 0x00000241ee2ab0a0 Thread added: 0x00000241fa5dbb50


Dynamic libraries:
0x00007ff73e390000 - 0x00007ff73e39e000 	c:\Users\prith\.vscode\extensions\redhat.java-1.53.0-win32-x64\jre\21.0.10-win32-x86_64\bin\java.exe
0x00007ffabde60000 - 0x00007ffabe0c8000 	C:\WINDOWS\SYSTEM32\ntdll.dll
0x00007ffabc0c0000 - 0x00007ffabc189000 	C:\WINDOWS\System32\KERNEL32.DLL
0x00007ffabaff0000 - 0x00007ffabb3e2000 	C:\WINDOWS\System32\KERNELBASE.dll
0x00007ffabb5f0000 - 0x00007ffabb73b000 	C:\WINDOWS\System32\ucrtbase.dll
0x00007ffa74540000 - 0x00007ffa74558000 	c:\Users\prith\.vscode\extensions\redhat.java-1.53.0-win32-x64\jre\21.0.10-win32-x86_64\bin\jli.dll
0x00007ffa74bc0000 - 0x00007ffa74bde000 	c:\Users\prith\.vscode\extensions\redhat.java-1.53.0-win32-x64\jre\21.0.10-win32-x86_64\bin\VCRUNTIME140.dll
0x00007ffabdc50000 - 0x00007ffabde15000 	C:\WINDOWS\System32\USER32.dll
0x00007ffa95220000 - 0x00007ffa954b3000 	C:\WINDOWS\WinSxS\amd64_microsoft.windows.common-controls_6595b64144ccf1df_6.0.26100.6725_none_3e085828e334708b\COMCTL32.dll
0x00007ffabb490000 - 0x00007ffabb4b7000 	C:\WINDOWS\System32\win32u.dll
0x00007ffabbca0000 - 0x00007ffabbccb000 	C:\WINDOWS\System32\GDI32.dll
0x00007ffabc190000 - 0x00007ffabc239000 	C:\WINDOWS\System32\msvcrt.dll
0x00007ffabb4c0000 - 0x00007ffabb5ed000 	C:\WINDOWS\System32\gdi32full.dll
0x00007ffabbb80000 - 0x00007ffabbc23000 	C:\WINDOWS\System32\msvcp_win.dll
0x00007ffabd3d0000 - 0x00007ffabd3ff000 	C:\WINDOWS\System32\IMM32.DLL
0x00007ffa8f200000 - 0x00007ffa8f20c000 	c:\Users\prith\.vscode\extensions\redhat.java-1.53.0-win32-x64\jre\21.0.10-win32-x86_64\bin\vcruntime140_1.dll
0x00007ffa2ec50000 - 0x00007ffa2ecdd000 	c:\Users\prith\.vscode\extensions\redhat.java-1.53.0-win32-x64\jre\21.0.10-win32-x86_64\bin\msvcp140.dll
0x00007ff9d9ea0000 - 0x00007ff9dac41000 	c:\Users\prith\.vscode\extensions\redhat.java-1.53.0-win32-x64\jre\21.0.10-win32-x86_64\bin\server\jvm.dll
0x00007ffabc000000 - 0x00007ffabc0b4000 	C:\WINDOWS\System32\ADVAPI32.dll
0x00007ffabc410000 - 0x00007ffabc4b6000 	C:\WINDOWS\System32\sechost.dll
0x00007ffabd620000 - 0x00007ffabd738000 	C:\WINDOWS\System32\RPCRT4.dll
0x00007ffabdbd0000 - 0x00007ffabdc44000 	C:\WINDOWS\System32\WS2_32.dll
0x00007ffaba340000 - 0x00007ffaba39e000 	C:\WINDOWS\SYSTEM32\POWRPROF.dll
0x00007ffaac460000 - 0x00007ffaac495000 	C:\WINDOWS\SYSTEM32\WINMM.dll
0x00007ffaaff90000 - 0x00007ffaaff9b000 	C:\WINDOWS\SYSTEM32\VERSION.dll
0x00007ffaba1f0000 - 0x00007ffaba204000 	C:\WINDOWS\SYSTEM32\UMPDC.dll
0x00007ffab9e30000 - 0x00007ffab9e4b000 	C:\WINDOWS\SYSTEM32\kernel.appcore.dll
0x00007ffa830d0000 - 0x00007ffa830da000 	c:\Users\prith\.vscode\extensions\redhat.java-1.53.0-win32-x64\jre\21.0.10-win32-x86_64\bin\jimage.dll
0x00007ffab8770000 - 0x00007ffab89b2000 	C:\WINDOWS\SYSTEM32\DBGHELP.DLL
0x00007ffabd030000 - 0x00007ffabd3ab000 	C:\WINDOWS\System32\combase.dll
0x00007ffabc4c0000 - 0x00007ffabc597000 	C:\WINDOWS\System32\OLEAUT32.dll
0x00007ffa84dc0000 - 0x00007ffa84dfc000 	C:\WINDOWS\SYSTEM32\dbgcore.DLL
0x00007ffabb3f0000 - 0x00007ffabb488000 	C:\WINDOWS\System32\bcryptPrimitives.dll
0x00007ffab0270000 - 0x00007ffab027f000 	c:\Users\prith\.vscode\extensions\redhat.java-1.53.0-win32-x64\jre\21.0.10-win32-x86_64\bin\instrument.dll
0x00007ffa73f90000 - 0x00007ffa73fb0000 	c:\Users\prith\.vscode\extensions\redhat.java-1.53.0-win32-x64\jre\21.0.10-win32-x86_64\bin\java.dll
0x00007ffabc630000 - 0x00007ffabcd7c000 	C:\WINDOWS\System32\SHELL32.dll
0x00007ffabb800000 - 0x00007ffabb96b000 	C:\WINDOWS\System32\wintypes.dll
0x00007ffab8c60000 - 0x00007ffab94bd000 	C:\WINDOWS\SYSTEM32\windows.storage.dll
0x00007ffabd510000 - 0x00007ffabd602000 	C:\WINDOWS\System32\SHCORE.dll
0x00007ffabbc30000 - 0x00007ffabbc92000 	C:\WINDOWS\System32\shlwapi.dll
0x00007ffabaf10000 - 0x00007ffabaf39000 	C:\WINDOWS\SYSTEM32\profapi.dll
0x00007ffa72bc0000 - 0x00007ffa72bd8000 	c:\Users\prith\.vscode\extensions\redhat.java-1.53.0-win32-x64\jre\21.0.10-win32-x86_64\bin\zip.dll
0x00007ffa81d20000 - 0x00007ffa81d30000 	C:\Users\prith\.vscode\extensions\redhat.java-1.53.0-win32-x64\jre\21.0.10-win32-x86_64\bin\net.dll
0x00007ffab1e70000 - 0x00007ffab1f8f000 	C:\WINDOWS\SYSTEM32\WINHTTP.dll
0x00007ffaba450000 - 0x00007ffaba4bb000 	C:\WINDOWS\system32\mswsock.dll
0x00007ffa6c970000 - 0x00007ffa6c986000 	C:\Users\prith\.vscode\extensions\redhat.java-1.53.0-win32-x64\jre\21.0.10-win32-x86_64\bin\nio.dll
0x00007ffaaeda0000 - 0x00007ffaaedb0000 	c:\Users\prith\.vscode\extensions\redhat.java-1.53.0-win32-x64\jre\21.0.10-win32-x86_64\bin\verify.dll

JVMTI agents:
c:\Users\prith\.vscode\extensions\redhat.java-1.53.0-win32-x64\lombok\lombok-1.18.39-4050.jar path:c:\Users\prith\.vscode\extensions\redhat.java-1.53.0-win32-x64\jre\21.0.10-win32-x86_64\bin\instrument.dll, loaded, initialized, instrumentlib options:none

dbghelp: loaded successfully - version: 4.0.5 - missing functions: none
symbol engine: initialized successfully - sym options: 0x614 - pdb path: .;c:\Users\prith\.vscode\extensions\redhat.java-1.53.0-win32-x64\jre\21.0.10-win32-x86_64\bin;C:\WINDOWS\SYSTEM32;C:\WINDOWS\WinSxS\amd64_microsoft.windows.common-controls_6595b64144ccf1df_6.0.26100.6725_none_3e085828e334708b;c:\Users\prith\.vscode\extensions\redhat.java-1.53.0-win32-x64\jre\21.0.10-win32-x86_64\bin\server

VM Arguments:
jvm_args: --add-modules=ALL-SYSTEM --add-opens=java.base/java.util=ALL-UNNAMED --add-opens=java.base/java.lang=ALL-UNNAMED --add-opens=java.base/sun.nio.fs=ALL-UNNAMED -Declipse.application=org.eclipse.jdt.ls.core.id1 -Dosgi.bundles.defaultStartLevel=4 -Declipse.product=org.eclipse.jdt.ls.core.product -Djava.import.generatesMetadataFilesAtProjectRoot=false -DDetectVMInstallationsJob.disabled=true -Dfile.encoding=utf8 -XX:+UseParallelGC -XX:GCTimeRatio=4 -XX:AdaptiveSizePolicyWeight=90 -Dsun.zip.disableMemoryMapping=true -Xmx2G -Xms100m -Xlog:disable -javaagent:c:\Users\prith\.vscode\extensions\redhat.java-1.53.0-win32-x64\lombok\lombok-1.18.39-4050.jar -XX:+HeapDumpOnOutOfMemoryError -XX:HeapDumpPath=c:\Users\prith\AppData\Roaming\Code\User\workspaceStorage\f6ae1ae6b6b1b25ef70508220a47b730\redhat.java -Daether.dependencyCollector.impl=bf 
java_command: c:\Users\prith\.vscode\extensions\redhat.java-1.53.0-win32-x64\server\plugins\org.eclipse.equinox.launcher_1.7.100.v20251111-0406.jar -configuration c:\Users\prith\AppData\Roaming\Code\User\globalStorage\redhat.java\1.53.0\config_win -data c:\Users\prith\AppData\Roaming\Code\User\workspaceStorage\f6ae1ae6b6b1b25ef70508220a47b730\redhat.java\jdt_ws --pipe=\\.\pipe\lsp-eb473c354089a72b7fcb74e43800fbcb-sock
java_class_path (initial): c:\Users\prith\.vscode\extensions\redhat.java-1.53.0-win32-x64\server\plugins\org.eclipse.equinox.launcher_1.7.100.v20251111-0406.jar
Launcher Type: SUN_STANDARD

[Global flags]
    uintx AdaptiveSizePolicyWeight                 = 90                                        {product} {command line}
     intx CICompilerCount                          = 4                                         {product} {ergonomic}
    uintx GCTimeRatio                              = 4                                         {product} {command line}
     bool HeapDumpOnOutOfMemoryError               = true                                   {manageable} {command line}
    ccstr HeapDumpPath                             = c:\Users\prith\AppData\Roaming\Code\User\workspaceStorage\f6ae1ae6b6b1b25ef70508220a47b730\redhat.java         {manageable} {command line}
   size_t InitialHeapSize                          = 104857600                                 {product} {command line}
   size_t MaxHeapSize                              = 2147483648                                {product} {command line}
   size_t MaxNewSize                               = 715653120                                 {product} {ergonomic}
   size_t MinHeapDeltaBytes                        = 524288                                    {product} {ergonomic}
   size_t MinHeapSize                              = 104857600                                 {product} {command line}
   size_t NewSize                                  = 34603008                                  {product} {ergonomic}
    uintx NonNMethodCodeHeapSize                   = 5839372                                {pd product} {ergonomic}
    uintx NonProfiledCodeHeapSize                  = 122909434                              {pd product} {ergonomic}
   size_t OldSize                                  = 70254592                                  {product} {ergonomic}
    uintx ProfiledCodeHeapSize                     = 122909434                              {pd product} {ergonomic}
    uintx ReservedCodeCacheSize                    = 251658240                              {pd product} {ergonomic}
     bool SegmentedCodeCache                       = true                                      {product} {ergonomic}
   size_t SoftMaxHeapSize                          = 2147483648                             {manageable} {ergonomic}
     bool UseCompressedOops                        = true                           {product lp64_product} {ergonomic}
     bool UseLargePagesIndividualAllocation        = false                                  {pd product} {ergonomic}
     bool UseParallelGC                            = true                                      {product} {command line}

Logging:
Log output configuration:
 #0: stdout all=off uptime,level,tags foldmultilines=false
 #1: stderr all=off uptime,level,tags foldmultilines=false

Release file:
JAVA_VERSION="21.0.10" 
MODULES="java.base java.compiler java.datatransfer java.xml java.prefs java.desktop java.instrument java.logging java.management java.security.sasl java.naming java.rmi java.management.rmi java.net.http java.scripting java.security.jgss java.transaction.xa java.sql java.sql.rowset java.xml.crypto java.se java.smartcardio jdk.accessibility jdk.internal.jvmstat jdk.attach jdk.charsets jdk.internal.opt jdk.zipfs jdk.compiler jdk.crypto.ec jdk.crypto.cryptoki jdk.crypto.mscapi jdk.dynalink jdk.internal.ed jdk.editpad jdk.hotspot.agent jdk.httpserver jdk.internal.le jdk.internal.vm.ci jdk.internal.vm.compiler jdk.internal.vm.compiler.management jdk.jartool jdk.javadoc jdk.jcmd jdk.management jdk.management.agent jdk.jconsole jdk.jdeps jdk.jdwp.agent jdk.jdi jdk.jfr jdk.jshell jdk.jsobject jdk.jstatd jdk.localedata jdk.management.jfr jdk.naming.dns jdk.naming.rmi jdk.net jdk.nio.mapmode jdk.random jdk.sctp jdk.security.auth jdk.security.jgss jdk.unsupported jdk.unsupported.desktop jdk.xml.dom" 

Environment Variables:
PATH=C:\Users\prith\AppData\Local\Programs\Microsoft VS Code;C:\Program Files\Common Files\Oracle\Java\javapath;C:\windows\system32;C:\windows;C:\windows\System32\Wbem;C:\windows\System32\WindowsPowerShell\v1.0\;C:\windows\System32\OpenSSH\;C:\Program Files (x86)\NVIDIA Corporation\PhysX\Common;C:\Program Files\NVIDIA Corporation\NVIDIA NvDLISR;C:\Users\Administrator\AppData\Local\Microsoft\WindowsApps;C:\Program Files\HP\OMEN-Broadcast\Common;C:\WINDOWS\system32;C:\WINDOWS;C:\WINDOWS\System32\Wbem;C:\WINDOWS\System32\WindowsPowerShell\v1.0\;C:\WINDOWS\System32\OpenSSH\;C:\Program Files\HP\HP One Agent;C:\Program Files\dotnet\;C:\Program Files\Git\cmd;C:\Program Files\nodejs\;C:\Program Files\Microsoft SQL Server\170\Tools\Binn\;C:\Program Files\Microsoft SQL Server\Client SDK\ODBC\170\Tools\Binn\;C:\Users\prith\AppData\Local\Programs\Python\Python313\Scripts\;C:\Users\prith\AppData\Local\Programs\Python\Python313\;C:\Users\prith\AppData\Local\Programs\Python\Launcher\;C:\Users\prith\AppData\Local\Programs\Python\Python312\Scripts\;C:\Users\prith\AppData\Local\Programs\Python\Python312\;C:\Users\prith\AppData\Local\Programs\Python\Python310\Scripts\;C:\Users\prith\AppData\Local\Programs\Python\Python310\;C:\Users\prith\AppData\Local\Microsoft\WindowsApps;C:\Program Files\JetBrains\PyCharm Community Edition 2025.1.2\bin;;C:\Users\prith\AppData\Local\Microsoft\WinGet\Packages\yt-dlp.yt-dlp_Microsoft.Winget.Source_8wekyb3d8bbwe;C:\Users\prith\AppData\Local\Microsoft\WinGet\Packages\Gyan.FFmpeg_Microsoft.Winget.Source_8wekyb3d8bbwe\ffmpeg-7.1.1-full_build\bin;C:\Users\prith\AppData\Local\Programs\Antigravity\bin;C:\Users\prith\AppData\Roaming\npm;C:\Users\prith\Documents\prithvi\hackathon\flutter\bin;C:\Users\prith\.dotnet\tools;C:\Users\prith\AppData\Local\Programs\Microsoft VS Code\bin
USERNAME=prith
OS=Windows_NT
PROCESSOR_IDENTIFIER=Intel64 Family 6 Model 186 Stepping 2, GenuineIntel
TMP=C:\Users\prith\AppData\Local\Temp
TEMP=C:\Users\prith\AppData\Local\Temp




Periodic native trim disabled

---------------  S Y S T E M  ---------------

OS:
 Windows 11 , 64 bit Build 26100 (10.0.26100.6725)
OS uptime: 0 days 1:15 hours

CPU: total 12 (initial active 12) (6 cores per cpu, 2 threads per core) family 6 model 186 stepping 2 microcode 0x4128, cx8, cmov, fxsr, ht, mmx, 3dnowpref, sse, sse2, sse3, ssse3, sse4.1, sse4.2, popcnt, lzcnt, tsc, tscinvbit, avx, avx2, aes, erms, clmul, bmi1, bmi2, adx, sha, fma, vzeroupper, clflush, clflushopt, clwb, serialize, rdtscp, rdpid, fsrm, f16c, pku, cet_ibt, cet_ss
Processor Information for processor 0
  Max Mhz: 2100, Current Mhz: 2100, Mhz Limit: 2100
Processor Information for processor 1
  Max Mhz: 2100, Current Mhz: 1453, Mhz Limit: 2100
Processor Information for processor 2
  Max Mhz: 2100, Current Mhz: 2100, Mhz Limit: 2100
Processor Information for processor 3
  Max Mhz: 2100, Current Mhz: 2100, Mhz Limit: 2100
Processor Information for processor 4
  Max Mhz: 2100, Current Mhz: 2100, Mhz Limit: 2100
Processor Information for processor 5
  Max Mhz: 2100, Current Mhz: 2100, Mhz Limit: 2100
Processor Information for processor 6
  Max Mhz: 2100, Current Mhz: 2100, Mhz Limit: 2100
Processor Information for processor 7
  Max Mhz: 2100, Current Mhz: 1453, Mhz Limit: 2100
Processor Information for processor 8
  Max Mhz: 2100, Current Mhz: 1540, Mhz Limit: 2100
Processor Information for processor 9
  Max Mhz: 2100, Current Mhz: 1540, Mhz Limit: 2100
Processor Information for processor 10
  Max Mhz: 2100, Current Mhz: 1540, Mhz Limit: 2100
Processor Information for processor 11
  Max Mhz: 2100, Current Mhz: 1540, Mhz Limit: 2100

Memory: 4k page, system-wide physical 16024M (4695M free)
TotalPageFile size 16024M (AvailPageFile size 41M)
current process WorkingSet (physical memory assigned to process): 88M, peak: 89M
current process commit charge ("private bytes"): 245M, peak: 247M

vm_info: OpenJDK 64-Bit Server VM (21.0.10+7-LTS) for windows-amd64 JRE (21.0.10+7-LTS), built on 2026-01-20T00:00:00Z by "admin" with MS VC++ 17.12 (VS2022)

END.
