#
# There is insufficient memory for the Java Runtime Environment to continue.
# Native memory allocation (malloc) failed to allocate 252016 bytes. Error detail: Chunk::new
# Possible reasons:
#   The system is out of physical RAM or swap space
#   This process is running with CompressedOops enabled, and the Java Heap may be blocking the growth of the native heap
# Possible solutions:
#   Reduce memory load on the system
#   Increase physical memory or swap space
#   Check if swap backing store is full
#   Decrease Java heap size (-Xmx/-Xms)
#   Decrease number of Java threads
#   Decrease Java thread stack sizes (-Xss)
#   Set larger code cache with -XX:ReservedCodeCacheSize=
#   JVM is running with Unscaled Compressed Oops mode in which the Java heap is
#     placed in the first 4GB address space. The Java Heap base address is the
#     maximum limit for the native heap growth. Please use -XX:HeapBaseMinAddress
#     to set the Java Heap base and to place the Java Heap above 4GB virtual address.
# This output file may be truncated or incomplete.
#
#  Out of Memory Error (arena.cpp:168), pid=12172, tid=3300
#
# JRE version: OpenJDK Runtime Environment Temurin-21.0.10+7 (21.0.10+7) (build 21.0.10+7-LTS)
# Java VM: OpenJDK 64-Bit Server VM Temurin-21.0.10+7 (21.0.10+7-LTS, mixed mode, sharing, tiered, compressed oops, compressed class ptrs, parallel gc, windows-amd64)
# No core dump will be written. Minidumps are not enabled by default on client versions of Windows
#

---------------  S U M M A R Y ------------

Command Line: --add-modules=ALL-SYSTEM --add-opens=java.base/java.util=ALL-UNNAMED --add-opens=java.base/java.lang=ALL-UNNAMED --add-opens=java.base/sun.nio.fs=ALL-UNNAMED -Declipse.application=org.eclipse.jdt.ls.core.id1 -Dosgi.bundles.defaultStartLevel=4 -Declipse.product=org.eclipse.jdt.ls.core.product -Djava.import.generatesMetadataFilesAtProjectRoot=false -DDetectVMInstallationsJob.disabled=true -Dfile.encoding=utf8 -XX:+UseParallelGC -XX:GCTimeRatio=4 -XX:AdaptiveSizePolicyWeight=90 -Dsun.zip.disableMemoryMapping=true -Xmx2G -Xms100m -Xlog:disable -javaagent:c:\Users\prith\.vscode\extensions\redhat.java-1.53.0-win32-x64\lombok\lombok-1.18.39-4050.jar c:\Users\prith\.vscode\extensions\redhat.java-1.53.0-win32-x64\server\plugins\org.eclipse.equinox.launcher_1.7.100.v20251111-0406.jar -configuration c:\Users\prith\AppData\Roaming\Code\User\globalStorage\redhat.java\1.53.0\config_ss_win -data c:\Users\prith\AppData\Roaming\Code\User\workspaceStorage\f6ae1ae6b6b1b25ef70508220a47b730\redhat.java\ss_ws --pipe=\\.\pipe\lsp-4c85690577d92ccb90a290dbbbc55e2e-sock

Host: 13th Gen Intel(R) Core(TM) i5-13420H, 12 cores, 15G,  Windows 11 , 64 bit Build 26100 (10.0.26100.6725)
Time: Fri Mar 13 22:59:08 2026 India Standard Time elapsed time: 7.475326 seconds (0d 0h 0m 7s)

---------------  T H R E A D  ---------------

Current thread (0x000002bae0095fa0):  JavaThread "C2 CompilerThread0" daemon [_thread_in_native, id=3300, stack(0x000000e876e00000,0x000000e876f00000) (1024K)]


Current CompileTask:
C2:7475 2296       4       lombok.patcher.PatchScript::classMatches (41 bytes)

Stack: [0x000000e876e00000,0x000000e876f00000]
Native frames: (J=compiled Java code, j=interpreted, Vv=VM code, C=native code)
V  [jvm.dll+0x6d7a39]
V  [jvm.dll+0x8b4b26]
V  [jvm.dll+0x8b70de]
V  [jvm.dll+0x8b77c3]
V  [jvm.dll+0x284346]
V  [jvm.dll+0xc66ed]
V  [jvm.dll+0xc6c31]
V  [jvm.dll+0x3bec01]
V  [jvm.dll+0x38b162]
V  [jvm.dll+0x38a5aa]
V  [jvm.dll+0x24c560]
V  [jvm.dll+0x24bb40]
V  [jvm.dll+0x1cb34e]
V  [jvm.dll+0x25b85d]
V  [jvm.dll+0x259dea]
V  [jvm.dll+0x3f857e]
V  [jvm.dll+0x85f59d]
V  [jvm.dll+0x6d626d]
C  [ucrtbase.dll+0x37b0]
C  [KERNEL32.DLL+0x2e8d7]
C  [ntdll.dll+0x8c53c]


---------------  P R O C E S S  ---------------

Threads class SMR info:
_java_thread_list=0x000002bae6687600, length=17, elements={
0x000002bac8360300, 0x000002bac830e670, 0x000002bac84031b0, 0x000002bac8406e70,
0x000002bac8407c80, 0x000002bac840ab30, 0x000002bac840be60, 0x000002bae0095fa0,
0x000002bae00d31d0, 0x000002bae02cece0, 0x000002bae0316c00, 0x000002bae60ddb10,
0x000002bae1798350, 0x000002bae62179e0, 0x000002bae6208350, 0x000002bae66b08b0,
0x000002bae613d960
}

Java Threads: ( => current thread )
  0x000002bac8360300 JavaThread "main"                              [_thread_blocked, id=5000, stack(0x000000e876400000,0x000000e876500000) (1024K)]
  0x000002bac830e670 JavaThread "Reference Handler"          daemon [_thread_blocked, id=21332, stack(0x000000e876800000,0x000000e876900000) (1024K)]
  0x000002bac84031b0 JavaThread "Finalizer"                  daemon [_thread_blocked, id=17968, stack(0x000000e876900000,0x000000e876a00000) (1024K)]
  0x000002bac8406e70 JavaThread "Signal Dispatcher"          daemon [_thread_blocked, id=5684, stack(0x000000e876a00000,0x000000e876b00000) (1024K)]
  0x000002bac8407c80 JavaThread "Attach Listener"            daemon [_thread_blocked, id=3472, stack(0x000000e876b00000,0x000000e876c00000) (1024K)]
  0x000002bac840ab30 JavaThread "Service Thread"             daemon [_thread_blocked, id=18076, stack(0x000000e876c00000,0x000000e876d00000) (1024K)]
  0x000002bac840be60 JavaThread "Monitor Deflation Thread"   daemon [_thread_blocked, id=21364, stack(0x000000e876d00000,0x000000e876e00000) (1024K)]
=>0x000002bae0095fa0 JavaThread "C2 CompilerThread0"         daemon [_thread_in_native, id=3300, stack(0x000000e876e00000,0x000000e876f00000) (1024K)]
  0x000002bae00d31d0 JavaThread "C1 CompilerThread0"         daemon [_thread_blocked, id=8368, stack(0x000000e876f00000,0x000000e877000000) (1024K)]
  0x000002bae02cece0 JavaThread "Common-Cleaner"             daemon [_thread_blocked, id=6688, stack(0x000000e877000000,0x000000e877100000) (1024K)]
  0x000002bae0316c00 JavaThread "Notification Thread"        daemon [_thread_blocked, id=18720, stack(0x000000e877300000,0x000000e877400000) (1024K)]
  0x000002bae60ddb10 JavaThread "Active Thread: Equinox Container: a0c150dd-3863-482a-9496-60878b02d5f2"        [_thread_blocked, id=13748, stack(0x000000e877a00000,0x000000e877b00000) (1024K)]
  0x000002bae1798350 JavaThread "Framework Event Dispatcher: Equinox Container: a0c150dd-3863-482a-9496-60878b02d5f2" daemon [_thread_blocked, id=10296, stack(0x000000e877200000,0x000000e877300000) (1024K)]
  0x000002bae62179e0 JavaThread "Start Level: Equinox Container: a0c150dd-3863-482a-9496-60878b02d5f2" daemon [_thread_blocked, id=420, stack(0x000000e877b00000,0x000000e877c00000) (1024K)]
  0x000002bae6208350 JavaThread "SCR Component Actor"        daemon [_thread_blocked, id=18236, stack(0x000000e877d00000,0x000000e877e00000) (1024K)]
  0x000002bae66b08b0 JavaThread "Worker-JM"                         [_thread_blocked, id=19272, stack(0x000000e877f00000,0x000000e878000000) (1024K)]
  0x000002bae613d960 JavaThread "C2 CompilerThread1"         daemon [_thread_blocked, id=18312, stack(0x000000e878000000,0x000000e878100000) (1024K)]
Total: 17

Other Threads:
  0x000002bac82f45a0 VMThread "VM Thread"                           [id=20688, stack(0x000000e876700000,0x000000e876800000) (1024K)] _threads_hazard_ptr=0x000002bae6687600
  0x000002bac81eca00 WatcherThread "VM Periodic Task Thread"        [id=5260, stack(0x000000e876600000,0x000000e876700000) (1024K)]
  0x000002bac837e980 WorkerThread "GC Thread#0"                     [id=17204, stack(0x000000e876500000,0x000000e876600000) (1024K)]
  0x000002bae133d9c0 WorkerThread "GC Thread#1"                     [id=21128, stack(0x000000e877400000,0x000000e877500000) (1024K)]
  0x000002bae133dd70 WorkerThread "GC Thread#2"                     [id=8608, stack(0x000000e877500000,0x000000e877600000) (1024K)]
  0x000002bae171da10 WorkerThread "GC Thread#3"                     [id=1712, stack(0x000000e877600000,0x000000e877700000) (1024K)]
  0x000002bae171ddc0 WorkerThread "GC Thread#4"                     [id=9932, stack(0x000000e877700000,0x000000e877800000) (1024K)]
  0x000002bae171e170 WorkerThread "GC Thread#5"                     [id=19440, stack(0x000000e877800000,0x000000e877900000) (1024K)]
  0x000002bae17b7b00 WorkerThread "GC Thread#6"                     [id=12348, stack(0x000000e877900000,0x000000e877a00000) (1024K)]
  0x000002bae17b8610 WorkerThread "GC Thread#7"                     [id=18240, stack(0x000000e877c00000,0x000000e877d00000) (1024K)]
  0x000002bae17b73a0 WorkerThread "GC Thread#8"                     [id=8440, stack(0x000000e877100000,0x000000e877200000) (1024K)]
  0x000002bae17b7750 WorkerThread "GC Thread#9"                     [id=4636, stack(0x000000e877e00000,0x000000e877f00000) (1024K)]
Total: 12

Threads with active compile tasks:
C2 CompilerThread0  7487 2296       4       lombok.patcher.PatchScript::classMatches (41 bytes)
C1 CompilerThread0  7487 2354   !   3       org.eclipse.osgi.container.Module::start (662 bytes)
C2 CompilerThread1  7487 2344       4       java.io.DataInputStream::readByte (6 bytes)
Total: 3

VM state: synchronizing (normal execution)

VM Mutex/Monitor currently owned by a thread:  ([mutex/lock_event])
[0x00007ffc1c23e560] Threads_lock - owner thread: 0x000002bac82f45a0

Heap address: 0x0000000080000000, size: 2048 MB, Compressed Oops mode: 32-bit

CDS archive(s) mapped at: [0x000002ba80000000-0x000002ba80ba0000-0x000002ba80ba0000), size 12189696, SharedBaseAddress: 0x000002ba80000000, ArchiveRelocationMode: 1.
Compressed class space mapped at: 0x000002ba81000000-0x000002bac1000000, reserved size: 1073741824
Narrow klass base: 0x000002ba80000000, Narrow klass shift: 0, Narrow klass range: 0x100000000

GC Precious Log:
 CardTable entry size: 512
 CPUs: 12 total, 12 available
 Memory: 16024M
 Large Page Support: Disabled
 NUMA Support: Disabled
 Compressed Oops: Enabled (32-bit)
 Alignments: Space 512K, Generation 512K, Heap 2M
 Heap Min Capacity: 100M
 Heap Initial Capacity: 100M
 Heap Max Capacity: 2G
 Pre-touch: Disabled
 Parallel Workers: 10

Heap:
 PSYoungGen      total 29696K, used 10954K [0x00000000d5580000, 0x00000000d7680000, 0x0000000100000000)
  eden space 25600K, 26% used [0x00000000d5580000,0x00000000d5c37ee0,0x00000000d6e80000)
  from space 4096K, 99% used [0x00000000d6e80000,0x00000000d727a9b8,0x00000000d7280000)
  to   space 4096K, 0% used [0x00000000d7280000,0x00000000d7280000,0x00000000d7680000)
 ParOldGen       total 68608K, used 2919K [0x0000000080000000, 0x0000000084300000, 0x00000000d5580000)
  object space 68608K, 4% used [0x0000000080000000,0x00000000802d9f80,0x0000000084300000)
 Metaspace       used 13808K, committed 14336K, reserved 1114112K
  class space    used 1461K, committed 1728K, reserved 1048576K

Card table byte_map: [0x000002bac7d00000,0x000002bac8110000] _byte_map_base: 0x000002bac7900000

Marking Bits: (ParMarkBitMap*) 0x00007ffc1c243450
 Begin Bits: [0x000002bada810000, 0x000002badc810000)
 End Bits:   [0x000002badc810000, 0x000002bade810000)

Polling page: 0x000002bac5f30000

Metaspace:

Usage:
  Non-class:     12.06 MB used.
      Class:      1.43 MB used.
       Both:     13.48 MB used.

Virtual space:
  Non-class space:       64.00 MB reserved,      12.31 MB ( 19%) committed,  1 nodes.
      Class space:        1.00 GB reserved,       1.69 MB ( <1%) committed,  1 nodes.
             Both:        1.06 GB reserved,      14.00 MB (  1%) committed. 

Chunk freelists:
   Non-Class:  3.69 MB
       Class:  14.33 MB
        Both:  18.02 MB

MaxMetaspaceSize: unlimited
CompressedClassSpaceSize: 1.00 GB
Initial GC threshold: 21.00 MB
Current GC threshold: 21.00 MB
CDS: on
 - commit_granule_bytes: 65536.
 - commit_granule_words: 8192.
 - virtual_space_node_default_size: 8388608.
 - enlarge_chunks_in_place: 1.
 - use_allocation_guard: 0.


Internal statistics:

num_allocs_failed_limit: 0.
num_arena_births: 388.
num_arena_deaths: 0.
num_vsnodes_births: 2.
num_vsnodes_deaths: 0.
num_space_committed: 224.
num_space_uncommitted: 0.
num_chunks_returned_to_freelist: 0.
num_chunks_taken_from_freelist: 860.
num_chunk_merges: 0.
num_chunk_splits: 551.
num_chunks_enlarged: 351.
num_inconsistent_stats: 0.

CodeHeap 'non-profiled nmethods': size=120000Kb used=1035Kb max_used=1035Kb free=118964Kb
 bounds [0x000002bad3030000, 0x000002bad32a0000, 0x000002bada560000]
CodeHeap 'profiled nmethods': size=120000Kb used=4409Kb max_used=4409Kb free=115590Kb
 bounds [0x000002bacb560000, 0x000002bacb9b0000, 0x000002bad2a90000]
CodeHeap 'non-nmethods': size=5760Kb used=1257Kb max_used=1274Kb free=4502Kb
 bounds [0x000002bad2a90000, 0x000002bad2d00000, 0x000002bad3030000]
CodeCache: size=245760Kb, used=6701Kb, max_used=6718Kb, free=239056Kb
 total_blobs=2879, nmethods=2350, adapters=435, full_count=0
Compilation: enabled, stopped_count=0, restarted_count=0

Compilation events (20 events):
Event: 5.446 Thread 0x000002bae00d31d0 nmethod 2345 0x000002bad3131710 code [0x000002bad31318a0, 0x000002bad3131968]
Event: 5.446 Thread 0x000002bae00d31d0 2346       1       org.eclipse.core.internal.registry.RegistryObject::setRawChildren (6 bytes)
Event: 5.446 Thread 0x000002bae00d31d0 nmethod 2346 0x000002bad3131a10 code [0x000002bad3131ba0, 0x000002bad3131c80]
Event: 5.446 Thread 0x000002bae00d31d0 2347       1       org.eclipse.core.internal.registry.RegistryObject::getRawChildren (5 bytes)
Event: 5.446 Thread 0x000002bae00d31d0 nmethod 2347 0x000002bad3131d10 code [0x000002bad3131ea0, 0x000002bad3131f68]
Event: 5.447 Thread 0x000002bae00d31d0 2348       1       org.eclipse.core.internal.registry.ExtensionRegistry::isMultiLanguage (5 bytes)
Event: 5.447 Thread 0x000002bae00d31d0 nmethod 2348 0x000002bad3132010 code [0x000002bad31321a0, 0x000002bad3132270]
Event: 5.447 Thread 0x000002bae00d31d0 2349       1       org.eclipse.core.internal.registry.ConfigurationElement::getContributorId (5 bytes)
Event: 5.447 Thread 0x000002bae00d31d0 nmethod 2349 0x000002bad3132310 code [0x000002bad31324a0, 0x000002bad3132568]
Event: 5.448 Thread 0x000002bae613d960 nmethod 2340 0x000002bad3132610 code [0x000002bad31327e0, 0x000002bad3132970]
Event: 5.448 Thread 0x000002bae00d31d0 2350       3       java.util.ArrayList::<init> (65 bytes)
Event: 5.448 Thread 0x000002bae613d960 2344       4       java.io.DataInputStream::readByte (6 bytes)
Event: 5.449 Thread 0x000002bae00d31d0 nmethod 2350 0x000002bacb9a4490 code [0x000002bacb9a46a0, 0x000002bacb9a4c08]
Event: 5.449 Thread 0x000002bae00d31d0 2351       3       org.eclipse.core.internal.registry.ReferenceMap::get (54 bytes)
Event: 5.450 Thread 0x000002bae00d31d0 nmethod 2351 0x000002bacb9a4d90 code [0x000002bacb9a4fa0, 0x000002bacb9a5470]
Event: 5.450 Thread 0x000002bae00d31d0 2352  s    3       org.eclipse.core.internal.registry.RegistryObjectManager::getObject (7 bytes)
Event: 5.451 Thread 0x000002bae00d31d0 nmethod 2352 0x000002bacb9a5710 code [0x000002bacb9a58c0, 0x000002bacb9a5ac0]
Event: 5.451 Thread 0x000002bae00d31d0 2353       1       org.eclipse.core.internal.registry.ConfigurationElement::getName (5 bytes)
Event: 5.451 Thread 0x000002bae00d31d0 nmethod 2353 0x000002bad3132b10 code [0x000002bad3132ca0, 0x000002bad3132d68]
Event: 5.451 Thread 0x000002bae00d31d0 2354   !   3       org.eclipse.osgi.container.Module::start (662 bytes)

GC Heap History (6 events):
Event: 1.884 GC heap before
{Heap before GC invocations=1 (full 0):
 PSYoungGen      total 29696K, used 25600K [0x00000000d5580000, 0x00000000d7680000, 0x0000000100000000)
  eden space 25600K, 100% used [0x00000000d5580000,0x00000000d6e80000,0x00000000d6e80000)
  from space 4096K, 0% used [0x00000000d7280000,0x00000000d7280000,0x00000000d7680000)
  to   space 4096K, 0% used [0x00000000d6e80000,0x00000000d6e80000,0x00000000d7280000)
 ParOldGen       total 68608K, used 0K [0x0000000080000000, 0x0000000084300000, 0x00000000d5580000)
  object space 68608K, 0% used [0x0000000080000000,0x0000000080000000,0x0000000084300000)
 Metaspace       used 4347K, committed 4608K, reserved 1114112K
  class space    used 474K, committed 576K, reserved 1048576K
}
Event: 1.898 GC heap after
{Heap after GC invocations=1 (full 0):
 PSYoungGen      total 29696K, used 3287K [0x00000000d5580000, 0x00000000d7680000, 0x0000000100000000)
  eden space 25600K, 0% used [0x00000000d5580000,0x00000000d5580000,0x00000000d6e80000)
  from space 4096K, 80% used [0x00000000d6e80000,0x00000000d71b5ea8,0x00000000d7280000)
  to   space 4096K, 0% used [0x00000000d7280000,0x00000000d7280000,0x00000000d7680000)
 ParOldGen       total 68608K, used 16K [0x0000000080000000, 0x0000000084300000, 0x00000000d5580000)
  object space 68608K, 0% used [0x0000000080000000,0x0000000080004000,0x0000000084300000)
 Metaspace       used 4347K, committed 4608K, reserved 1114112K
  class space    used 474K, committed 576K, reserved 1048576K
}
Event: 3.714 GC heap before
{Heap before GC invocations=2 (full 0):
 PSYoungGen      total 29696K, used 28887K [0x00000000d5580000, 0x00000000d7680000, 0x0000000100000000)
  eden space 25600K, 100% used [0x00000000d5580000,0x00000000d6e80000,0x00000000d6e80000)
  from space 4096K, 80% used [0x00000000d6e80000,0x00000000d71b5ea8,0x00000000d7280000)
  to   space 4096K, 0% used [0x00000000d7280000,0x00000000d7280000,0x00000000d7680000)
 ParOldGen       total 68608K, used 16K [0x0000000080000000, 0x0000000084300000, 0x00000000d5580000)
  object space 68608K, 0% used [0x0000000080000000,0x0000000080004000,0x0000000084300000)
 Metaspace       used 8125K, committed 8384K, reserved 1114112K
  class space    used 865K, committed 960K, reserved 1048576K
}
Event: 3.730 GC heap after
{Heap after GC invocations=2 (full 0):
 PSYoungGen      total 29696K, used 4075K [0x00000000d5580000, 0x00000000d7680000, 0x0000000100000000)
  eden space 25600K, 0% used [0x00000000d5580000,0x00000000d5580000,0x00000000d6e80000)
  from space 4096K, 99% used [0x00000000d7280000,0x00000000d767aff8,0x00000000d7680000)
  to   space 4096K, 0% used [0x00000000d6e80000,0x00000000d6e80000,0x00000000d7280000)
 ParOldGen       total 68608K, used 1161K [0x0000000080000000, 0x0000000084300000, 0x00000000d5580000)
  object space 68608K, 1% used [0x0000000080000000,0x0000000080122698,0x0000000084300000)
 Metaspace       used 8125K, committed 8384K, reserved 1114112K
  class space    used 865K, committed 960K, reserved 1048576K
}
Event: 5.081 GC heap before
{Heap before GC invocations=3 (full 0):
 PSYoungGen      total 29696K, used 29675K [0x00000000d5580000, 0x00000000d7680000, 0x0000000100000000)
  eden space 25600K, 100% used [0x00000000d5580000,0x00000000d6e80000,0x00000000d6e80000)
  from space 4096K, 99% used [0x00000000d7280000,0x00000000d767aff8,0x00000000d7680000)
  to   space 4096K, 0% used [0x00000000d6e80000,0x00000000d6e80000,0x00000000d7280000)
 ParOldGen       total 68608K, used 1161K [0x0000000080000000, 0x0000000084300000, 0x00000000d5580000)
  object space 68608K, 1% used [0x0000000080000000,0x0000000080122698,0x0000000084300000)
 Metaspace       used 12951K, committed 13568K, reserved 1114112K
  class space    used 1376K, committed 1664K, reserved 1048576K
}
Event: 5.094 GC heap after
{Heap after GC invocations=3 (full 0):
 PSYoungGen      total 29696K, used 4074K [0x00000000d5580000, 0x00000000d7680000, 0x0000000100000000)
  eden space 25600K, 0% used [0x00000000d5580000,0x00000000d5580000,0x00000000d6e80000)
  from space 4096K, 99% used [0x00000000d6e80000,0x00000000d727a9b8,0x00000000d7280000)
  to   space 4096K, 0% used [0x00000000d7280000,0x00000000d7280000,0x00000000d7680000)
 ParOldGen       total 68608K, used 2919K [0x0000000080000000, 0x0000000084300000, 0x00000000d5580000)
  object space 68608K, 4% used [0x0000000080000000,0x00000000802d9f80,0x0000000084300000)
 Metaspace       used 12951K, committed 13568K, reserved 1114112K
  class space    used 1376K, committed 1664K, reserved 1048576K
}

Dll operation events (9 events):
Event: 0.026 Loaded shared library c:\Users\prith\.vscode\extensions\redhat.java-1.53.0-win32-x64\jre\21.0.10-win32-x86_64\bin\java.dll
Event: 0.180 Loaded shared library c:\Users\prith\.vscode\extensions\redhat.java-1.53.0-win32-x64\jre\21.0.10-win32-x86_64\bin\zip.dll
Event: 0.234 Loaded shared library C:\Users\prith\.vscode\extensions\redhat.java-1.53.0-win32-x64\jre\21.0.10-win32-x86_64\bin\instrument.dll
Event: 0.247 Loaded shared library C:\Users\prith\.vscode\extensions\redhat.java-1.53.0-win32-x64\jre\21.0.10-win32-x86_64\bin\net.dll
Event: 0.252 Loaded shared library C:\Users\prith\.vscode\extensions\redhat.java-1.53.0-win32-x64\jre\21.0.10-win32-x86_64\bin\nio.dll
Event: 0.260 Loaded shared library C:\Users\prith\.vscode\extensions\redhat.java-1.53.0-win32-x64\jre\21.0.10-win32-x86_64\bin\zip.dll
Event: 0.299 Loaded shared library C:\Users\prith\.vscode\extensions\redhat.java-1.53.0-win32-x64\jre\21.0.10-win32-x86_64\bin\jimage.dll
Event: 0.496 Loaded shared library c:\Users\prith\.vscode\extensions\redhat.java-1.53.0-win32-x64\jre\21.0.10-win32-x86_64\bin\verify.dll
Event: 4.061 Loaded shared library C:\Users\prith\AppData\Roaming\Code\User\globalStorage\redhat.java\1.53.0\config_ss_win\org.eclipse.equinox.launcher\org.eclipse.equinox.launcher.win32.win32.x86_64_1.3.0.v20260203-2149\eclipse_11919.dll

Deoptimization events (20 events):
Event: 4.652 Thread 0x000002bae62179e0 DEOPT PACKING pc=0x000002bad3116eac sp=0x000000e877bf83d0
Event: 4.652 Thread 0x000002bae62179e0 DEOPT UNPACKING pc=0x000002bad2ae3aa2 sp=0x000000e877bf8318 mode 2
Event: 4.652 Thread 0x000002bae62179e0 Uncommon trap: trap_request=0xffffffc6 fr.pc=0x000002bad3116eac relative=0x000000000000046c
Event: 4.652 Thread 0x000002bae62179e0 Uncommon trap: reason=bimorphic_or_optimized_type_check action=maybe_recompile pc=0x000002bad3116eac method=java.io.DataInputStream.readUnsignedByte()I @ 4 c2
Event: 4.653 Thread 0x000002bae62179e0 DEOPT PACKING pc=0x000002bad3116eac sp=0x000000e877bf83d0
Event: 4.653 Thread 0x000002bae62179e0 DEOPT UNPACKING pc=0x000002bad2ae3aa2 sp=0x000000e877bf8318 mode 2
Event: 5.019 Thread 0x000002bae62179e0 Uncommon trap: trap_request=0xffffff45 fr.pc=0x000002bad3086af0 relative=0x0000000000000e70
Event: 5.019 Thread 0x000002bae62179e0 Uncommon trap: reason=unstable_if action=reinterpret pc=0x000002bad3086af0 method=lombok.patcher.PatchScript.classMatches(Ljava/lang/String;Ljava/util/Collection;)Z @ 25 c2
Event: 5.019 Thread 0x000002bae62179e0 DEOPT PACKING pc=0x000002bad3086af0 sp=0x000000e877bf6940
Event: 5.020 Thread 0x000002bae62179e0 DEOPT UNPACKING pc=0x000002bad2ae3aa2 sp=0x000000e877bf6900 mode 2
Event: 5.118 Thread 0x000002bae62179e0 DEOPT PACKING pc=0x000002bacb618639 sp=0x000000e877bf7270
Event: 5.118 Thread 0x000002bae62179e0 DEOPT UNPACKING pc=0x000002bad2ae4242 sp=0x000000e877bf6770 mode 0
Event: 5.291 Thread 0x000002bae62179e0 Uncommon trap: trap_request=0xffffff45 fr.pc=0x000002bad31272a0 relative=0x0000000000001280
Event: 5.291 Thread 0x000002bae62179e0 Uncommon trap: reason=unstable_if action=reinterpret pc=0x000002bad31272a0 method=java.util.Properties.loadConvert([CIILjava/lang/StringBuilder;)Ljava/lang/String; @ 491 c2
Event: 5.292 Thread 0x000002bae62179e0 DEOPT PACKING pc=0x000002bad31272a0 sp=0x000000e877bf76d0
Event: 5.292 Thread 0x000002bae62179e0 DEOPT UNPACKING pc=0x000002bad2ae3aa2 sp=0x000000e877bf76c0 mode 2
Event: 5.370 Thread 0x000002bae62179e0 Uncommon trap: trap_request=0xffffff45 fr.pc=0x000002bad3069874 relative=0x0000000000000054
Event: 5.370 Thread 0x000002bae62179e0 Uncommon trap: reason=unstable_if action=reinterpret pc=0x000002bad3069874 method=java.lang.CharacterData.of(I)Ljava/lang/CharacterData; @ 4 c2
Event: 5.370 Thread 0x000002bae62179e0 DEOPT PACKING pc=0x000002bad3069874 sp=0x000000e877bf8a40
Event: 5.370 Thread 0x000002bae62179e0 DEOPT UNPACKING pc=0x000002bad2ae3aa2 sp=0x000000e877bf89d8 mode 2

Classes loaded (20 events):
Event: 5.348 Loading class sun/util/resources/LocaleData$LocaleDataResourceBundleProvider done
Event: 5.348 Loading class sun/util/resources/LocaleData$CommonResourceBundleProvider done
Event: 5.355 Loading class sun/text/resources/cldr/FormatData_en
Event: 5.356 Loading class sun/text/resources/cldr/FormatData_en done
Event: 5.357 Loading class sun/util/resources/Bundles$2
Event: 5.357 Loading class sun/util/resources/Bundles$2 done
Event: 5.377 Loading class java/text/FieldPosition$Delegate
Event: 5.378 Loading class java/text/FieldPosition$Delegate done
Event: 5.378 Loading class java/text/MessageFormat$Field
Event: 5.379 Loading class java/text/MessageFormat$Field done
Event: 5.423 Loading class java/util/stream/SortedOps
Event: 5.424 Loading class java/util/stream/SortedOps done
Event: 5.424 Loading class java/util/stream/SortedOps$OfRef
Event: 5.424 Loading class java/util/stream/ReferencePipeline$StatefulOp
Event: 5.424 Loading class java/util/stream/ReferencePipeline$StatefulOp done
Event: 5.425 Loading class java/util/stream/SortedOps$OfRef done
Event: 5.425 Loading class java/util/stream/SortedOps$RefSortingSink
Event: 5.425 Loading class java/util/stream/SortedOps$AbstractRefSortingSink
Event: 5.426 Loading class java/util/stream/SortedOps$AbstractRefSortingSink done
Event: 5.426 Loading class java/util/stream/SortedOps$RefSortingSink done

Classes unloaded (0 events):
No events

Classes redefined (0 events):
No events

Internal exceptions (20 events):
Event: 2.979 Thread 0x000002bac8360300 Exception <a 'java/lang/IncompatibleClassChangeError'{0x00000000d6443970}: Found class java.lang.Object, but interface was expected> (0x00000000d6443970) 
thrown [s\src\hotspot\share\interpreter\linkResolver.cpp, line 840]
Event: 2.980 Thread 0x000002bac8360300 Exception <a 'java/lang/NoSuchMethodError'{0x00000000d6449f20}: 'void java.lang.invoke.DirectMethodHandle$Holder.invokeStaticInit(java.lang.Object, java.lang.Object)'> (0x00000000d6449f20) 
thrown [s\src\hotspot\share\interpreter\linkResolver.cpp, line 773]
Event: 2.981 Thread 0x000002bac8360300 Exception <a 'java/lang/NoSuchMethodError'{0x00000000d64530d8}: 'int java.lang.invoke.DirectMethodHandle$Holder.invokeStaticInit(java.lang.Object, java.lang.Object)'> (0x00000000d64530d8) 
thrown [s\src\hotspot\share\interpreter\linkResolver.cpp, line 773]
Event: 3.133 Thread 0x000002bac8360300 Exception <a 'java/lang/NoSuchMethodError'{0x00000000d6699288}: 'java.lang.Object java.lang.invoke.DirectMethodHandle$Holder.newInvokeSpecial(java.lang.Object, int, java.lang.Object)'> (0x00000000d6699288) 
thrown [s\src\hotspot\share\interpreter\linkResolver.cpp, line 773]
Event: 3.244 Thread 0x000002bac8360300 Exception <a 'java/lang/ClassNotFoundException'{0x00000000d68b1cd8}: sun/net/www/protocol/plurl/Handler> (0x00000000d68b1cd8) 
thrown [s\src\hotspot\share\classfile\systemDictionary.cpp, line 312]
Event: 3.244 Thread 0x000002bac8360300 Exception <a 'java/lang/ClassNotFoundException'{0x00000000d68b2b58}: sun/net/www/protocol/plurl/Handler> (0x00000000d68b2b58) 
thrown [s\src\hotspot\share\classfile\systemDictionary.cpp, line 312]
Event: 3.658 Thread 0x000002bac8360300 Exception <a 'java/lang/UnsatisfiedLinkError'{0x00000000d6d298c0}: 'void org.eclipse.equinox.launcher.JNIBridge._update_splash()'> (0x00000000d6d298c0) 
thrown [s\src\hotspot\share\prims\nativeLookup.cpp, line 415]
Event: 3.835 Thread 0x000002bae62179e0 Exception <a 'java/lang/NullPointerException'{0x00000000d57bc9b0}> (0x00000000d57bc9b0) 
thrown [s\src\hotspot\share\interpreter\linkResolver.cpp, line 1372]
Event: 3.835 Thread 0x000002bae62179e0 Exception <a 'java/lang/NullPointerException'{0x00000000d57bcc90}> (0x00000000d57bcc90) 
thrown [s\src\hotspot\share\interpreter\linkResolver.cpp, line 1372]
Event: 4.262 Thread 0x000002bae62179e0 Exception <a 'java/lang/NoSuchMethodError'{0x00000000d612c108}: 'long java.lang.invoke.DirectMethodHandle$Holder.invokeSpecial(java.lang.Object, java.lang.Object)'> (0x00000000d612c108) 
thrown [s\src\hotspot\share\interpreter\linkResolver.cpp, line 773]
Event: 4.382 Thread 0x000002bae62179e0 Exception <a 'java/io/FileNotFoundException'{0x00000000d631f3f0}> (0x00000000d631f3f0) 
thrown [s\src\hotspot\share\prims\jni.cpp, line 520]
Event: 4.575 Thread 0x000002bae62179e0 Exception <a 'java/lang/NoSuchMethodError'{0x00000000d66086c0}: 'java.lang.Object java.lang.invoke.Invokers$Holder.linkToTargetMethod(java.lang.Object, long, java.lang.Object)'> (0x00000000d66086c0) 
thrown [s\src\hotspot\share\interpreter\linkResolver.cpp, line 773]
Event: 4.720 Thread 0x000002bae62179e0 Exception <a 'java/lang/NoSuchMethodError'{0x00000000d698f8c8}: 'void java.lang.invoke.DirectMethodHandle$Holder.invokeInterface(java.lang.Object, java.lang.Object, java.lang.Object)'> (0x00000000d698f8c8) 
thrown [s\src\hotspot\share\interpreter\linkResolver.cpp, line 773]
Event: 4.786 Thread 0x000002bae62179e0 Exception <a 'java/lang/NoSuchMethodError'{0x00000000d6ba0fd0}: 'void java.lang.invoke.Invokers$Holder.invokeExact_MT(java.lang.Object, java.lang.Object, java.lang.Object)'> (0x00000000d6ba0fd0) 
thrown [s\src\hotspot\share\interpreter\linkResolver.cpp, line 773]
Event: 5.077 Thread 0x000002bae62179e0 Exception <a 'java/lang/NoSuchMethodError'{0x00000000d6e763f8}: 'java.lang.Object java.lang.invoke.DirectMethodHandle$Holder.invokeVirtual(java.lang.Object, java.lang.Object, java.lang.Object)'> (0x00000000d6e763f8) 
thrown [s\src\hotspot\share\interpreter\linkResolver.cpp, line 773]
Event: 5.102 Thread 0x000002bae62179e0 Exception <a 'java/lang/NoSuchMethodError'{0x00000000d558ea90}: 'java.lang.Object java.lang.invoke.DelegatingMethodHandle$Holder.reinvoke_L(java.lang.Object, java.lang.Object, java.lang.Object, java.lang.Object, int, int)'> (0x00000000d558ea90) 
thrown [s\src\hotspot\share\interpreter\linkResolver.cpp, line 773]
Event: 5.112 Thread 0x000002bae62179e0 Exception <a 'java/lang/NoSuchMethodError'{0x00000000d55ab7c8}: 'java.lang.Object java.lang.invoke.DirectMethodHandle$Holder.newInvokeSpecial(java.lang.Object, java.lang.Object, java.lang.Object, java.lang.Object, java.lang.Object, java.lang.Object)'> (0x00000000d55ab7c8) 
thrown [s\src\hotspot\share\interpreter\linkResolver.cpp, line 773]
Event: 5.126 Thread 0x000002bae62179e0 Exception <a 'java/lang/NoSuchMethodError'{0x00000000d55f2fa0}: 'void java.lang.invoke.Invokers$Holder.invokeExact_MT(java.lang.Object, java.lang.Object, java.lang.Object, java.lang.Object)'> (0x00000000d55f2fa0) 
thrown [s\src\hotspot\share\interpreter\linkResolver.cpp, line 773]
Event: 5.265 Thread 0x000002bae62179e0 Exception <a 'java/io/FileNotFoundException'{0x00000000d57900e8}> (0x00000000d57900e8) 
thrown [s\src\hotspot\share\prims\jni.cpp, line 520]
Event: 5.267 Thread 0x000002bae62179e0 Exception <a 'java/io/FileNotFoundException'{0x00000000d5797650}> (0x00000000d5797650) 
thrown [s\src\hotspot\share\prims\jni.cpp, line 520]

ZGC Phase Switch (0 events):
No events

VM Operations (20 events):
Event: 3.106 Executing non-safepoint VM operation: HandshakeAllThreads (Deoptimize) done
Event: 3.202 Executing non-safepoint VM operation: HandshakeAllThreads (Deoptimize)
Event: 3.203 Executing non-safepoint VM operation: HandshakeAllThreads (Deoptimize) done
Event: 3.235 Executing non-safepoint VM operation: HandshakeAllThreads (Deoptimize)
Event: 3.235 Executing non-safepoint VM operation: HandshakeAllThreads (Deoptimize) done
Event: 3.714 Executing safepoint VM operation: ParallelGCFailedAllocation (Allocation Failure)
Event: 3.731 Executing safepoint VM operation: ParallelGCFailedAllocation (Allocation Failure) done
Event: 4.025 Executing non-safepoint VM operation: HandshakeAllThreads (Deoptimize)
Event: 4.076 Executing non-safepoint VM operation: HandshakeAllThreads (Deoptimize) done
Event: 4.654 Executing non-safepoint VM operation: HandshakeAllThreads (Deoptimize)
Event: 4.654 Executing non-safepoint VM operation: HandshakeAllThreads (Deoptimize) done
Event: 5.080 Executing safepoint VM operation: ParallelGCFailedAllocation (Allocation Failure)
Event: 5.094 Executing safepoint VM operation: ParallelGCFailedAllocation (Allocation Failure) done
Event: 5.318 Executing non-safepoint VM operation: HandshakeAllThreads (Deoptimize)
Event: 5.318 Executing non-safepoint VM operation: HandshakeAllThreads (Deoptimize) done
Event: 5.330 Executing non-safepoint VM operation: HandshakeAllThreads (Deoptimize)
Event: 5.330 Executing non-safepoint VM operation: HandshakeAllThreads (Deoptimize) done
Event: 5.371 Executing non-safepoint VM operation: HandshakeAllThreads (Deoptimize)
Event: 5.371 Executing non-safepoint VM operation: HandshakeAllThreads (Deoptimize) done
Event: 6.384 Executing safepoint VM operation: Cleanup

Memory protections (0 events):
No events

Nmethod flushes (0 events):
No events

Events (20 events):
Event: 0.493 Thread 0x000002bae00d31d0 Thread added: 0x000002bae030fff0
Event: 0.738 Thread 0x000002bac8360300 Thread added: 0x000002bae0316c00
Event: 2.130 Thread 0x000002bae030fff0 Thread exited: 0x000002bae030fff0
Event: 2.148 Thread 0x000002bae02eb970 Thread exited: 0x000002bae02eb970
Event: 2.502 Thread 0x000002bae00d31d0 Thread added: 0x000002bae17e8030
Event: 2.508 Thread 0x000002bae00d31d0 Thread added: 0x000002bae12b6da0
Event: 3.008 Thread 0x000002bac8360300 Thread added: 0x000002bae60ddb10
Event: 3.056 Thread 0x000002bae12b6da0 Thread exited: 0x000002bae12b6da0
Event: 3.601 Thread 0x000002bae17e8030 Thread exited: 0x000002bae17e8030
Event: 3.627 Thread 0x000002bae00d31d0 Thread added: 0x000002bae17e8030
Event: 3.638 Thread 0x000002bac8360300 Thread added: 0x000002bae1798350
Event: 3.654 Thread 0x000002bac8360300 Thread added: 0x000002bae62179e0
Event: 3.745 Thread 0x000002bae17e8030 Thread exited: 0x000002bae17e8030
Event: 4.000 Thread 0x000002bae62179e0 Thread added: 0x000002bae6208350
Event: 4.286 Thread 0x000002bae00d31d0 Thread added: 0x000002bae10570d0
Event: 4.287 Thread 0x000002bae00d31d0 Thread added: 0x000002bae6022ea0
Event: 4.734 Thread 0x000002bae62179e0 Thread added: 0x000002bae66b08b0
Event: 4.772 Thread 0x000002bae6022ea0 Thread exited: 0x000002bae6022ea0
Event: 4.904 Thread 0x000002bae10570d0 Thread exited: 0x000002bae10570d0
Event: 5.380 Thread 0x000002bae0095fa0 Thread added: 0x000002bae613d960


Dynamic libraries:
0x00007ff6ebde0000 - 0x00007ff6ebdee000 	c:\Users\prith\.vscode\extensions\redhat.java-1.53.0-win32-x64\jre\21.0.10-win32-x86_64\bin\java.exe
0x00007ffd10c00000 - 0x00007ffd10e68000 	C:\WINDOWS\SYSTEM32\ntdll.dll
0x00007ffd0e9d0000 - 0x00007ffd0ea99000 	C:\WINDOWS\System32\KERNEL32.DLL
0x00007ffd0e5d0000 - 0x00007ffd0e9c2000 	C:\WINDOWS\System32\KERNELBASE.dll
0x00007ffd0e480000 - 0x00007ffd0e5cb000 	C:\WINDOWS\System32\ucrtbase.dll
0x00007ffc59f00000 - 0x00007ffc59f18000 	c:\Users\prith\.vscode\extensions\redhat.java-1.53.0-win32-x64\jre\21.0.10-win32-x86_64\bin\jli.dll
0x00007ffd10080000 - 0x00007ffd10245000 	C:\WINDOWS\System32\USER32.dll
0x00007ffd0e0e0000 - 0x00007ffd0e107000 	C:\WINDOWS\System32\win32u.dll
0x00007ffd10050000 - 0x00007ffd1007b000 	C:\WINDOWS\System32\GDI32.dll
0x00007ffd0de30000 - 0x00007ffd0df5d000 	C:\WINDOWS\System32\gdi32full.dll
0x00007ffd0e310000 - 0x00007ffd0e3b3000 	C:\WINDOWS\System32\msvcp_win.dll
0x00007ffc59ee0000 - 0x00007ffc59efe000 	c:\Users\prith\.vscode\extensions\redhat.java-1.53.0-win32-x64\jre\21.0.10-win32-x86_64\bin\VCRUNTIME140.dll
0x00007ffce7a20000 - 0x00007ffce7cb3000 	C:\WINDOWS\WinSxS\amd64_microsoft.windows.common-controls_6595b64144ccf1df_6.0.26100.6725_none_3e085828e334708b\COMCTL32.dll
0x00007ffd0fa00000 - 0x00007ffd0faa9000 	C:\WINDOWS\System32\msvcrt.dll
0x00007ffd0ebe0000 - 0x00007ffd0ec0f000 	C:\WINDOWS\System32\IMM32.DLL
0x00007ffc8de60000 - 0x00007ffc8de6c000 	c:\Users\prith\.vscode\extensions\redhat.java-1.53.0-win32-x64\jre\21.0.10-win32-x86_64\bin\vcruntime140_1.dll
0x00007ffc1c330000 - 0x00007ffc1c3bd000 	c:\Users\prith\.vscode\extensions\redhat.java-1.53.0-win32-x64\jre\21.0.10-win32-x86_64\bin\msvcp140.dll
0x00007ffc1b580000 - 0x00007ffc1c321000 	c:\Users\prith\.vscode\extensions\redhat.java-1.53.0-win32-x64\jre\21.0.10-win32-x86_64\bin\server\jvm.dll
0x00007ffd0f020000 - 0x00007ffd0f0d4000 	C:\WINDOWS\System32\ADVAPI32.dll
0x00007ffd0eb30000 - 0x00007ffd0ebd6000 	C:\WINDOWS\System32\sechost.dll
0x00007ffd0f8b0000 - 0x00007ffd0f9c8000 	C:\WINDOWS\System32\RPCRT4.dll
0x00007ffd0f830000 - 0x00007ffd0f8a4000 	C:\WINDOWS\System32\WS2_32.dll
0x00007ffd0ce40000 - 0x00007ffd0ce9e000 	C:\WINDOWS\SYSTEM32\POWRPROF.dll
0x00007ffd01ee0000 - 0x00007ffd01f15000 	C:\WINDOWS\SYSTEM32\WINMM.dll
0x00007ffd02b90000 - 0x00007ffd02b9b000 	C:\WINDOWS\SYSTEM32\VERSION.dll
0x00007ffd0cd10000 - 0x00007ffd0cd24000 	C:\WINDOWS\SYSTEM32\UMPDC.dll
0x00007ffd0cbd0000 - 0x00007ffd0cbeb000 	C:\WINDOWS\SYSTEM32\kernel.appcore.dll
0x00007ffc78810000 - 0x00007ffc7881a000 	c:\Users\prith\.vscode\extensions\redhat.java-1.53.0-win32-x64\jre\21.0.10-win32-x86_64\bin\jimage.dll
0x00007ffd0b510000 - 0x00007ffd0b752000 	C:\WINDOWS\SYSTEM32\DBGHELP.DLL
0x00007ffd0ec20000 - 0x00007ffd0ef9b000 	C:\WINDOWS\System32\combase.dll
0x00007ffd0fd50000 - 0x00007ffd0fe27000 	C:\WINDOWS\System32\OLEAUT32.dll
0x00007ffcd3460000 - 0x00007ffcd349c000 	C:\WINDOWS\SYSTEM32\dbgcore.DLL
0x00007ffd0dd90000 - 0x00007ffd0de28000 	C:\WINDOWS\System32\bcryptPrimitives.dll
0x00007ffd06070000 - 0x00007ffd0607f000 	c:\Users\prith\.vscode\extensions\redhat.java-1.53.0-win32-x64\jre\21.0.10-win32-x86_64\bin\instrument.dll
0x00007ffc1b560000 - 0x00007ffc1b580000 	c:\Users\prith\.vscode\extensions\redhat.java-1.53.0-win32-x64\jre\21.0.10-win32-x86_64\bin\java.dll
0x00007ffd0f0e0000 - 0x00007ffd0f82c000 	C:\WINDOWS\System32\SHELL32.dll
0x00007ffd0e1a0000 - 0x00007ffd0e30b000 	C:\WINDOWS\System32\wintypes.dll
0x00007ffd0ba00000 - 0x00007ffd0c25d000 	C:\WINDOWS\SYSTEM32\windows.storage.dll
0x00007ffd10970000 - 0x00007ffd10a62000 	C:\WINDOWS\System32\SHCORE.dll
0x00007ffd10260000 - 0x00007ffd102c2000 	C:\WINDOWS\System32\shlwapi.dll
0x00007ffd0dcb0000 - 0x00007ffd0dcd9000 	C:\WINDOWS\SYSTEM32\profapi.dll
0x00007ffc1b2e0000 - 0x00007ffc1b2f8000 	c:\Users\prith\.vscode\extensions\redhat.java-1.53.0-win32-x64\jre\21.0.10-win32-x86_64\bin\zip.dll
0x00007ffc78580000 - 0x00007ffc78590000 	C:\Users\prith\.vscode\extensions\redhat.java-1.53.0-win32-x64\jre\21.0.10-win32-x86_64\bin\net.dll
0x00007ffd047d0000 - 0x00007ffd048ef000 	C:\WINDOWS\SYSTEM32\WINHTTP.dll
0x00007ffd0d1f0000 - 0x00007ffd0d25b000 	C:\WINDOWS\system32\mswsock.dll
0x00007ffc1b2c0000 - 0x00007ffc1b2d6000 	C:\Users\prith\.vscode\extensions\redhat.java-1.53.0-win32-x64\jre\21.0.10-win32-x86_64\bin\nio.dll
0x00007ffd05ff0000 - 0x00007ffd06000000 	c:\Users\prith\.vscode\extensions\redhat.java-1.53.0-win32-x64\jre\21.0.10-win32-x86_64\bin\verify.dll
0x00007ffce5230000 - 0x00007ffce5275000 	C:\Users\prith\AppData\Roaming\Code\User\globalStorage\redhat.java\1.53.0\config_ss_win\org.eclipse.equinox.launcher\org.eclipse.equinox.launcher.win32.win32.x86_64_1.3.0.v20260203-2149\eclipse_11919.dll
0x00007ffd0fab0000 - 0x00007ffd0fc48000 	C:\WINDOWS\System32\ole32.dll

JVMTI agents:
c:\Users\prith\.vscode\extensions\redhat.java-1.53.0-win32-x64\lombok\lombok-1.18.39-4050.jar path:c:\Users\prith\.vscode\extensions\redhat.java-1.53.0-win32-x64\jre\21.0.10-win32-x86_64\bin\instrument.dll, loaded, initialized, instrumentlib options:none

dbghelp: loaded successfully - version: 4.0.5 - missing functions: none
symbol engine: initialized successfully - sym options: 0x614 - pdb path: .;c:\Users\prith\.vscode\extensions\redhat.java-1.53.0-win32-x64\jre\21.0.10-win32-x86_64\bin;C:\WINDOWS\SYSTEM32;C:\WINDOWS\WinSxS\amd64_microsoft.windows.common-controls_6595b64144ccf1df_6.0.26100.6725_none_3e085828e334708b;c:\Users\prith\.vscode\extensions\redhat.java-1.53.0-win32-x64\jre\21.0.10-win32-x86_64\bin\server;C:\Users\prith\AppData\Roaming\Code\User\globalStorage\redhat.java\1.53.0\config_ss_win\org.eclipse.equinox.launcher\org.eclipse.equinox.launcher.win32.win32.x86_64_1.3.0.v20260203-2149

VM Arguments:
jvm_args: --add-modules=ALL-SYSTEM --add-opens=java.base/java.util=ALL-UNNAMED --add-opens=java.base/java.lang=ALL-UNNAMED --add-opens=java.base/sun.nio.fs=ALL-UNNAMED -Declipse.application=org.eclipse.jdt.ls.core.id1 -Dosgi.bundles.defaultStartLevel=4 -Declipse.product=org.eclipse.jdt.ls.core.product -Djava.import.generatesMetadataFilesAtProjectRoot=false -DDetectVMInstallationsJob.disabled=true -Dfile.encoding=utf8 -XX:+UseParallelGC -XX:GCTimeRatio=4 -XX:AdaptiveSizePolicyWeight=90 -Dsun.zip.disableMemoryMapping=true -Xmx2G -Xms100m -Xlog:disable -javaagent:c:\Users\prith\.vscode\extensions\redhat.java-1.53.0-win32-x64\lombok\lombok-1.18.39-4050.jar 
java_command: c:\Users\prith\.vscode\extensions\redhat.java-1.53.0-win32-x64\server\plugins\org.eclipse.equinox.launcher_1.7.100.v20251111-0406.jar -configuration c:\Users\prith\AppData\Roaming\Code\User\globalStorage\redhat.java\1.53.0\config_ss_win -data c:\Users\prith\AppData\Roaming\Code\User\workspaceStorage\f6ae1ae6b6b1b25ef70508220a47b730\redhat.java\ss_ws --pipe=\\.\pipe\lsp-4c85690577d92ccb90a290dbbbc55e2e-sock
java_class_path (initial): c:\Users\prith\.vscode\extensions\redhat.java-1.53.0-win32-x64\server\plugins\org.eclipse.equinox.launcher_1.7.100.v20251111-0406.jar
Launcher Type: SUN_STANDARD

[Global flags]
    uintx AdaptiveSizePolicyWeight                 = 90                                        {product} {command line}
     intx CICompilerCount                          = 4                                         {product} {ergonomic}
    uintx GCTimeRatio                              = 4                                         {product} {command line}
   size_t InitialHeapSize                          = 104857600                                 {product} {command line}
   size_t MaxHeapSize                              = 2147483648                                {product} {command line}
   size_t MaxNewSize                               = 715653120                                 {product} {ergonomic}
   size_t MinHeapDeltaBytes                        = 524288                                    {product} {ergonomic}
   size_t MinHeapSize                              = 104857600                                 {product} {command line}
   size_t NewSize                                  = 34603008                                  {product} {ergonomic}
    uintx NonNMethodCodeHeapSize                   = 5839372                                {pd product} {ergonomic}
    uintx NonProfiledCodeHeapSize                  = 122909434                              {pd product} {ergonomic}
   size_t OldSize                                  = 70254592                                  {product} {ergonomic}
    uintx ProfiledCodeHeapSize                     = 122909434                              {pd product} {ergonomic}
    uintx ReservedCodeCacheSize                    = 251658240                              {pd product} {ergonomic}
     bool SegmentedCodeCache                       = true                                      {product} {ergonomic}
   size_t SoftMaxHeapSize                          = 2147483648                             {manageable} {ergonomic}
     bool UseCompressedOops                        = true                           {product lp64_product} {ergonomic}
     bool UseLargePagesIndividualAllocation        = false                                  {pd product} {ergonomic}
     bool UseParallelGC                            = true                                      {product} {command line}

Logging:
Log output configuration:
 #0: stdout all=off uptime,level,tags foldmultilines=false
 #1: stderr all=off uptime,level,tags foldmultilines=false

Release file:
JAVA_VERSION="21.0.10" 
MODULES="java.base java.compiler java.datatransfer java.xml java.prefs java.desktop java.instrument java.logging java.management java.security.sasl java.naming java.rmi java.management.rmi java.net.http java.scripting java.security.jgss java.transaction.xa java.sql java.sql.rowset java.xml.crypto java.se java.smartcardio jdk.accessibility jdk.internal.jvmstat jdk.attach jdk.charsets jdk.internal.opt jdk.zipfs jdk.compiler jdk.crypto.ec jdk.crypto.cryptoki jdk.crypto.mscapi jdk.dynalink jdk.internal.ed jdk.editpad jdk.hotspot.agent jdk.httpserver jdk.internal.le jdk.internal.vm.ci jdk.internal.vm.compiler jdk.internal.vm.compiler.management jdk.jartool jdk.javadoc jdk.jcmd jdk.management jdk.management.agent jdk.jconsole jdk.jdeps jdk.jdwp.agent jdk.jdi jdk.jfr jdk.jshell jdk.jsobject jdk.jstatd jdk.localedata jdk.management.jfr jdk.naming.dns jdk.naming.rmi jdk.net jdk.nio.mapmode jdk.random jdk.sctp jdk.security.auth jdk.security.jgss jdk.unsupported jdk.unsupported.desktop jdk.xml.dom" 

Environment Variables:
PATH=C:\Users\prith\AppData\Local\Programs\Microsoft VS Code;C:\Program Files\Common Files\Oracle\Java\javapath;C:\windows\system32;C:\windows;C:\windows\System32\Wbem;C:\windows\System32\WindowsPowerShell\v1.0\;C:\windows\System32\OpenSSH\;C:\Program Files (x86)\NVIDIA Corporation\PhysX\Common;C:\Program Files\NVIDIA Corporation\NVIDIA NvDLISR;C:\Users\Administrator\AppData\Local\Microsoft\WindowsApps;C:\Program Files\HP\OMEN-Broadcast\Common;C:\WINDOWS\system32;C:\WINDOWS;C:\WINDOWS\System32\Wbem;C:\WINDOWS\System32\WindowsPowerShell\v1.0\;C:\WINDOWS\System32\OpenSSH\;C:\Program Files\HP\HP One Agent;C:\Program Files\dotnet\;C:\Program Files\Git\cmd;C:\Program Files\nodejs\;C:\Program Files\Microsoft SQL Server\170\Tools\Binn\;C:\Program Files\Microsoft SQL Server\Client SDK\ODBC\170\Tools\Binn\;C:\Users\prith\AppData\Local\Programs\Python\Python313\Scripts\;C:\Users\prith\AppData\Local\Programs\Python\Python313\;C:\Users\prith\AppData\Local\Programs\Python\Launcher\;C:\Users\prith\AppData\Local\Programs\Python\Python312\Scripts\;C:\Users\prith\AppData\Local\Programs\Python\Python312\;C:\Users\prith\AppData\Local\Programs\Python\Python310\Scripts\;C:\Users\prith\AppData\Local\Programs\Python\Python310\;C:\Users\prith\AppData\Local\Microsoft\WindowsApps;C:\Program Files\JetBrains\PyCharm Community Edition 2025.1.2\bin;;C:\Users\prith\AppData\Local\Microsoft\WinGet\Packages\yt-dlp.yt-dlp_Microsoft.Winget.Source_8wekyb3d8bbwe;C:\Users\prith\AppData\Local\Microsoft\WinGet\Packages\Gyan.FFmpeg_Microsoft.Winget.Source_8wekyb3d8bbwe\ffmpeg-7.1.1-full_build\bin;C:\Users\prith\AppData\Local\Programs\Antigravity\bin;C:\Users\prith\AppData\Roaming\npm;C:\Users\prith\Documents\prithvi\hackathon\flutter\bin;C:\Users\prith\.dotnet\tools;C:\Users\prith\AppData\Local\Programs\Microsoft VS Code\bin
USERNAME=prith
OS=Windows_NT
PROCESSOR_IDENTIFIER=Intel64 Family 6 Model 186 Stepping 2, GenuineIntel
TMP=C:\Users\prith\AppData\Local\Temp
TEMP=C:\Users\prith\AppData\Local\Temp




Periodic native trim disabled

---------------  S Y S T E M  ---------------

OS:
 Windows 11 , 64 bit Build 26100 (10.0.26100.6725)
OS uptime: 0 days 0:38 hours

CPU: total 12 (initial active 12) (6 cores per cpu, 2 threads per core) family 6 model 186 stepping 2 microcode 0x4128, cx8, cmov, fxsr, ht, mmx, 3dnowpref, sse, sse2, sse3, ssse3, sse4.1, sse4.2, popcnt, lzcnt, tsc, tscinvbit, avx, avx2, aes, erms, clmul, bmi1, bmi2, adx, sha, fma, vzeroupper, clflush, clflushopt, clwb, serialize, rdtscp, rdpid, fsrm, f16c, pku, cet_ibt, cet_ss
Processor Information for processor 0
  Max Mhz: 2100, Current Mhz: 2100, Mhz Limit: 2100
Processor Information for processor 1
  Max Mhz: 2100, Current Mhz: 2100, Mhz Limit: 2100
Processor Information for processor 2
  Max Mhz: 2100, Current Mhz: 2100, Mhz Limit: 2100
Processor Information for processor 3
  Max Mhz: 2100, Current Mhz: 1453, Mhz Limit: 2100
Processor Information for processor 4
  Max Mhz: 2100, Current Mhz: 2100, Mhz Limit: 2100
Processor Information for processor 5
  Max Mhz: 2100, Current Mhz: 2100, Mhz Limit: 2100
Processor Information for processor 6
  Max Mhz: 2100, Current Mhz: 2100, Mhz Limit: 2100
Processor Information for processor 7
  Max Mhz: 2100, Current Mhz: 2100, Mhz Limit: 2100
Processor Information for processor 8
  Max Mhz: 2100, Current Mhz: 2100, Mhz Limit: 2100
Processor Information for processor 9
  Max Mhz: 2100, Current Mhz: 1540, Mhz Limit: 2100
Processor Information for processor 10
  Max Mhz: 2100, Current Mhz: 1540, Mhz Limit: 2100
Processor Information for processor 11
  Max Mhz: 2100, Current Mhz: 1540, Mhz Limit: 2100

Memory: 4k page, system-wide physical 16024M (5171M free)
TotalPageFile size 16024M (AvailPageFile size 218M)
current process WorkingSet (physical memory assigned to process): 111M, peak: 112M
current process commit charge ("private bytes"): 259M, peak: 261M

vm_info: OpenJDK 64-Bit Server VM (21.0.10+7-LTS) for windows-amd64 JRE (21.0.10+7-LTS), built on 2026-01-20T00:00:00Z by "admin" with MS VC++ 17.12 (VS2022)

END.
