#
# There is insufficient memory for the Java Runtime Environment to continue.
# Native memory allocation (mmap) failed to map 25165824 bytes. Error detail: G1 virtual space
# Possible reasons:
#   The system is out of physical RAM or swap space
#   This process is running with CompressedOops enabled, and the Java Heap may be blocking the growth of the native heap
# Possible solutions:
#   Reduce memory load on the system
#   Increase physical memory or swap space
#   Check if swap backing store is full
#   Decrease Java heap size (-Xmx/-Xms)
#   Decrease number of Java threads
#   Decrease Java thread stack sizes (-Xss)
#   Set larger code cache with -XX:ReservedCodeCacheSize=
#   JVM is running with Zero Based Compressed Oops mode in which the Java heap is
#     placed in the first 32GB address space. The Java Heap base address is the
#     maximum limit for the native heap growth. Please use -XX:HeapBaseMinAddress
#     to set the Java Heap base and to place the Java Heap above 32GB virtual address.
# This output file may be truncated or incomplete.
#
#  Out of Memory Error (os_windows.cpp:3714), pid=3384, tid=2180
#
# JRE version: OpenJDK Runtime Environment Temurin-21.0.10+7 (21.0.10+7) (build 21.0.10+7-LTS)
# Java VM: OpenJDK 64-Bit Server VM Temurin-21.0.10+7 (21.0.10+7-LTS, mixed mode, sharing, tiered, compressed oops, compressed class ptrs, g1 gc, windows-amd64)
# No core dump will be written. Minidumps are not enabled by default on client versions of Windows
#

---------------  S U M M A R Y ------------

Command Line: --add-opens=java.base/java.lang=ALL-UNNAMED --add-opens=java.base/java.lang.invoke=ALL-UNNAMED --add-opens=java.base/java.util=ALL-UNNAMED --add-opens=java.prefs/java.util.prefs=ALL-UNNAMED --add-exports=jdk.compiler/com.sun.tools.javac.api=ALL-UNNAMED --add-exports=jdk.compiler/com.sun.tools.javac.util=ALL-UNNAMED --add-opens=java.base/java.util=ALL-UNNAMED --add-opens=java.prefs/java.util.prefs=ALL-UNNAMED --add-opens=java.base/java.nio.charset=ALL-UNNAMED --add-opens=java.base/java.net=ALL-UNNAMED --add-opens=java.base/java.util.concurrent.atomic=ALL-UNNAMED --add-opens=java.xml/javax.xml.namespace=ALL-UNNAMED -XX:MaxMetaspaceSize=4G -XX:ReservedCodeCacheSize=512m -XX:+HeapDumpOnOutOfMemoryError -Xmx8G -Dfile.encoding=UTF-8 -Duser.country=IN -Duser.language=en -Duser.variant -javaagent:C:\Users\prith\.gradle\wrapper\dists\gradle-8.14-all\c2qonpi39x1mddn7hk5gh9iqj\gradle-8.14\lib\agents\gradle-instrumentation-agent-8.14.jar org.gradle.launcher.daemon.bootstrap.GradleDaemon 8.14

Host: 13th Gen Intel(R) Core(TM) i5-13420H, 12 cores, 15G,  Windows 11 , 64 bit Build 26100 (10.0.26100.6725)
Time: Fri Mar 13 22:56:51 2026 India Standard Time elapsed time: 70.935346 seconds (0d 0h 1m 10s)

---------------  T H R E A D  ---------------

Current thread (0x00000218ffd7d690):  VMThread "VM Thread"          [id=2180, stack(0x0000004322200000,0x0000004322300000) (1024K)]

Stack: [0x0000004322200000,0x0000004322300000]
Native frames: (J=compiled Java code, j=interpreted, Vv=VM code, C=native code)
V  [jvm.dll+0x6d7a39]
V  [jvm.dll+0x8b4b26]
V  [jvm.dll+0x8b70de]
V  [jvm.dll+0x8b77c3]
V  [jvm.dll+0x284346]
V  [jvm.dll+0x6d4355]
V  [jvm.dll+0x6c808a]
V  [jvm.dll+0x35edb8]
V  [jvm.dll+0x3669f6]
V  [jvm.dll+0x3b7afe]
V  [jvm.dll+0x3b7da8]
V  [jvm.dll+0x332fbc]
V  [jvm.dll+0x333047]
V  [jvm.dll+0x376e1c]
V  [jvm.dll+0x3755be]
V  [jvm.dll+0x332701]
V  [jvm.dll+0x374c2a]
V  [jvm.dll+0x8bd4b0]
V  [jvm.dll+0x8be824]
V  [jvm.dll+0x8bed50]
V  [jvm.dll+0x8beff3]
V  [jvm.dll+0x85f59d]
V  [jvm.dll+0x6d626d]
C  [ucrtbase.dll+0x37b0]
C  [KERNEL32.DLL+0x2e8d7]
C  [ntdll.dll+0x8c53c]

VM_Operation (0x0000004323ef4920): G1CollectForAllocation, mode: safepoint, requested by thread 0x00000218f66f8360


---------------  P R O C E S S  ---------------

Threads class SMR info:
_java_thread_list=0x00000218f70270b0, length=78, elements={
0x00000218ff3519c0, 0x00000218ffd9b290, 0x00000218ffd9bdf0, 0x00000218af9d05c0,
0x00000218af9d1280, 0x00000218af9d1f40, 0x00000218af9d2ad0, 0x00000218af9d3da0,
0x00000218af9f48b0, 0x00000218afc62820, 0x00000218afc01380, 0x00000218f64e5820,
0x00000218f64a5e90, 0x00000218f67c8430, 0x00000218f6806120, 0x00000218f66f8360,
0x00000218f66f6290, 0x00000218f66f6920, 0x00000218f66f6fb0, 0x00000218f93a4800,
0x00000218f93a20a0, 0x00000218f93a4170, 0x00000218f93a3450, 0x00000218f93a3ae0,
0x00000218f93a1380, 0x00000218f93a4e90, 0x00000218f93a6f60, 0x00000218f93a8310,
0x00000218f93a89a0, 0x00000218f93a68d0, 0x00000218f93a5bb0, 0x00000218f93a6240,
0x00000218f93a5520, 0x00000218f9070e20, 0x00000218f7045360, 0x00000218f704bc60,
0x00000218fa6be520, 0x00000218fb97d780, 0x00000218f70459f0, 0x00000219062349f0,
0x00000219062301c0, 0x00000219042d2fb0, 0x00000219042d5080, 0x00000219042d5710,
0x00000219042d4360, 0x00000219042d3cd0, 0x00000219042d49f0, 0x00000219042d2920,
0x00000219042d8500, 0x00000218fbe6f570, 0x00000218fbe70310, 0x00000219042d5da0,
0x00000219042d6ac0, 0x00000219042d7150, 0x00000219042d8b90, 0x00000219042d9220,
0x00000219042d98b0, 0x00000219042d77e0, 0x00000219042d6430, 0x00000219042d9f40,
0x00000219042db2f0, 0x00000219042da5d0, 0x00000219042d7e70, 0x00000219042dd3c0,
0x00000219042dc6a0, 0x00000219042dc010, 0x00000219042dda50, 0x00000219042dcd30,
0x00000219042de0e0, 0x00000219042db980, 0x00000219042dac60, 0x00000219042e01b0,
0x00000219042e0840, 0x00000219042dee00, 0x00000219042dfb20, 0x00000219042df490,
0x00000219042e1bf0, 0x00000219042e0ed0
}

Java Threads: ( => current thread )
  0x00000218ff3519c0 JavaThread "main"                              [_thread_blocked, id=16996, stack(0x0000004321b00000,0x0000004321c00000) (1024K)]
  0x00000218ffd9b290 JavaThread "Reference Handler"          daemon [_thread_blocked, id=15884, stack(0x0000004322300000,0x0000004322400000) (1024K)]
  0x00000218ffd9bdf0 JavaThread "Finalizer"                  daemon [_thread_blocked, id=14392, stack(0x0000004322400000,0x0000004322500000) (1024K)]
  0x00000218af9d05c0 JavaThread "Signal Dispatcher"          daemon [_thread_blocked, id=1644, stack(0x0000004322500000,0x0000004322600000) (1024K)]
  0x00000218af9d1280 JavaThread "Attach Listener"            daemon [_thread_blocked, id=13072, stack(0x0000004322600000,0x0000004322700000) (1024K)]
  0x00000218af9d1f40 JavaThread "Service Thread"             daemon [_thread_blocked, id=20256, stack(0x0000004322700000,0x0000004322800000) (1024K)]
  0x00000218af9d2ad0 JavaThread "Monitor Deflation Thread"   daemon [_thread_blocked, id=2988, stack(0x0000004322800000,0x0000004322900000) (1024K)]
  0x00000218af9d3da0 JavaThread "C2 CompilerThread0"         daemon [_thread_blocked, id=18512, stack(0x0000004322900000,0x0000004322a00000) (1024K)]
  0x00000218af9f48b0 JavaThread "C1 CompilerThread0"         daemon [_thread_blocked, id=16364, stack(0x0000004322a00000,0x0000004322b00000) (1024K)]
  0x00000218afc62820 JavaThread "Common-Cleaner"             daemon [_thread_blocked, id=4568, stack(0x0000004322b00000,0x0000004322c00000) (1024K)]
  0x00000218afc01380 JavaThread "Notification Thread"        daemon [_thread_blocked, id=14128, stack(0x0000004322c00000,0x0000004322d00000) (1024K)]
  0x00000218f64e5820 JavaThread "Daemon health stats"               [_thread_blocked, id=17668, stack(0x0000004323400000,0x0000004323500000) (1024K)]
  0x00000218f64a5e90 JavaThread "Incoming local TCP Connector on port 64101"        [_thread_in_native, id=16592, stack(0x0000004323500000,0x0000004323600000) (1024K)]
  0x00000218f67c8430 JavaThread "Daemon periodic checks"            [_thread_blocked, id=6948, stack(0x0000004323600000,0x0000004323700000) (1024K)]
  0x00000218f6806120 JavaThread "Daemon"                            [_thread_blocked, id=1948, stack(0x0000004323700000,0x0000004323800000) (1024K)]
  0x00000218f66f8360 JavaThread "Daemon worker"                     [_thread_blocked, id=19004, stack(0x0000004323e00000,0x0000004323f00000) (1024K)]
  0x00000218f66f6290 JavaThread "Cache worker for journal cache (C:\Users\prith\.gradle\caches\journal-1)"        [_thread_blocked, id=10200, stack(0x0000004323300000,0x0000004323400000) (1024K)]
  0x00000218f66f6920 JavaThread "File lock request listener"        [_thread_in_native, id=20496, stack(0x0000004324200000,0x0000004324300000) (1024K)]
  0x00000218f66f6fb0 JavaThread "Cache worker for file hash cache (C:\Users\prith\.gradle\caches\8.14\fileHashes)"        [_thread_blocked, id=5532, stack(0x0000004324300000,0x0000004324400000) (1024K)]
  0x00000218f93a4800 JavaThread "File watcher server"        daemon [_thread_in_native, id=17964, stack(0x0000004324900000,0x0000004324a00000) (1024K)]
  0x00000218f93a20a0 JavaThread "File watcher consumer"      daemon [_thread_blocked, id=18040, stack(0x0000004324a00000,0x0000004324b00000) (1024K)]
  0x00000218f93a4170 JavaThread "jar transforms"                    [_thread_blocked, id=1220, stack(0x0000004324b00000,0x0000004324c00000) (1024K)]
  0x00000218f93a3450 JavaThread "jar transforms Thread 2"           [_thread_blocked, id=16436, stack(0x0000004324c00000,0x0000004324d00000) (1024K)]
  0x00000218f93a3ae0 JavaThread "jar transforms Thread 3"           [_thread_blocked, id=2764, stack(0x0000004324d00000,0x0000004324e00000) (1024K)]
  0x00000218f93a1380 JavaThread "jar transforms Thread 4"           [_thread_blocked, id=5852, stack(0x0000004324600000,0x0000004324700000) (1024K)]
  0x00000218f93a4e90 JavaThread "jar transforms Thread 5"           [_thread_blocked, id=9684, stack(0x0000004324e00000,0x0000004324f00000) (1024K)]
  0x00000218f93a6f60 JavaThread "Cache worker for file content cache (C:\Users\prith\.gradle\caches\8.14\fileContent)"        [_thread_blocked, id=5860, stack(0x0000004325100000,0x0000004325200000) (1024K)]
  0x00000218f93a8310 JavaThread "jar transforms Thread 6"           [_thread_blocked, id=5244, stack(0x0000004325200000,0x0000004325300000) (1024K)]
  0x00000218f93a89a0 JavaThread "jar transforms Thread 7"           [_thread_blocked, id=4588, stack(0x0000004325300000,0x0000004325400000) (1024K)]
  0x00000218f93a68d0 JavaThread "jar transforms Thread 8"           [_thread_blocked, id=11092, stack(0x0000004325400000,0x0000004325500000) (1024K)]
  0x00000218f93a5bb0 JavaThread "jar transforms Thread 9"           [_thread_blocked, id=13036, stack(0x0000004325500000,0x0000004325600000) (1024K)]
  0x00000218f93a6240 JavaThread "jar transforms Thread 10"          [_thread_blocked, id=14344, stack(0x0000004325600000,0x0000004325700000) (1024K)]
  0x00000218f93a5520 JavaThread "jar transforms Thread 11"          [_thread_blocked, id=12308, stack(0x0000004325700000,0x0000004325800000) (1024K)]
  0x00000218f9070e20 JavaThread "jar transforms Thread 12"          [_thread_blocked, id=13536, stack(0x0000004325800000,0x0000004325900000) (1024K)]
  0x00000218f7045360 JavaThread "Memory manager"                    [_thread_blocked, id=16352, stack(0x0000004327d00000,0x0000004327e00000) (1024K)]
  0x00000218f704bc60 JavaThread "included builds"                   [_thread_blocked, id=2740, stack(0x0000004327f00000,0x0000004328000000) (1024K)]
  0x00000218fa6be520 JavaThread "pool-3-thread-1"                   [_thread_blocked, id=6388, stack(0x000000432d100000,0x000000432d200000) (1024K)]
  0x00000218fb97d780 JavaThread "VFS cleanup"                       [_thread_blocked, id=4564, stack(0x0000004323f00000,0x0000004324000000) (1024K)]
  0x00000218f70459f0 JavaThread "included builds"                   [_thread_blocked, id=8040, stack(0x0000004327400000,0x0000004327500000) (1024K)]
  0x00000219062349f0 JavaThread "pool-6-thread-1"                   [_thread_blocked, id=1396, stack(0x000000432b200000,0x000000432b300000) (1024K)]
  0x00000219062301c0 JavaThread "included builds"                   [_thread_blocked, id=20992, stack(0x0000004327500000,0x0000004327600000) (1024K)]
  0x00000219042d2fb0 JavaThread "pool-9-thread-1"                   [_thread_blocked, id=11556, stack(0x000000432b400000,0x000000432b500000) (1024K)]
  0x00000219042d5080 JavaThread "Handler for socket connection from /127.0.0.1:64101 to /127.0.0.1:60995"        [_thread_in_native, id=2356, stack(0x0000004321800000,0x0000004321900000) (1024K)]
  0x00000219042d5710 JavaThread "Cancel handler"                    [_thread_blocked, id=15892, stack(0x0000004321900000,0x0000004321a00000) (1024K)]
  0x00000219042d4360 JavaThread "Asynchronous log dispatcher for DefaultDaemonConnection: socket connection from /127.0.0.1:64101 to /127.0.0.1:60995"        [_thread_blocked, id=13672, stack(0x0000004321a00000,0x0000004321b00000) (1024K)]
  0x00000219042d3cd0 JavaThread "Stdin handler"                     [_thread_blocked, id=19800, stack(0x0000004323d00000,0x0000004323e00000) (1024K)]
  0x00000219042d49f0 JavaThread "Daemon client event forwarder"        [_thread_blocked, id=1776, stack(0x0000004324000000,0x0000004324100000) (1024K)]
  0x00000219042d2920 JavaThread "Cache worker for file hash cache (C:\Users\prith\time_for_public\mobile_app\android\.gradle\8.14\fileHashes)"        [_thread_blocked, id=12072, stack(0x0000004324100000,0x0000004324200000) (1024K)]
  0x00000219042d8500 JavaThread "Cache worker for Build Output Cleanup Cache (C:\Users\prith\time_for_public\mobile_app\android\.gradle\buildOutputCleanup)"        [_thread_blocked, id=16440, stack(0x0000004324700000,0x0000004324800000) (1024K)]
  0x00000218fbe6f570 JavaThread "C2 CompilerThread1"         daemon [_thread_blocked, id=16460, stack(0x0000004324800000,0x0000004324900000) (1024K)]
  0x00000218fbe70310 JavaThread "C2 CompilerThread2"         daemon [_thread_blocked, id=2084, stack(0x0000004324f00000,0x0000004325000000) (1024K)]
  0x00000219042d5da0 JavaThread "Cache worker for checksums cache (C:\Users\prith\time_for_public\mobile_app\android\.gradle\8.14\checksums)"        [_thread_blocked, id=19188, stack(0x0000004325000000,0x0000004325100000) (1024K)]
  0x00000219042d6ac0 JavaThread "Cache worker for cache directory md-supplier (C:\Users\prith\.gradle\caches\8.14\md-supplier)"        [_thread_blocked, id=9740, stack(0x0000004325900000,0x0000004325a00000) (1024K)]
  0x00000219042d7150 JavaThread "Cache worker for cache directory md-rule (C:\Users\prith\.gradle\caches\8.14\md-rule)"        [_thread_blocked, id=14512, stack(0x0000004325a00000,0x0000004325b00000) (1024K)]
  0x00000219042d8b90 JavaThread "Cache worker for Build Output Cleanup Cache (C:\Users\prith\Documents\prithvi\hackathon\flutter\packages\flutter_tools\gradle\.gradle\buildOutputCleanup)"        [_thread_blocked, id=11900, stack(0x0000004325b00000,0x0000004325c00000) (1024K)]
  0x00000219042d9220 JavaThread "Unconstrained build operations"        [_thread_blocked, id=10408, stack(0x0000004325c00000,0x0000004325d00000) (1024K)]
  0x00000219042d98b0 JavaThread "Unconstrained build operations Thread 2"        [_thread_blocked, id=17196, stack(0x0000004325d00000,0x0000004325e00000) (1024K)]
  0x00000219042d77e0 JavaThread "Unconstrained build operations Thread 3"        [_thread_blocked, id=3864, stack(0x0000004325e00000,0x0000004325f00000) (1024K)]
  0x00000219042d6430 JavaThread "Unconstrained build operations Thread 4"        [_thread_blocked, id=7632, stack(0x0000004325f00000,0x0000004326000000) (1024K)]
  0x00000219042d9f40 JavaThread "Unconstrained build operations Thread 5"        [_thread_blocked, id=8376, stack(0x0000004326000000,0x0000004326100000) (1024K)]
  0x00000219042db2f0 JavaThread "Unconstrained build operations Thread 6"        [_thread_blocked, id=6928, stack(0x0000004326100000,0x0000004326200000) (1024K)]
  0x00000219042da5d0 JavaThread "Unconstrained build operations Thread 7"        [_thread_blocked, id=3224, stack(0x0000004326200000,0x0000004326300000) (1024K)]
  0x00000219042d7e70 JavaThread "Unconstrained build operations Thread 8"        [_thread_blocked, id=16240, stack(0x0000004326300000,0x0000004326400000) (1024K)]
  0x00000219042dd3c0 JavaThread "Unconstrained build operations Thread 9"        [_thread_blocked, id=10400, stack(0x0000004326400000,0x0000004326500000) (1024K)]
  0x00000219042dc6a0 JavaThread "Unconstrained build operations Thread 10"        [_thread_blocked, id=2936, stack(0x0000004326500000,0x0000004326600000) (1024K)]
  0x00000219042dc010 JavaThread "Unconstrained build operations Thread 11"        [_thread_blocked, id=4900, stack(0x0000004326600000,0x0000004326700000) (1024K)]
  0x00000219042dda50 JavaThread "Unconstrained build operations Thread 12"        [_thread_blocked, id=19552, stack(0x0000004326700000,0x0000004326800000) (1024K)]
  0x00000219042dcd30 JavaThread "Unconstrained build operations Thread 13"        [_thread_blocked, id=6944, stack(0x0000004326800000,0x0000004326900000) (1024K)]
  0x00000219042de0e0 JavaThread "Unconstrained build operations Thread 14"        [_thread_blocked, id=5676, stack(0x0000004326900000,0x0000004326a00000) (1024K)]
  0x00000219042db980 JavaThread "Unconstrained build operations Thread 15"        [_thread_blocked, id=13768, stack(0x0000004326a00000,0x0000004326b00000) (1024K)]
  0x00000219042dac60 JavaThread "Unconstrained build operations Thread 16"        [_thread_blocked, id=14560, stack(0x0000004326b00000,0x0000004326c00000) (1024K)]
  0x00000219042e01b0 JavaThread "Unconstrained build operations Thread 17"        [_thread_blocked, id=11964, stack(0x0000004326c00000,0x0000004326d00000) (1024K)]
  0x00000219042e0840 JavaThread "Unconstrained build operations Thread 18"        [_thread_blocked, id=16876, stack(0x0000004326d00000,0x0000004326e00000) (1024K)]
  0x00000219042dee00 JavaThread "Unconstrained build operations Thread 19"        [_thread_blocked, id=6224, stack(0x0000004326e00000,0x0000004326f00000) (1024K)]
  0x00000219042dfb20 JavaThread "Unconstrained build operations Thread 20"        [_thread_blocked, id=20116, stack(0x0000004326f00000,0x0000004327000000) (1024K)]
  0x00000219042df490 JavaThread "Unconstrained build operations Thread 21"        [_thread_blocked, id=13148, stack(0x0000004327000000,0x0000004327100000) (1024K)]
  0x00000219042e1bf0 JavaThread "Unconstrained build operations Thread 22"        [_thread_blocked, id=17052, stack(0x0000004327100000,0x0000004327200000) (1024K)]
  0x00000219042e0ed0 JavaThread "build event listener"              [_thread_blocked, id=6060, stack(0x0000004327200000,0x0000004327300000) (1024K)]
Total: 78

Other Threads:
=>0x00000218ffd7d690 VMThread "VM Thread"                           [id=2180, stack(0x0000004322200000,0x0000004322300000) (1024K)]
  0x00000218ffd6db30 WatcherThread "VM Periodic Task Thread"        [id=21336, stack(0x0000004322100000,0x0000004322200000) (1024K)]
  0x00000218ff3fb760 WorkerThread "GC Thread#0"                     [id=20492, stack(0x0000004321c00000,0x0000004321d00000) (1024K)]
  0x00000218f50120a0 WorkerThread "GC Thread#1"                     [id=5616, stack(0x0000004322e00000,0x0000004322f00000) (1024K)]
  0x00000218afd3c5d0 WorkerThread "GC Thread#2"                     [id=16504, stack(0x0000004322f00000,0x0000004323000000) (1024K)]
  0x00000218afd50c70 WorkerThread "GC Thread#3"                     [id=9916, stack(0x0000004323000000,0x0000004323100000) (1024K)]
  0x00000218afd69780 WorkerThread "GC Thread#4"                     [id=4236, stack(0x0000004323100000,0x0000004323200000) (1024K)]
  0x00000218afd69b30 WorkerThread "GC Thread#5"                     [id=20888, stack(0x0000004323200000,0x0000004323300000) (1024K)]
  0x00000218f60207d0 WorkerThread "GC Thread#6"                     [id=3948, stack(0x0000004323900000,0x0000004323a00000) (1024K)]
  0x00000218f6020b80 WorkerThread "GC Thread#7"                     [id=3700, stack(0x0000004323a00000,0x0000004323b00000) (1024K)]
  0x00000218f6020f30 WorkerThread "GC Thread#8"                     [id=3724, stack(0x0000004323b00000,0x0000004323c00000) (1024K)]
  0x00000218f60212e0 WorkerThread "GC Thread#9"                     [id=3140, stack(0x0000004323c00000,0x0000004323d00000) (1024K)]
  0x00000218ff40d180 ConcurrentGCThread "G1 Main Marker"            [id=17836, stack(0x0000004321d00000,0x0000004321e00000) (1024K)]
  0x00000218ffba20a0 WorkerThread "G1 Conc#0"                       [id=12888, stack(0x0000004321e00000,0x0000004321f00000) (1024K)]
  0x00000218f771bef0 WorkerThread "G1 Conc#1"                       [id=13884, stack(0x0000004324400000,0x0000004324500000) (1024K)]
  0x00000218f771e3d0 WorkerThread "G1 Conc#2"                       [id=3928, stack(0x0000004324500000,0x0000004324600000) (1024K)]
  0x00000218ffc399c0 ConcurrentGCThread "G1 Refine#0"               [id=11984, stack(0x0000004321f00000,0x0000004322000000) (1024K)]
  0x00000218ffc3a2f0 ConcurrentGCThread "G1 Service"                [id=3028, stack(0x0000004322000000,0x0000004322100000) (1024K)]
Total: 18

Threads with active compile tasks:
C2 CompilerThread2  70978 18038       4       java.lang.invoke.MethodHandleImpl::makePairwiseConvertByEditor (617 bytes)
Total: 1

VM state: at safepoint (normal execution)

VM Mutex/Monitor currently owned by a thread:  ([mutex/lock_event])
[0x00007ffc1c23e560] Threads_lock - owner thread: 0x00000218ffd7d690
[0x00007ffc1c23e660] Heap_lock - owner thread: 0x00000218f66f8360

Heap address: 0x0000000600000000, size: 8192 MB, Compressed Oops mode: Zero based, Oop shift amount: 3

CDS archive(s) mapped at: [0x00000218b0000000-0x00000218b0ba0000-0x00000218b0ba0000), size 12189696, SharedBaseAddress: 0x00000218b0000000, ArchiveRelocationMode: 1.
Compressed class space mapped at: 0x00000218b1000000-0x00000218f1000000, reserved size: 1073741824
Narrow klass base: 0x00000218b0000000, Narrow klass shift: 0, Narrow klass range: 0x100000000

GC Precious Log:
 CardTable entry size: 512
 Card Set container configuration: InlinePtr #cards 4 size 8 Array Of Cards #cards 32 size 80 Howl #buckets 8 coarsen threshold 7372 Howl Bitmap #cards 1024 size 144 coarsen threshold 921 Card regions per heap region 1 cards per card region 8192
 CPUs: 12 total, 12 available
 Memory: 16024M
 Large Page Support: Disabled
 NUMA Support: Disabled
 Compressed Oops: Enabled (Zero based)
 Heap Region Size: 4M
 Heap Min Capacity: 8M
 Heap Initial Capacity: 252M
 Heap Max Capacity: 8G
 Pre-touch: Disabled
 Parallel Workers: 10
 Concurrent Workers: 3
 Concurrent Refinement Workers: 10
 Periodic GC: Disabled

Heap:
 garbage-first heap   total 262144K, used 151835K [0x0000000600000000, 0x0000000800000000)
  region size 4096K, 2 young (8192K), 2 survivors (8192K)
 Metaspace       used 127883K, committed 130624K, reserved 1179648K
  class space    used 17626K, committed 19008K, reserved 1048576K

Heap Regions: E=young(eden), S=young(survivor), O=old, HS=humongous(starts), HC=humongous(continues), CS=collection set, F=free, TAMS=top-at-mark-start, PB=parsable bottom
|   0|0x0000000600000000, 0x0000000600400000, 0x0000000600400000|100%|HS|  |TAMS 0x0000000600400000| PB 0x0000000600000000| Complete 
|   1|0x0000000600400000, 0x0000000600800000, 0x0000000600800000|100%| O|  |TAMS 0x0000000600800000| PB 0x0000000600400000| Untracked 
|   2|0x0000000600800000, 0x0000000600c00000, 0x0000000600c00000|100%| O|  |TAMS 0x0000000600c00000| PB 0x0000000600800000| Untracked 
|   3|0x0000000600c00000, 0x0000000601000000, 0x0000000601000000|100%| O|  |TAMS 0x0000000601000000| PB 0x0000000600c00000| Untracked 
|   4|0x0000000601000000, 0x0000000601400000, 0x0000000601400000|100%| O|  |TAMS 0x0000000601400000| PB 0x0000000601000000| Untracked 
|   5|0x0000000601400000, 0x0000000601800000, 0x0000000601800000|100%|HS|  |TAMS 0x0000000601800000| PB 0x0000000601400000| Complete 
|   6|0x0000000601800000, 0x0000000601c00000, 0x0000000601c00000|100%| O|  |TAMS 0x0000000601c00000| PB 0x0000000601800000| Untracked 
|   7|0x0000000601c00000, 0x0000000602000000, 0x0000000602000000|100%| O|  |TAMS 0x0000000602000000| PB 0x0000000601c00000| Untracked 
|   8|0x0000000602000000, 0x0000000602400000, 0x0000000602400000|100%| O|  |TAMS 0x0000000602400000| PB 0x0000000602000000| Untracked 
|   9|0x0000000602400000, 0x0000000602800000, 0x0000000602800000|100%|HS|  |TAMS 0x0000000602800000| PB 0x0000000602400000| Complete 
|  10|0x0000000602800000, 0x0000000602c00000, 0x0000000602c00000|100%| O|  |TAMS 0x0000000602c00000| PB 0x0000000602800000| Untracked 
|  11|0x0000000602c00000, 0x0000000603000000, 0x0000000603000000|100%| O|  |TAMS 0x0000000603000000| PB 0x0000000602c00000| Untracked 
|  12|0x0000000603000000, 0x0000000603400000, 0x0000000603400000|100%| O|  |TAMS 0x0000000603400000| PB 0x0000000603000000| Untracked 
|  13|0x0000000603400000, 0x0000000603800000, 0x0000000603800000|100%| O|  |TAMS 0x0000000603800000| PB 0x0000000603400000| Untracked 
|  14|0x0000000603800000, 0x0000000603c00000, 0x0000000603c00000|100%| O|  |TAMS 0x0000000603c00000| PB 0x0000000603800000| Untracked 
|  15|0x0000000603c00000, 0x0000000604000000, 0x0000000604000000|100%| O|  |TAMS 0x0000000604000000| PB 0x0000000603c00000| Untracked 
|  16|0x0000000604000000, 0x0000000604400000, 0x0000000604400000|100%| O|  |TAMS 0x0000000604400000| PB 0x0000000604000000| Untracked 
|  17|0x0000000604400000, 0x0000000604800000, 0x0000000604800000|100%| O|  |TAMS 0x0000000604800000| PB 0x0000000604400000| Untracked 
|  18|0x0000000604800000, 0x0000000604c00000, 0x0000000604c00000|100%| O|  |TAMS 0x0000000604c00000| PB 0x0000000604800000| Untracked 
|  19|0x0000000604c00000, 0x0000000605000000, 0x0000000605000000|100%| O|  |TAMS 0x0000000605000000| PB 0x0000000604c00000| Untracked 
|  20|0x0000000605000000, 0x0000000605400000, 0x0000000605400000|100%| O|  |TAMS 0x0000000605400000| PB 0x0000000605000000| Untracked 
|  21|0x0000000605400000, 0x0000000605800000, 0x0000000605800000|100%| O|  |TAMS 0x0000000605800000| PB 0x0000000605400000| Untracked 
|  22|0x0000000605800000, 0x0000000605c00000, 0x0000000605c00000|100%| O|  |TAMS 0x0000000605c00000| PB 0x0000000605800000| Untracked 
|  23|0x0000000605c00000, 0x0000000606000000, 0x0000000606000000|100%| O|  |TAMS 0x0000000606000000| PB 0x0000000605c00000| Untracked 
|  24|0x0000000606000000, 0x0000000606400000, 0x0000000606400000|100%| O|  |TAMS 0x0000000606400000| PB 0x0000000606000000| Untracked 
|  25|0x0000000606400000, 0x0000000606800000, 0x0000000606800000|100%| O|  |TAMS 0x0000000606800000| PB 0x0000000606400000| Untracked 
|  26|0x0000000606800000, 0x0000000606c00000, 0x0000000606c00000|100%| O|  |TAMS 0x0000000606c00000| PB 0x0000000606800000| Untracked 
|  27|0x0000000606c00000, 0x0000000606e1a7b0, 0x0000000607000000| 52%| O|  |TAMS 0x0000000606c00000| PB 0x0000000606c00000| Untracked 
|  28|0x0000000607000000, 0x0000000607400000, 0x0000000607400000|100%| O|  |TAMS 0x00000006073da928| PB 0x0000000607000000| Untracked 
|  29|0x0000000607400000, 0x0000000607800000, 0x0000000607800000|100%| O|  |TAMS 0x0000000607800000| PB 0x0000000607400000| Untracked 
|  30|0x0000000607800000, 0x0000000607c00000, 0x0000000607c00000|100%| O|  |TAMS 0x0000000607c00000| PB 0x0000000607800000| Untracked 
|  31|0x0000000607c00000, 0x0000000607c00000, 0x0000000608000000|  0%| F|  |TAMS 0x0000000607c00000| PB 0x0000000607c00000| Untracked 
|  32|0x0000000608000000, 0x0000000608000000, 0x0000000608400000|  0%| F|  |TAMS 0x0000000608000000| PB 0x0000000608000000| Untracked 
|  33|0x0000000608400000, 0x0000000608400000, 0x0000000608800000|  0%| F|  |TAMS 0x0000000608400000| PB 0x0000000608400000| Untracked 
|  34|0x0000000608800000, 0x0000000608800000, 0x0000000608c00000|  0%| F|  |TAMS 0x0000000608800000| PB 0x0000000608800000| Untracked 
|  35|0x0000000608c00000, 0x0000000608e2c4f0, 0x0000000609000000| 54%| S|CS|TAMS 0x0000000608c00000| PB 0x0000000608c00000| Complete 
|  36|0x0000000609000000, 0x0000000609400000, 0x0000000609400000|100%| S|CS|TAMS 0x0000000609000000| PB 0x0000000609000000| Complete 
|  37|0x0000000609400000, 0x0000000609400000, 0x0000000609800000|  0%| F|  |TAMS 0x0000000609400000| PB 0x0000000609400000| Untracked 
|  38|0x0000000609800000, 0x0000000609800000, 0x0000000609c00000|  0%| F|  |TAMS 0x0000000609800000| PB 0x0000000609800000| Untracked 
|  39|0x0000000609c00000, 0x0000000609c00000, 0x000000060a000000|  0%| F|  |TAMS 0x0000000609c00000| PB 0x0000000609c00000| Untracked 
|  40|0x000000060a000000, 0x000000060a000000, 0x000000060a400000|  0%| F|  |TAMS 0x000000060a000000| PB 0x000000060a000000| Untracked 
|  41|0x000000060a400000, 0x000000060a400000, 0x000000060a800000|  0%| F|  |TAMS 0x000000060a400000| PB 0x000000060a400000| Untracked 
|  42|0x000000060a800000, 0x000000060a800000, 0x000000060ac00000|  0%| F|  |TAMS 0x000000060a800000| PB 0x000000060a800000| Untracked 
|  43|0x000000060ac00000, 0x000000060ac00000, 0x000000060b000000|  0%| F|  |TAMS 0x000000060ac00000| PB 0x000000060ac00000| Untracked 
|  44|0x000000060b000000, 0x000000060b000000, 0x000000060b400000|  0%| F|  |TAMS 0x000000060b000000| PB 0x000000060b000000| Untracked 
|  45|0x000000060b400000, 0x000000060b400000, 0x000000060b800000|  0%| F|  |TAMS 0x000000060b400000| PB 0x000000060b400000| Untracked 
|  46|0x000000060b800000, 0x000000060b800000, 0x000000060bc00000|  0%| F|  |TAMS 0x000000060b800000| PB 0x000000060b800000| Untracked 
|  47|0x000000060bc00000, 0x000000060bc00000, 0x000000060c000000|  0%| F|  |TAMS 0x000000060bc00000| PB 0x000000060bc00000| Untracked 
|  48|0x000000060c000000, 0x000000060c000000, 0x000000060c400000|  0%| F|  |TAMS 0x000000060c000000| PB 0x000000060c000000| Untracked 
|  49|0x000000060c400000, 0x000000060c400000, 0x000000060c800000|  0%| F|  |TAMS 0x000000060c400000| PB 0x000000060c400000| Untracked 
|  50|0x000000060c800000, 0x000000060c800000, 0x000000060cc00000|  0%| F|  |TAMS 0x000000060c800000| PB 0x000000060c800000| Untracked 
|  51|0x000000060cc00000, 0x000000060cc00000, 0x000000060d000000|  0%| F|  |TAMS 0x000000060cc00000| PB 0x000000060cc00000| Untracked 
|  52|0x000000060d000000, 0x000000060d000000, 0x000000060d400000|  0%| F|  |TAMS 0x000000060d000000| PB 0x000000060d000000| Untracked 
|  53|0x000000060d400000, 0x000000060d400000, 0x000000060d800000|  0%| F|  |TAMS 0x000000060d400000| PB 0x000000060d400000| Untracked 
|  54|0x000000060d800000, 0x000000060d800000, 0x000000060dc00000|  0%| F|  |TAMS 0x000000060d800000| PB 0x000000060d800000| Untracked 
|  55|0x000000060dc00000, 0x000000060dc00000, 0x000000060e000000|  0%| F|  |TAMS 0x000000060dc00000| PB 0x000000060dc00000| Untracked 
|  62|0x000000060f800000, 0x000000060f800000, 0x000000060fc00000|  0%| F|  |TAMS 0x000000060f800000| PB 0x000000060f800000| Untracked 
|2041|0x00000007fe400000, 0x00000007fe800000, 0x00000007fe800000|100%| O|  |TAMS 0x00000007fe800000| PB 0x00000007fe400000| Untracked 
|2042|0x00000007fe800000, 0x00000007fec00000, 0x00000007fec00000|100%| O|  |TAMS 0x00000007fec00000| PB 0x00000007fe800000| Untracked 
|2043|0x00000007fec00000, 0x00000007fec00000, 0x00000007ff000000|  0%| F|  |TAMS 0x00000007fec00000| PB 0x00000007fec00000| Untracked 
|2044|0x00000007ff000000, 0x00000007ff400000, 0x00000007ff400000|100%| O|  |TAMS 0x00000007ff400000| PB 0x00000007ff000000| Untracked 
|2045|0x00000007ff400000, 0x00000007ff400000, 0x00000007ff800000|  0%| F|  |TAMS 0x00000007ff400000| PB 0x00000007ff400000| Untracked 
|2046|0x00000007ff800000, 0x00000007ffc00000, 0x00000007ffc00000|100%| O|  |TAMS 0x00000007ffc00000| PB 0x00000007ff800000| Untracked 
|2047|0x00000007ffc00000, 0x0000000800000000, 0x0000000800000000|100%| O|  |TAMS 0x0000000800000000| PB 0x00000007ffc00000| Untracked 

Card table byte_map: [0x00000218a4140000,0x00000218a5140000] _byte_map_base: 0x00000218a1140000

Marking Bits: (CMBitMap*) 0x00000218ff3fc590
 Bits: [0x00000218a5140000, 0x00000218ad140000)

Polling page: 0x00000218fd0c0000

Metaspace:

Usage:
  Non-class:    107.67 MB used.
      Class:     17.21 MB used.
       Both:    124.89 MB used.

Virtual space:
  Non-class space:      128.00 MB reserved,     109.00 MB ( 85%) committed,  2 nodes.
      Class space:        1.00 GB reserved,      18.56 MB (  2%) committed,  1 nodes.
             Both:        1.12 GB reserved,     127.56 MB ( 11%) committed. 

Chunk freelists:
   Non-Class:  2.97 MB
       Class:  13.43 MB
        Both:  16.40 MB

MaxMetaspaceSize: 4.00 GB
CompressedClassSpaceSize: 1.00 GB
Initial GC threshold: 21.00 MB
Current GC threshold: 210.62 MB
CDS: on
 - commit_granule_bytes: 65536.
 - commit_granule_words: 8192.
 - virtual_space_node_default_size: 8388608.
 - enlarge_chunks_in_place: 1.
 - use_allocation_guard: 0.


Internal statistics:

num_allocs_failed_limit: 12.
num_arena_births: 4842.
num_arena_deaths: 0.
num_vsnodes_births: 3.
num_vsnodes_deaths: 0.
num_space_committed: 2039.
num_space_uncommitted: 0.
num_chunks_returned_to_freelist: 12.
num_chunks_taken_from_freelist: 11025.
num_chunk_merges: 9.
num_chunk_splits: 7158.
num_chunks_enlarged: 4437.
num_inconsistent_stats: 0.

CodeHeap 'non-profiled nmethods': size=259264Kb used=11415Kb max_used=11415Kb free=247848Kb
 bounds [0x0000021893410000, 0x0000021893f40000, 0x00000218a3140000]
CodeHeap 'profiled nmethods': size=259264Kb used=29675Kb max_used=29675Kb free=229588Kb
 bounds [0x0000021883140000, 0x0000021884e40000, 0x0000021892e70000]
CodeHeap 'non-nmethods': size=5760Kb used=2807Kb max_used=2876Kb free=2952Kb
 bounds [0x0000021892e70000, 0x0000021893150000, 0x0000021893410000]
CodeCache: size=524288Kb, used=43897Kb, max_used=43966Kb, free=480388Kb
 total_blobs=16482, nmethods=15431, adapters=954, full_count=0
Compilation: enabled, stopped_count=0, restarted_count=0

Compilation events (20 events):
Event: 68.678 Thread 0x00000218af9f48b0 nmethod 18159 0x0000021884e31a10 code [0x0000021884e31be0, 0x0000021884e31f70]
Event: 68.678 Thread 0x00000218af9f48b0 18158       3       org.jetbrains.kotlin.konan.target.KonanTarget::hashCode (36 bytes)
Event: 68.678 Thread 0x00000218af9f48b0 nmethod 18158 0x0000021884e32090 code [0x0000021884e32280, 0x0000021884e32648]
Event: 68.678 Thread 0x00000218af9f48b0 18156       3       org.jetbrains.kotlin.gradle.plugin.PropertiesProvider$Companion::invoke (90 bytes)
Event: 68.684 Thread 0x00000218af9f48b0 nmethod 18156 0x0000021884e32810 code [0x0000021884e32d60, 0x0000021884e359e8]
Event: 68.688 Thread 0x00000218af9f48b0 18160       3       java.lang.invoke.VarHandleInts$FieldInstanceReadWrite::getAndSet (28 bytes)
Event: 68.690 Thread 0x00000218af9f48b0 nmethod 18160 0x0000021884e36810 code [0x0000021884e36a00, 0x0000021884e36f80]
Event: 68.699 Thread 0x00000218af9f48b0 18161       3       org.jetbrains.kotlin.gradle.plugin.internal.ConfigurationTimePropertiesAccessorKt::usedAtConfigurationTime (25 bytes)
Event: 68.701 Thread 0x00000218af9f48b0 nmethod 18161 0x0000021884e37190 code [0x0000021884e374a0, 0x0000021884e383a8]
Event: 68.701 Thread 0x00000218af9f48b0 18162       3       org.jetbrains.kotlin.gradle.plugin.internal.DefaultConfigurationTimePropertiesAccessor::usedAtConfigurationTime (8 bytes)
Event: 68.702 Thread 0x00000218af9f48b0 nmethod 18162 0x0000021884e38990 code [0x0000021884e38ba0, 0x0000021884e39140]
Event: 68.704 Thread 0x00000218fbe6f570 18163       4       org.gradle.api.internal.plugins.DefaultPluginRegistry$PluginIdLookupCacheKey::hashCode (23 bytes)
Event: 68.706 Thread 0x00000218af9f48b0 18164       3       org.gradle.tooling.internal.provider.runner.PluginApplicationTracker$$Lambda/0x00000218b178af70::get (12 bytes)
Event: 68.707 Thread 0x00000218af9f48b0 nmethod 18164 0x0000021884e39390 code [0x0000021884e39540, 0x0000021884e396f8]
Event: 68.707 Thread 0x00000218af9f48b0 18165       3       org.gradle.tooling.internal.provider.runner.PluginApplicationTracker::lambda$started$1 (6 bytes)
Event: 68.707 Thread 0x00000218af9f48b0 nmethod 18165 0x0000021884e39810 code [0x0000021884e399c0, 0x0000021884e39af8]
Event: 68.707 Thread 0x00000218af9f48b0 18166       3       org.gradle.tooling.internal.provider.runner.PluginApplicationTracker::toBinaryPluginIdentifier (39 bytes)
Event: 68.709 Thread 0x00000218af9f48b0 nmethod 18166 0x0000021884e39b90 code [0x0000021884e39de0, 0x0000021884e3a998]
Event: 68.710 Thread 0x00000218fbe6f570 nmethod 18163 0x0000021893f33390 code [0x0000021893f33540, 0x0000021893f33788]
Event: 68.731 Thread 0x00000218af9d3da0 nmethod 18149 0x0000021893f33990 code [0x0000021893f33c80, 0x0000021893f34c98]

GC Heap History (20 events):
Event: 25.462 GC heap after
{Heap after GC invocations=40 (full 0):
 garbage-first heap   total 221184K, used 117096K [0x0000000600000000, 0x0000000800000000)
  region size 4096K, 3 young (12288K), 3 survivors (12288K)
 Metaspace       used 102606K, committed 105088K, reserved 1179648K
  class space    used 14667K, committed 15872K, reserved 1048576K
}
Event: 26.467 GC heap before
{Heap before GC invocations=40 (full 0):
 garbage-first heap   total 221184K, used 199016K [0x0000000600000000, 0x0000000800000000)
  region size 4096K, 23 young (94208K), 3 survivors (12288K)
 Metaspace       used 107438K, committed 109952K, reserved 1179648K
  class space    used 15305K, committed 16512K, reserved 1048576K
}
Event: 26.476 GC heap after
{Heap after GC invocations=41 (full 0):
 garbage-first heap   total 221184K, used 120677K [0x0000000600000000, 0x0000000800000000)
  region size 4096K, 2 young (8192K), 2 survivors (8192K)
 Metaspace       used 107438K, committed 109952K, reserved 1179648K
  class space    used 15305K, committed 16512K, reserved 1048576K
}
Event: 27.526 GC heap before
{Heap before GC invocations=42 (full 0):
 garbage-first heap   total 221184K, used 198501K [0x0000000600000000, 0x0000000800000000)
  region size 4096K, 22 young (90112K), 2 survivors (8192K)
 Metaspace       used 111201K, committed 113728K, reserved 1179648K
  class space    used 15689K, committed 16896K, reserved 1048576K
}
Event: 27.536 GC heap after
{Heap after GC invocations=43 (full 0):
 garbage-first heap   total 221184K, used 127733K [0x0000000600000000, 0x0000000800000000)
  region size 4096K, 3 young (12288K), 3 survivors (12288K)
 Metaspace       used 111201K, committed 113728K, reserved 1179648K
  class space    used 15689K, committed 16896K, reserved 1048576K
}
Event: 28.856 GC heap before
{Heap before GC invocations=43 (full 0):
 garbage-first heap   total 221184K, used 201461K [0x0000000600000000, 0x0000000800000000)
  region size 4096K, 21 young (86016K), 3 survivors (12288K)
 Metaspace       used 114535K, committed 117056K, reserved 1179648K
  class space    used 16133K, committed 17344K, reserved 1048576K
}
Event: 28.872 GC heap after
{Heap after GC invocations=44 (full 0):
 garbage-first heap   total 229376K, used 134483K [0x0000000600000000, 0x0000000800000000)
  region size 4096K, 2 young (8192K), 2 survivors (8192K)
 Metaspace       used 114535K, committed 117056K, reserved 1179648K
  class space    used 16133K, committed 17344K, reserved 1048576K
}
Event: 29.984 GC heap before
{Heap before GC invocations=44 (full 0):
 garbage-first heap   total 229376K, used 208211K [0x0000000600000000, 0x0000000800000000)
  region size 4096K, 20 young (81920K), 2 survivors (8192K)
 Metaspace       used 118855K, committed 121408K, reserved 1179648K
  class space    used 16699K, committed 17920K, reserved 1048576K
}
Event: 29.991 GC heap after
{Heap after GC invocations=45 (full 0):
 garbage-first heap   total 229376K, used 139444K [0x0000000600000000, 0x0000000800000000)
  region size 4096K, 3 young (12288K), 3 survivors (12288K)
 Metaspace       used 118855K, committed 121408K, reserved 1179648K
  class space    used 16699K, committed 17920K, reserved 1048576K
}
Event: 31.014 GC heap before
{Heap before GC invocations=46 (full 0):
 garbage-first heap   total 241664K, used 204980K [0x0000000600000000, 0x0000000800000000)
  region size 4096K, 20 young (81920K), 3 survivors (12288K)
 Metaspace       used 124256K, committed 126912K, reserved 1179648K
  class space    used 17329K, committed 18624K, reserved 1048576K
}
Event: 31.026 GC heap after
{Heap after GC invocations=47 (full 0):
 garbage-first heap   total 241664K, used 142148K [0x0000000600000000, 0x0000000800000000)
  region size 4096K, 3 young (12288K), 3 survivors (12288K)
 Metaspace       used 124256K, committed 126912K, reserved 1179648K
  class space    used 17329K, committed 18624K, reserved 1048576K
}
Event: 32.764 GC heap before
{Heap before GC invocations=47 (full 0):
 garbage-first heap   total 241664K, used 215876K [0x0000000600000000, 0x0000000800000000)
  region size 4096K, 22 young (90112K), 3 survivors (12288K)
 Metaspace       used 126548K, committed 129216K, reserved 1179648K
  class space    used 17520K, committed 18816K, reserved 1048576K
}
Event: 32.777 GC heap after
{Heap after GC invocations=48 (full 0):
 garbage-first heap   total 241664K, used 147087K [0x0000000600000000, 0x0000000800000000)
  region size 4096K, 2 young (8192K), 2 survivors (8192K)
 Metaspace       used 126548K, committed 129216K, reserved 1179648K
  class space    used 17520K, committed 18816K, reserved 1048576K
}
Event: 33.847 GC heap before
{Heap before GC invocations=48 (full 0):
 garbage-first heap   total 241664K, used 224911K [0x0000000600000000, 0x0000000800000000)
  region size 4096K, 21 young (86016K), 2 survivors (8192K)
 Metaspace       used 126762K, committed 129408K, reserved 1179648K
  class space    used 17525K, committed 18816K, reserved 1048576K
}
Event: 33.858 GC heap after
{Heap after GC invocations=49 (full 0):
 garbage-first heap   total 241664K, used 151560K [0x0000000600000000, 0x0000000800000000)
  region size 4096K, 3 young (12288K), 3 survivors (12288K)
 Metaspace       used 126762K, committed 129408K, reserved 1179648K
  class space    used 17525K, committed 18816K, reserved 1048576K
}
Event: 36.374 GC heap before
{Heap before GC invocations=50 (full 0):
 garbage-first heap   total 262144K, used 221192K [0x0000000600000000, 0x0000000800000000)
  region size 4096K, 20 young (81920K), 3 survivors (12288K)
 Metaspace       used 127068K, committed 129728K, reserved 1179648K
  class space    used 17553K, committed 18880K, reserved 1048576K
}
Event: 36.381 GC heap after
{Heap after GC invocations=51 (full 0):
 garbage-first heap   total 262144K, used 148906K [0x0000000600000000, 0x0000000800000000)
  region size 4096K, 2 young (8192K), 2 survivors (8192K)
 Metaspace       used 127068K, committed 129728K, reserved 1179648K
  class space    used 17553K, committed 18880K, reserved 1048576K
}
Event: 37.332 GC heap before
{Heap before GC invocations=51 (full 0):
 garbage-first heap   total 262144K, used 234922K [0x0000000600000000, 0x0000000800000000)
  region size 4096K, 24 young (98304K), 2 survivors (8192K)
 Metaspace       used 127245K, committed 129920K, reserved 1179648K
  class space    used 17557K, committed 18880K, reserved 1048576K
}
Event: 37.342 GC heap after
{Heap after GC invocations=52 (full 0):
 garbage-first heap   total 262144K, used 152958K [0x0000000600000000, 0x0000000800000000)
  region size 4096K, 3 young (12288K), 3 survivors (12288K)
 Metaspace       used 127245K, committed 129920K, reserved 1179648K
  class space    used 17557K, committed 18880K, reserved 1048576K
}
Event: 68.768 GC heap before
{Heap before GC invocations=52 (full 0):
 garbage-first heap   total 262144K, used 243070K [0x0000000600000000, 0x0000000800000000)
  region size 4096K, 25 young (102400K), 3 survivors (12288K)
 Metaspace       used 127883K, committed 130624K, reserved 1179648K
  class space    used 17626K, committed 19008K, reserved 1048576K
}

Dll operation events (14 events):
Event: 0.011 Loaded shared library C:\Users\prith\.vscode\extensions\redhat.java-1.53.0-win32-x64\jre\21.0.10-win32-x86_64\bin\java.dll
Event: 0.075 Loaded shared library C:\Users\prith\.vscode\extensions\redhat.java-1.53.0-win32-x64\jre\21.0.10-win32-x86_64\bin\zip.dll
Event: 0.105 Loaded shared library C:\Users\prith\.vscode\extensions\redhat.java-1.53.0-win32-x64\jre\21.0.10-win32-x86_64\bin\instrument.dll
Event: 0.112 Loaded shared library C:\Users\prith\.vscode\extensions\redhat.java-1.53.0-win32-x64\jre\21.0.10-win32-x86_64\bin\net.dll
Event: 0.115 Loaded shared library C:\Users\prith\.vscode\extensions\redhat.java-1.53.0-win32-x64\jre\21.0.10-win32-x86_64\bin\nio.dll
Event: 0.120 Loaded shared library C:\Users\prith\.vscode\extensions\redhat.java-1.53.0-win32-x64\jre\21.0.10-win32-x86_64\bin\zip.dll
Event: 0.540 Loaded shared library C:\Users\prith\.vscode\extensions\redhat.java-1.53.0-win32-x64\jre\21.0.10-win32-x86_64\bin\jimage.dll
Event: 0.731 Loaded shared library C:\Users\prith\.vscode\extensions\redhat.java-1.53.0-win32-x64\jre\21.0.10-win32-x86_64\bin\verify.dll
Event: 0.880 Loaded shared library C:\Users\prith\.gradle\native\1def1411415f61bf3af743bc5b6707747c0891f09f0c88961ee8f79bc544acac\windows-amd64\native-platform.dll
Event: 0.891 Loaded shared library C:\Users\prith\.gradle\native\0.2.7\x86_64-windows-gnu\gradle-fileevents.dll
Event: 2.269 Loaded shared library C:\Users\prith\.vscode\extensions\redhat.java-1.53.0-win32-x64\jre\21.0.10-win32-x86_64\bin\management.dll
Event: 2.273 Loaded shared library C:\Users\prith\.vscode\extensions\redhat.java-1.53.0-win32-x64\jre\21.0.10-win32-x86_64\bin\management_ext.dll
Event: 2.441 Loaded shared library C:\Users\prith\.vscode\extensions\redhat.java-1.53.0-win32-x64\jre\21.0.10-win32-x86_64\bin\extnet.dll
Event: 2.723 Loaded shared library C:\Users\prith\.vscode\extensions\redhat.java-1.53.0-win32-x64\jre\21.0.10-win32-x86_64\bin\sunmscapi.dll

Deoptimization events (20 events):
Event: 38.269 Thread 0x00000218f66f8360 DEOPT PACKING pc=0x0000021893db3ddc sp=0x0000004323efdaf0
Event: 38.269 Thread 0x00000218f66f8360 DEOPT UNPACKING pc=0x0000021892ec4422 sp=0x0000004323efda18 mode 2
Event: 67.962 Thread 0x00000218f66f8360 DEOPT PACKING pc=0x00000218842f9f55 sp=0x0000004323efb3a0
Event: 67.962 Thread 0x00000218f66f8360 DEOPT UNPACKING pc=0x0000021892ec4bc2 sp=0x0000004323efa838 mode 0
Event: 68.135 Thread 0x00000218f66f8360 Uncommon trap: trap_request=0xffffffd6 fr.pc=0x0000021893f13dc8 relative=0x00000000000031a8
Event: 68.135 Thread 0x00000218f66f8360 Uncommon trap: reason=array_check action=maybe_recompile pc=0x0000021893f13dc8 method=org.gradle.internal.service.DefaultServiceRegistry$FactoryService.bind()V @ 131 c2
Event: 68.135 Thread 0x00000218f66f8360 DEOPT PACKING pc=0x0000021893f13dc8 sp=0x0000004323efa4f0
Event: 68.135 Thread 0x00000218f66f8360 DEOPT UNPACKING pc=0x0000021892ec4422 sp=0x0000004323efa500 mode 2
Event: 68.164 Thread 0x00000218f66f8360 Uncommon trap: trap_request=0xffffffd6 fr.pc=0x0000021893f13dc8 relative=0x00000000000031a8
Event: 68.164 Thread 0x00000218f66f8360 Uncommon trap: reason=array_check action=maybe_recompile pc=0x0000021893f13dc8 method=org.gradle.internal.service.DefaultServiceRegistry$FactoryService.bind()V @ 131 c2
Event: 68.164 Thread 0x00000218f66f8360 DEOPT PACKING pc=0x0000021893f13dc8 sp=0x0000004323ef9880
Event: 68.164 Thread 0x00000218f66f8360 DEOPT UNPACKING pc=0x0000021892ec4422 sp=0x0000004323ef9890 mode 2
Event: 68.250 Thread 0x00000218f66f8360 Uncommon trap: trap_request=0xffffff45 fr.pc=0x0000021893ea3988 relative=0x00000000000000c8
Event: 68.250 Thread 0x00000218f66f8360 Uncommon trap: reason=unstable_if action=reinterpret pc=0x0000021893ea3988 method=org.gradle.internal.ImmutableActionSet.mergeFrom(Lorg/gradle/internal/ImmutableActionSet;)Lorg/gradle/internal/ImmutableActionSet; @ 11 c2
Event: 68.250 Thread 0x00000218f66f8360 DEOPT PACKING pc=0x0000021893ea3988 sp=0x0000004323ef46d0
Event: 68.250 Thread 0x00000218f66f8360 DEOPT UNPACKING pc=0x0000021892ec4422 sp=0x0000004323ef4660 mode 2
Event: 68.250 Thread 0x00000218f66f8360 Uncommon trap: trap_request=0xffffffc6 fr.pc=0x00000218938410d8 relative=0x0000000000000d98
Event: 68.250 Thread 0x00000218f66f8360 Uncommon trap: reason=bimorphic_or_optimized_type_check action=maybe_recompile pc=0x00000218938410d8 method=com.google.common.collect.AbstractMultimap.keySet()Ljava/util/Set; @ 11 c2
Event: 68.250 Thread 0x00000218f66f8360 DEOPT PACKING pc=0x00000218938410d8 sp=0x0000004323ef4320
Event: 68.250 Thread 0x00000218f66f8360 DEOPT UNPACKING pc=0x0000021892ec4422 sp=0x0000004323ef42f0 mode 2

Classes loaded (20 events):
Event: 30.002 Loading class java/security/cert/CertificateEncodingException
Event: 30.002 Loading class java/security/cert/CertificateEncodingException done
Event: 30.158 Loading class java/text/MessageFormat
Event: 30.159 Loading class java/text/MessageFormat done
Event: 30.159 Loading class java/text/MessageFormat$Field
Event: 30.159 Loading class java/text/MessageFormat$Field done
Event: 30.465 Loading class java/io/CharArrayWriter
Event: 30.465 Loading class java/io/CharArrayWriter done
Event: 30.485 Loading class java/net/UrlDeserializedState
Event: 30.485 Loading class java/net/UrlDeserializedState done
Event: 30.501 Loading class sun/reflect/misc/MethodUtil
Event: 30.502 Loading class sun/reflect/misc/MethodUtil done
Event: 30.502 Loading class sun/reflect/misc/MethodUtil$1
Event: 30.502 Loading class sun/reflect/misc/MethodUtil$1 done
Event: 30.698 Loading class java/time/Instant$1
Event: 30.698 Loading class java/time/Instant$1 done
Event: 30.756 Loading class java/util/concurrent/CompletableFuture$AsyncRun
Event: 30.757 Loading class java/util/concurrent/CompletableFuture$AsyncRun done
Event: 31.632 Loading class jdk/internal/math/FormattedFPDecimal
Event: 31.633 Loading class jdk/internal/math/FormattedFPDecimal done

Classes unloaded (0 events):
No events

Classes redefined (0 events):
No events

Internal exceptions (20 events):
Event: 67.976 Thread 0x00000218f66f8360 Exception <a 'java/lang/NoSuchMethodError'{0x000000060b033428}: static Lorg/gradle/tooling/internal/consumer/connection/InternalBuildActionAdapter;.<clinit>()V> (0x000000060b033428) 
thrown [s\src\hotspot\share\prims\jni.cpp, line 1111]
Event: 68.022 Thread 0x00000218f66f8360 Exception <a 'java/lang/NoSuchMethodError'{0x000000060b183a50}: static Lorg/gradle/tooling/internal/consumer/versioning/VersionDetails;.<clinit>()V> (0x000000060b183a50) 
thrown [s\src\hotspot\share\prims\jni.cpp, line 1111]
Event: 68.023 Thread 0x00000218f66f8360 Exception <a 'java/lang/NoSuchMethodError'{0x000000060b1864c0}: static Lorg/gradle/tooling/internal/consumer/versioning/VersionDetails$R26VersionDetails;.<clinit>()V> (0x000000060b1864c0) 
thrown [s\src\hotspot\share\prims\jni.cpp, line 1111]
Event: 68.026 Thread 0x00000218f66f8360 Exception <a 'java/lang/NoSuchMethodError'{0x000000060b187ad8}: static Lorg/gradle/tooling/internal/consumer/versioning/VersionDetails$R28VersionDetails;.<clinit>()V> (0x000000060b187ad8) 
thrown [s\src\hotspot\share\prims\jni.cpp, line 1111]
Event: 68.027 Thread 0x00000218f66f8360 Exception <a 'java/lang/NoSuchMethodError'{0x000000060b189040}: static Lorg/gradle/tooling/internal/consumer/versioning/VersionDetails$R35VersionDetails;.<clinit>()V> (0x000000060b189040) 
thrown [s\src\hotspot\share\prims\jni.cpp, line 1111]
Event: 68.027 Thread 0x00000218f66f8360 Exception <a 'java/lang/NoSuchMethodError'{0x000000060b18a770}: static Lorg/gradle/tooling/internal/consumer/versioning/VersionDetails$R44VersionDetails;.<clinit>()V> (0x000000060b18a770) 
thrown [s\src\hotspot\share\prims\jni.cpp, line 1111]
Event: 68.027 Thread 0x00000218f66f8360 Exception <a 'java/lang/NoSuchMethodError'{0x000000060b18bdd8}: static Lorg/gradle/tooling/internal/consumer/versioning/VersionDetails$R48VersionDetails;.<clinit>()V> (0x000000060b18bdd8) 
thrown [s\src\hotspot\share\prims\jni.cpp, line 1111]
Event: 68.027 Thread 0x00000218f66f8360 Exception <a 'java/lang/NoSuchMethodError'{0x000000060b18d030}: static Lorg/gradle/tooling/internal/consumer/versioning/VersionDetails$R51VersionDetails;.<clinit>()V> (0x000000060b18d030) 
thrown [s\src\hotspot\share\prims\jni.cpp, line 1111]
Event: 68.030 Thread 0x00000218f66f8360 Exception <a 'java/lang/NoSuchMethodError'{0x000000060b19ef38}: static [Lorg/gradle/tooling/BuildAction;.<clinit>()V> (0x000000060b19ef38) 
thrown [s\src\hotspot\share\prims\jni.cpp, line 1111]
Event: 68.033 Thread 0x00000218f66f8360 Exception <a 'java/lang/NoSuchMethodError'{0x000000060b1af488}: static Lorg/eclipse/buildship/core/internal/workspace/TellGradleToRunSynchronizationTasks;.<clinit>()V> (0x000000060b1af488) 
thrown [s\src\hotspot\share\prims\jni.cpp, line 1111]
Event: 68.118 Thread 0x00000218f66f8360 Exception <a 'java/lang/ClassNotFoundException'{0x000000060b367148}: eclipsePlugin_1dgcuhhas3d3933da0gn7l22kBeanInfo> (0x000000060b367148) 
thrown [s\src\hotspot\share\classfile\systemDictionary.cpp, line 312]
Event: 68.118 Thread 0x00000218f66f8360 Exception <a 'java/lang/ClassNotFoundException'{0x000000060b36e018}: eclipsePlugin_1dgcuhhas3d3933da0gn7l22kCustomizer> (0x000000060b36e018) 
thrown [s\src\hotspot\share\classfile\systemDictionary.cpp, line 312]
Event: 68.136 Thread 0x00000218f66f8360 Exception <a 'sun/nio/fs/WindowsException'{0x000000060b3e1ea8}> (0x000000060b3e1ea8) 
thrown [s\src\hotspot\share\prims\jni.cpp, line 520]
Event: 68.137 Thread 0x00000218f66f8360 Exception <a 'sun/nio/fs/WindowsException'{0x000000060b3e3638}> (0x000000060b3e3638) 
thrown [s\src\hotspot\share\prims\jni.cpp, line 520]
Event: 68.137 Thread 0x00000218f66f8360 Exception <a 'sun/nio/fs/WindowsException'{0x000000060b3e4db8}> (0x000000060b3e4db8) 
thrown [s\src\hotspot\share\prims\jni.cpp, line 520]
Event: 68.138 Thread 0x00000218f66f8360 Exception <a 'sun/nio/fs/WindowsException'{0x000000060b3e6130}> (0x000000060b3e6130) 
thrown [s\src\hotspot\share\prims\jni.cpp, line 520]
Event: 68.216 Thread 0x00000218f66f8360 Exception <a 'sun/nio/fs/WindowsException'{0x000000060ad26820}> (0x000000060ad26820) 
thrown [s\src\hotspot\share\prims\jni.cpp, line 520]
Event: 68.217 Thread 0x00000218f66f8360 Exception <a 'sun/nio/fs/WindowsException'{0x000000060ad28510}> (0x000000060ad28510) 
thrown [s\src\hotspot\share\prims\jni.cpp, line 520]
Event: 68.218 Thread 0x00000218f66f8360 Exception <a 'sun/nio/fs/WindowsException'{0x000000060ad2a1f0}> (0x000000060ad2a1f0) 
thrown [s\src\hotspot\share\prims\jni.cpp, line 520]
Event: 68.218 Thread 0x00000218f66f8360 Exception <a 'sun/nio/fs/WindowsException'{0x000000060ad2bac8}> (0x000000060ad2bac8) 
thrown [s\src\hotspot\share\prims\jni.cpp, line 520]

ZGC Phase Switch (0 events):
No events

VM Operations (20 events):
Event: 37.868 Executing safepoint VM operation: ICBufferFull done
Event: 38.875 Executing safepoint VM operation: Cleanup
Event: 38.875 Executing safepoint VM operation: Cleanup done
Event: 39.887 Executing safepoint VM operation: Cleanup
Event: 39.887 Executing safepoint VM operation: Cleanup done
Event: 42.920 Executing safepoint VM operation: Cleanup
Event: 42.920 Executing safepoint VM operation: Cleanup done
Event: 43.931 Executing safepoint VM operation: Cleanup
Event: 43.931 Executing safepoint VM operation: Cleanup done
Event: 60.264 Executing non-safepoint VM operation: HandshakeAllThreads (HandshakeForDeflation)
Event: 60.264 Executing non-safepoint VM operation: HandshakeAllThreads (HandshakeForDeflation) done
Event: 60.264 Executing non-safepoint VM operation: RendezvousGCThreads
Event: 60.264 Executing non-safepoint VM operation: RendezvousGCThreads done
Event: 63.292 Executing safepoint VM operation: Cleanup
Event: 63.292 Executing safepoint VM operation: Cleanup done
Event: 64.306 Executing safepoint VM operation: Cleanup
Event: 64.306 Executing safepoint VM operation: Cleanup done
Event: 68.346 Executing safepoint VM operation: Cleanup
Event: 68.346 Executing safepoint VM operation: Cleanup done
Event: 68.768 Executing safepoint VM operation: G1CollectForAllocation (G1 Evacuation Pause)

Memory protections (0 events):
No events

Nmethod flushes (20 events):
Event: 34.001 Thread 0x00000218ffd7d690 flushing  nmethod 0x0000021883903e90
Event: 34.001 Thread 0x00000218ffd7d690 flushing  nmethod 0x0000021883aa0290
Event: 34.001 Thread 0x00000218ffd7d690 flushing  nmethod 0x0000021883aa1090
Event: 34.001 Thread 0x00000218ffd7d690 flushing  nmethod 0x0000021883aa1590
Event: 34.001 Thread 0x00000218ffd7d690 flushing  nmethod 0x0000021883aa7690
Event: 34.001 Thread 0x00000218ffd7d690 flushing  nmethod 0x0000021883b05590
Event: 34.001 Thread 0x00000218ffd7d690 flushing  nmethod 0x0000021883b06c90
Event: 34.001 Thread 0x00000218ffd7d690 flushing  nmethod 0x0000021883b07410
Event: 34.001 Thread 0x00000218ffd7d690 flushing  nmethod 0x0000021883b77390
Event: 34.001 Thread 0x00000218ffd7d690 flushing  nmethod 0x0000021883c81590
Event: 34.001 Thread 0x00000218ffd7d690 flushing  nmethod 0x0000021883cb4e90
Event: 34.001 Thread 0x00000218ffd7d690 flushing  nmethod 0x0000021883cb8d90
Event: 34.001 Thread 0x00000218ffd7d690 flushing  nmethod 0x0000021883cbc690
Event: 34.001 Thread 0x00000218ffd7d690 flushing  nmethod 0x0000021883d27c90
Event: 34.001 Thread 0x00000218ffd7d690 flushing  nmethod 0x0000021883d6b490
Event: 34.001 Thread 0x00000218ffd7d690 flushing  nmethod 0x0000021883de7e10
Event: 34.001 Thread 0x00000218ffd7d690 flushing  nmethod 0x0000021883e0e890
Event: 34.001 Thread 0x00000218ffd7d690 flushing  nmethod 0x0000021883e53b90
Event: 34.001 Thread 0x00000218ffd7d690 flushing  nmethod 0x0000021884341310
Event: 34.001 Thread 0x00000218ffd7d690 flushing  nmethod 0x00000218848fe010

Events (20 events):
Event: 68.413 Thread 0x00000218f66f8360 Thread added: 0x00000219042d6430
Event: 68.414 Thread 0x00000218f66f8360 Thread added: 0x00000219042d9f40
Event: 68.418 Thread 0x00000218f66f8360 Thread added: 0x00000219042db2f0
Event: 68.419 Thread 0x00000218f66f8360 Thread added: 0x00000219042da5d0
Event: 68.420 Thread 0x00000218f66f8360 Thread added: 0x00000219042d7e70
Event: 68.421 Thread 0x00000218f66f8360 Thread added: 0x00000219042dd3c0
Event: 68.421 Thread 0x00000218f66f8360 Thread added: 0x00000219042dc6a0
Event: 68.422 Thread 0x00000218f66f8360 Thread added: 0x00000219042dc010
Event: 68.465 Thread 0x00000218f66f8360 Thread added: 0x00000219042dda50
Event: 68.466 Thread 0x00000218f66f8360 Thread added: 0x00000219042dcd30
Event: 68.467 Thread 0x00000218f66f8360 Thread added: 0x00000219042de0e0
Event: 68.468 Thread 0x00000218f66f8360 Thread added: 0x00000219042db980
Event: 68.469 Thread 0x00000218f66f8360 Thread added: 0x00000219042dac60
Event: 68.470 Thread 0x00000218f66f8360 Thread added: 0x00000219042e01b0
Event: 68.472 Thread 0x00000218f66f8360 Thread added: 0x00000219042e0840
Event: 68.473 Thread 0x00000218f66f8360 Thread added: 0x00000219042dee00
Event: 68.475 Thread 0x00000218f66f8360 Thread added: 0x00000219042dfb20
Event: 68.476 Thread 0x00000218f66f8360 Thread added: 0x00000219042df490
Event: 68.478 Thread 0x00000218f66f8360 Thread added: 0x00000219042e1bf0
Event: 68.586 Thread 0x00000218f66f8360 Thread added: 0x00000219042e0ed0


Dynamic libraries:
0x00007ff6ebde0000 - 0x00007ff6ebdee000 	C:\Users\prith\.vscode\extensions\redhat.java-1.53.0-win32-x64\jre\21.0.10-win32-x86_64\bin\java.exe
0x00007ffd10c00000 - 0x00007ffd10e68000 	C:\WINDOWS\SYSTEM32\ntdll.dll
0x00007ffd0e9d0000 - 0x00007ffd0ea99000 	C:\WINDOWS\System32\KERNEL32.DLL
0x00007ffd0e5d0000 - 0x00007ffd0e9c2000 	C:\WINDOWS\System32\KERNELBASE.dll
0x00007ffd0e480000 - 0x00007ffd0e5cb000 	C:\WINDOWS\System32\ucrtbase.dll
0x00007ffc59f00000 - 0x00007ffc59f18000 	C:\Users\prith\.vscode\extensions\redhat.java-1.53.0-win32-x64\jre\21.0.10-win32-x86_64\bin\jli.dll
0x00007ffc59ee0000 - 0x00007ffc59efe000 	C:\Users\prith\.vscode\extensions\redhat.java-1.53.0-win32-x64\jre\21.0.10-win32-x86_64\bin\VCRUNTIME140.dll
0x00007ffd10080000 - 0x00007ffd10245000 	C:\WINDOWS\System32\USER32.dll
0x00007ffce7a20000 - 0x00007ffce7cb3000 	C:\WINDOWS\WinSxS\amd64_microsoft.windows.common-controls_6595b64144ccf1df_6.0.26100.6725_none_3e085828e334708b\COMCTL32.dll
0x00007ffd0e0e0000 - 0x00007ffd0e107000 	C:\WINDOWS\System32\win32u.dll
0x00007ffd0fa00000 - 0x00007ffd0faa9000 	C:\WINDOWS\System32\msvcrt.dll
0x00007ffd10050000 - 0x00007ffd1007b000 	C:\WINDOWS\System32\GDI32.dll
0x00007ffd0de30000 - 0x00007ffd0df5d000 	C:\WINDOWS\System32\gdi32full.dll
0x00007ffd0e310000 - 0x00007ffd0e3b3000 	C:\WINDOWS\System32\msvcp_win.dll
0x00007ffd0ebe0000 - 0x00007ffd0ec0f000 	C:\WINDOWS\System32\IMM32.DLL
0x00007ffc8de60000 - 0x00007ffc8de6c000 	C:\Users\prith\.vscode\extensions\redhat.java-1.53.0-win32-x64\jre\21.0.10-win32-x86_64\bin\vcruntime140_1.dll
0x00007ffc1c330000 - 0x00007ffc1c3bd000 	C:\Users\prith\.vscode\extensions\redhat.java-1.53.0-win32-x64\jre\21.0.10-win32-x86_64\bin\msvcp140.dll
0x00007ffc1b580000 - 0x00007ffc1c321000 	C:\Users\prith\.vscode\extensions\redhat.java-1.53.0-win32-x64\jre\21.0.10-win32-x86_64\bin\server\jvm.dll
0x00007ffd0f020000 - 0x00007ffd0f0d4000 	C:\WINDOWS\System32\ADVAPI32.dll
0x00007ffd0eb30000 - 0x00007ffd0ebd6000 	C:\WINDOWS\System32\sechost.dll
0x00007ffd0f8b0000 - 0x00007ffd0f9c8000 	C:\WINDOWS\System32\RPCRT4.dll
0x00007ffd0f830000 - 0x00007ffd0f8a4000 	C:\WINDOWS\System32\WS2_32.dll
0x00007ffd0ce40000 - 0x00007ffd0ce9e000 	C:\WINDOWS\SYSTEM32\POWRPROF.dll
0x00007ffd01ee0000 - 0x00007ffd01f15000 	C:\WINDOWS\SYSTEM32\WINMM.dll
0x00007ffd02b90000 - 0x00007ffd02b9b000 	C:\WINDOWS\SYSTEM32\VERSION.dll
0x00007ffd0cd10000 - 0x00007ffd0cd24000 	C:\WINDOWS\SYSTEM32\UMPDC.dll
0x00007ffd0cbd0000 - 0x00007ffd0cbeb000 	C:\WINDOWS\SYSTEM32\kernel.appcore.dll
0x00007ffc78810000 - 0x00007ffc7881a000 	C:\Users\prith\.vscode\extensions\redhat.java-1.53.0-win32-x64\jre\21.0.10-win32-x86_64\bin\jimage.dll
0x00007ffd0b510000 - 0x00007ffd0b752000 	C:\WINDOWS\SYSTEM32\DBGHELP.DLL
0x00007ffd0ec20000 - 0x00007ffd0ef9b000 	C:\WINDOWS\System32\combase.dll
0x00007ffd0fd50000 - 0x00007ffd0fe27000 	C:\WINDOWS\System32\OLEAUT32.dll
0x00007ffcd3460000 - 0x00007ffcd349c000 	C:\WINDOWS\SYSTEM32\dbgcore.DLL
0x00007ffd0dd90000 - 0x00007ffd0de28000 	C:\WINDOWS\System32\bcryptPrimitives.dll
0x00007ffd06070000 - 0x00007ffd0607f000 	C:\Users\prith\.vscode\extensions\redhat.java-1.53.0-win32-x64\jre\21.0.10-win32-x86_64\bin\instrument.dll
0x00007ffc1b560000 - 0x00007ffc1b580000 	C:\Users\prith\.vscode\extensions\redhat.java-1.53.0-win32-x64\jre\21.0.10-win32-x86_64\bin\java.dll
0x00007ffd0f0e0000 - 0x00007ffd0f82c000 	C:\WINDOWS\System32\SHELL32.dll
0x00007ffd0e1a0000 - 0x00007ffd0e30b000 	C:\WINDOWS\System32\wintypes.dll
0x00007ffd0ba00000 - 0x00007ffd0c25d000 	C:\WINDOWS\SYSTEM32\windows.storage.dll
0x00007ffd10970000 - 0x00007ffd10a62000 	C:\WINDOWS\System32\SHCORE.dll
0x00007ffd10260000 - 0x00007ffd102c2000 	C:\WINDOWS\System32\shlwapi.dll
0x00007ffd0dcb0000 - 0x00007ffd0dcd9000 	C:\WINDOWS\SYSTEM32\profapi.dll
0x00007ffc1b2e0000 - 0x00007ffc1b2f8000 	C:\Users\prith\.vscode\extensions\redhat.java-1.53.0-win32-x64\jre\21.0.10-win32-x86_64\bin\zip.dll
0x00007ffc78580000 - 0x00007ffc78590000 	C:\Users\prith\.vscode\extensions\redhat.java-1.53.0-win32-x64\jre\21.0.10-win32-x86_64\bin\net.dll
0x00007ffd047d0000 - 0x00007ffd048ef000 	C:\WINDOWS\SYSTEM32\WINHTTP.dll
0x00007ffd0d1f0000 - 0x00007ffd0d25b000 	C:\WINDOWS\system32\mswsock.dll
0x00007ffc1b2c0000 - 0x00007ffc1b2d6000 	C:\Users\prith\.vscode\extensions\redhat.java-1.53.0-win32-x64\jre\21.0.10-win32-x86_64\bin\nio.dll
0x00007ffd05ff0000 - 0x00007ffd06000000 	C:\Users\prith\.vscode\extensions\redhat.java-1.53.0-win32-x64\jre\21.0.10-win32-x86_64\bin\verify.dll
0x00007ffc1b1a0000 - 0x00007ffc1b1c7000 	C:\Users\prith\.gradle\native\1def1411415f61bf3af743bc5b6707747c0891f09f0c88961ee8f79bc544acac\windows-amd64\native-platform.dll
0x00007ffc17f60000 - 0x00007ffc17fd8000 	C:\Users\prith\.gradle\native\0.2.7\x86_64-windows-gnu\gradle-fileevents.dll
0x00007ffc59ed0000 - 0x00007ffc59eda000 	C:\Users\prith\.vscode\extensions\redhat.java-1.53.0-win32-x64\jre\21.0.10-win32-x86_64\bin\management.dll
0x00007ffc1b330000 - 0x00007ffc1b33c000 	C:\Users\prith\.vscode\extensions\redhat.java-1.53.0-win32-x64\jre\21.0.10-win32-x86_64\bin\management_ext.dll
0x00007ffd10960000 - 0x00007ffd10968000 	C:\WINDOWS\System32\PSAPI.DLL
0x00007ffd0c6d0000 - 0x00007ffd0c704000 	C:\WINDOWS\SYSTEM32\IPHLPAPI.DLL
0x00007ffd10b60000 - 0x00007ffd10b6a000 	C:\WINDOWS\System32\NSI.dll
0x00007ffc1b310000 - 0x00007ffc1b319000 	C:\Users\prith\.vscode\extensions\redhat.java-1.53.0-win32-x64\jre\21.0.10-win32-x86_64\bin\extnet.dll
0x00007ffd0d4b0000 - 0x00007ffd0d4cb000 	C:\WINDOWS\SYSTEM32\CRYPTSP.dll
0x00007ffd0cb30000 - 0x00007ffd0cb6b000 	C:\WINDOWS\system32\rsaenh.dll
0x00007ffd0d290000 - 0x00007ffd0d2bb000 	C:\WINDOWS\SYSTEM32\USERENV.dll
0x00007ffd0dc80000 - 0x00007ffd0dca6000 	C:\WINDOWS\SYSTEM32\bcrypt.dll
0x00007ffd0d4a0000 - 0x00007ffd0d4ac000 	C:\WINDOWS\SYSTEM32\CRYPTBASE.dll
0x00007ffc1b320000 - 0x00007ffc1b32e000 	C:\Users\prith\.vscode\extensions\redhat.java-1.53.0-win32-x64\jre\21.0.10-win32-x86_64\bin\sunmscapi.dll
0x00007ffd0df60000 - 0x00007ffd0e0d7000 	C:\WINDOWS\System32\CRYPT32.dll
0x00007ffd0d6c0000 - 0x00007ffd0d6f0000 	C:\WINDOWS\SYSTEM32\ncrypt.dll
0x00007ffd0d670000 - 0x00007ffd0d6af000 	C:\WINDOWS\SYSTEM32\NTASN1.dll
0x00007ffcf5870000 - 0x00007ffcf5878000 	C:\WINDOWS\system32\wshunix.dll
0x00007ffce5980000 - 0x00007ffce5998000 	C:\WINDOWS\system32\napinsp.dll
0x00007ffd0c710000 - 0x00007ffd0c836000 	C:\WINDOWS\SYSTEM32\DNSAPI.dll
0x00007ffc78a90000 - 0x00007ffc78aa2000 	C:\WINDOWS\System32\winrnr.dll
0x00007ffc78a60000 - 0x00007ffc78a88000 	C:\WINDOWS\system32\nlansp_c.dll
0x00007ffd030b0000 - 0x00007ffd030c6000 	C:\WINDOWS\system32\wshbth.dll
0x00007ffd046d0000 - 0x00007ffd046db000 	C:\Windows\System32\rasadhlp.dll
0x00007ffd04f60000 - 0x00007ffd04fe6000 	C:\WINDOWS\System32\fwpuclnt.dll

JVMTI agents:
C:\Users\prith\.gradle\wrapper\dists\gradle-8.14-all\c2qonpi39x1mddn7hk5gh9iqj\gradle-8.14\lib\agents\gradle-instrumentation-agent-8.14.jar path:C:\Users\prith\.vscode\extensions\redhat.java-1.53.0-win32-x64\jre\21.0.10-win32-x86_64\bin\instrument.dll, loaded, initialized, instrumentlib options:none

dbghelp: loaded successfully - version: 4.0.5 - missing functions: none
symbol engine: initialized successfully - sym options: 0x614 - pdb path: .;C:\Users\prith\.vscode\extensions\redhat.java-1.53.0-win32-x64\jre\21.0.10-win32-x86_64\bin;C:\WINDOWS\SYSTEM32;C:\WINDOWS\WinSxS\amd64_microsoft.windows.common-controls_6595b64144ccf1df_6.0.26100.6725_none_3e085828e334708b;C:\Users\prith\.vscode\extensions\redhat.java-1.53.0-win32-x64\jre\21.0.10-win32-x86_64\bin\server;C:\Users\prith\.gradle\native\1def1411415f61bf3af743bc5b6707747c0891f09f0c88961ee8f79bc544acac\windows-amd64;C:\Users\prith\.gradle\native\0.2.7\x86_64-windows-gnu

VM Arguments:
jvm_args: --add-opens=java.base/java.lang=ALL-UNNAMED --add-opens=java.base/java.lang.invoke=ALL-UNNAMED --add-opens=java.base/java.util=ALL-UNNAMED --add-opens=java.prefs/java.util.prefs=ALL-UNNAMED --add-exports=jdk.compiler/com.sun.tools.javac.api=ALL-UNNAMED --add-exports=jdk.compiler/com.sun.tools.javac.util=ALL-UNNAMED --add-opens=java.base/java.util=ALL-UNNAMED --add-opens=java.prefs/java.util.prefs=ALL-UNNAMED --add-opens=java.base/java.nio.charset=ALL-UNNAMED --add-opens=java.base/java.net=ALL-UNNAMED --add-opens=java.base/java.util.concurrent.atomic=ALL-UNNAMED --add-opens=java.xml/javax.xml.namespace=ALL-UNNAMED -XX:MaxMetaspaceSize=4G -XX:ReservedCodeCacheSize=512m -XX:+HeapDumpOnOutOfMemoryError -Xmx8G -Dfile.encoding=UTF-8 -Duser.country=IN -Duser.language=en -Duser.variant -javaagent:C:\Users\prith\.gradle\wrapper\dists\gradle-8.14-all\c2qonpi39x1mddn7hk5gh9iqj\gradle-8.14\lib\agents\gradle-instrumentation-agent-8.14.jar 
java_command: org.gradle.launcher.daemon.bootstrap.GradleDaemon 8.14
java_class_path (initial): C:\Users\prith\.gradle\wrapper\dists\gradle-8.14-all\c2qonpi39x1mddn7hk5gh9iqj\gradle-8.14\lib\gradle-daemon-main-8.14.jar
Launcher Type: SUN_STANDARD

[Global flags]
     intx CICompilerCount                          = 4                                         {product} {ergonomic}
     uint ConcGCThreads                            = 3                                         {product} {ergonomic}
     uint G1ConcRefinementThreads                  = 10                                        {product} {ergonomic}
   size_t G1HeapRegionSize                         = 4194304                                   {product} {ergonomic}
    uintx GCDrainStackTargetSize                   = 64                                        {product} {ergonomic}
     bool HeapDumpOnOutOfMemoryError               = true                                   {manageable} {command line}
   size_t InitialHeapSize                          = 264241152                                 {product} {ergonomic}
   size_t MarkStackSize                            = 4194304                                   {product} {ergonomic}
   size_t MaxHeapSize                              = 8589934592                                {product} {command line}
   size_t MaxMetaspaceSize                         = 4294967296                                {product} {command line}
   size_t MaxNewSize                               = 5150605312                                {product} {ergonomic}
   size_t MinHeapDeltaBytes                        = 4194304                                   {product} {ergonomic}
   size_t MinHeapSize                              = 8388608                                   {product} {ergonomic}
    uintx NonNMethodCodeHeapSize                   = 5839372                                {pd product} {ergonomic}
    uintx NonProfiledCodeHeapSize                  = 265515770                              {pd product} {ergonomic}
    uintx ProfiledCodeHeapSize                     = 265515770                              {pd product} {ergonomic}
    uintx ReservedCodeCacheSize                    = 536870912                              {pd product} {command line}
     bool SegmentedCodeCache                       = true                                      {product} {ergonomic}
   size_t SoftMaxHeapSize                          = 8589934592                             {manageable} {ergonomic}
     bool UseCompressedOops                        = true                           {product lp64_product} {ergonomic}
     bool UseG1GC                                  = true                                      {product} {ergonomic}
     bool UseLargePagesIndividualAllocation        = false                                  {pd product} {ergonomic}

Logging:
Log output configuration:
 #0: stdout all=warning uptime,level,tags foldmultilines=false
 #1: stderr all=off uptime,level,tags foldmultilines=false

Release file:
JAVA_VERSION="21.0.10" 
MODULES="java.base java.compiler java.datatransfer java.xml java.prefs java.desktop java.instrument java.logging java.management java.security.sasl java.naming java.rmi java.management.rmi java.net.http java.scripting java.security.jgss java.transaction.xa java.sql java.sql.rowset java.xml.crypto java.se java.smartcardio jdk.accessibility jdk.internal.jvmstat jdk.attach jdk.charsets jdk.internal.opt jdk.zipfs jdk.compiler jdk.crypto.ec jdk.crypto.cryptoki jdk.crypto.mscapi jdk.dynalink jdk.internal.ed jdk.editpad jdk.hotspot.agent jdk.httpserver jdk.internal.le jdk.internal.vm.ci jdk.internal.vm.compiler jdk.internal.vm.compiler.management jdk.jartool jdk.javadoc jdk.jcmd jdk.management jdk.management.agent jdk.jconsole jdk.jdeps jdk.jdwp.agent jdk.jdi jdk.jfr jdk.jshell jdk.jsobject jdk.jstatd jdk.localedata jdk.management.jfr jdk.naming.dns jdk.naming.rmi jdk.net jdk.nio.mapmode jdk.random jdk.sctp jdk.security.auth jdk.security.jgss jdk.unsupported jdk.unsupported.desktop jdk.xml.dom" 

Environment Variables:
PATH=C:\Users\prith\AppData\Local\Programs\Microsoft VS Code;C:\Program Files\Common Files\Oracle\Java\javapath;C:\windows\system32;C:\windows;C:\windows\System32\Wbem;C:\windows\System32\WindowsPowerShell\v1.0\;C:\windows\System32\OpenSSH\;C:\Program Files (x86)\NVIDIA Corporation\PhysX\Common;C:\Program Files\NVIDIA Corporation\NVIDIA NvDLISR;C:\Users\Administrator\AppData\Local\Microsoft\WindowsApps;C:\Program Files\HP\OMEN-Broadcast\Common;C:\WINDOWS\system32;C:\WINDOWS;C:\WINDOWS\System32\Wbem;C:\WINDOWS\System32\WindowsPowerShell\v1.0\;C:\WINDOWS\System32\OpenSSH\;C:\Program Files\HP\HP One Agent;C:\Program Files\dotnet\;C:\Program Files\Git\cmd;C:\Program Files\nodejs\;C:\Program Files\Microsoft SQL Server\170\Tools\Binn\;C:\Program Files\Microsoft SQL Server\Client SDK\ODBC\170\Tools\Binn\;C:\Users\prith\AppData\Local\Programs\Python\Python313\Scripts\;C:\Users\prith\AppData\Local\Programs\Python\Python313\;C:\Users\prith\AppData\Local\Programs\Python\Launcher\;C:\Users\prith\AppData\Local\Programs\Python\Python312\Scripts\;C:\Users\prith\AppData\Local\Programs\Python\Python312\;C:\Users\prith\AppData\Local\Programs\Python\Python310\Scripts\;C:\Users\prith\AppData\Local\Programs\Python\Python310\;C:\Users\prith\AppData\Local\Microsoft\WindowsApps;C:\Program Files\JetBrains\PyCharm Community Edition 2025.1.2\bin;;C:\Users\prith\AppData\Local\Microsoft\WinGet\Packages\yt-dlp.yt-dlp_Microsoft.Winget.Source_8wekyb3d8bbwe;C:\Users\prith\AppData\Local\Microsoft\WinGet\Packages\Gyan.FFmpeg_Microsoft.Winget.Source_8wekyb3d8bbwe\ffmpeg-7.1.1-full_build\bin;C:\Users\prith\AppData\Local\Programs\Antigravity\bin;C:\Users\prith\AppData\Roaming\npm;C:\Users\prith\Documents\prithvi\hackathon\flutter\bin;C:\Users\prith\.dotnet\tools;C:\Users\prith\AppData\Local\Programs\Microsoft VS Code\bin
USERNAME=prith
OS=Windows_NT
PROCESSOR_IDENTIFIER=Intel64 Family 6 Model 186 Stepping 2, GenuineIntel
TMP=C:\Users\prith\AppData\Local\Temp
TEMP=C:\Users\prith\AppData\Local\Temp




Periodic native trim disabled

---------------  S Y S T E M  ---------------

OS:
 Windows 11 , 64 bit Build 26100 (10.0.26100.6725)
OS uptime: 0 days 0:36 hours

CPU: total 12 (initial active 12) (6 cores per cpu, 2 threads per core) family 6 model 186 stepping 2 microcode 0x4128, cx8, cmov, fxsr, ht, mmx, 3dnowpref, sse, sse2, sse3, ssse3, sse4.1, sse4.2, popcnt, lzcnt, tsc, tscinvbit, avx, avx2, aes, erms, clmul, bmi1, bmi2, adx, sha, fma, vzeroupper, clflush, clflushopt, clwb, serialize, rdtscp, rdpid, fsrm, f16c, pku, cet_ibt, cet_ss
Processor Information for processor 0
  Max Mhz: 2100, Current Mhz: 2100, Mhz Limit: 2100
Processor Information for processor 1
  Max Mhz: 2100, Current Mhz: 2100, Mhz Limit: 2100
Processor Information for processor 2
  Max Mhz: 2100, Current Mhz: 2100, Mhz Limit: 2100
Processor Information for processor 3
  Max Mhz: 2100, Current Mhz: 2100, Mhz Limit: 2100
Processor Information for processor 4
  Max Mhz: 2100, Current Mhz: 2100, Mhz Limit: 2100
Processor Information for processor 5
  Max Mhz: 2100, Current Mhz: 2100, Mhz Limit: 2100
Processor Information for processor 6
  Max Mhz: 2100, Current Mhz: 2100, Mhz Limit: 2100
Processor Information for processor 7
  Max Mhz: 2100, Current Mhz: 2100, Mhz Limit: 2100
Processor Information for processor 8
  Max Mhz: 2100, Current Mhz: 1540, Mhz Limit: 2100
Processor Information for processor 9
  Max Mhz: 2100, Current Mhz: 2100, Mhz Limit: 2100
Processor Information for processor 10
  Max Mhz: 2100, Current Mhz: 2100, Mhz Limit: 2100
Processor Information for processor 11
  Max Mhz: 2100, Current Mhz: 1540, Mhz Limit: 2100

Memory: 4k page, system-wide physical 16024M (4971M free)
TotalPageFile size 16024M (AvailPageFile size 4M)
current process WorkingSet (physical memory assigned to process): 609M, peak: 624M
current process commit charge ("private bytes"): 652M, peak: 676M

vm_info: OpenJDK 64-Bit Server VM (21.0.10+7-LTS) for windows-amd64 JRE (21.0.10+7-LTS), built on 2026-01-20T00:00:00Z by "admin" with MS VC++ 17.12 (VS2022)

END.
